<?xml version="1.0" encoding="utf-8"?>
<TestRun id="7b9e4f4b-5714-42b5-be96-891dd38042bd" name="Mohammad Shamsololam@DESKTOP-U1R5ISO 2026-06-25 19:06:29" runUser="DESKTOP-U1R5ISO\Mohammad Shamsololam" xmlns="http://microsoft.com/schemas/VisualStudio/TeamTest/2010">
  <Times creation="2026-06-25T19:06:29.4512003+03:30" queuing="2026-06-25T19:06:29.4512009+03:30" start="2026-06-25T19:06:28.0878282+03:30" finish="2026-06-25T19:06:31.6299014+03:30" />
  <TestSettings name="default" id="7173a6f7-f8f4-4a30-a192-12b8b38e20d0">
    <Deployment runDeploymentRoot="Mohammad_Shamsololam_DESKTOP-U1R5ISO_2026-06-25_19_06_29" />
  </TestSettings>
  <Results>
    <UnitTestResult executionId="586b5bf9-2db1-4200-ad4e-143c8d29f10c" testId="2a33a864-20a5-7275-7792-fe32bb42d6fc" testName="PetroProcure.UnitTests.Domain.WarehouseReceiptTests.ApprovedReceiptIsReadOnly" computerName="DESKTOP-U1R5ISO" duration="00:00:00.0191663" startTime="2026-06-25T19:06:29.4914132+03:30" endTime="2026-06-25T19:06:29.4914133+03:30" testType="13cdc9d9-ddb5-4fa4-a97d-d965ccfc6d4b" outcome="Passed" testListId="8c84fa94-04c1-424b-9868-57a2d4851a1d" relativeResultsDirectory="586b5bf9-2db1-4200-ad4e-143c8d29f10c" />
    <UnitTestResult executionId="8807f9d3-b1e8-4983-86a8-3327761cf848" testId="1a7ca69c-7f12-7153-bed9-96a019753472" testName="PetroProcure.UnitTests.Domain.TenderCommissionSessionTests.Approved_session_is_read_only" computerName="DESKTOP-U1R5ISO" duration="00:00:00.0021388" startTime="2026-06-25T19:06:29.4979331+03:30" endTime="2026-06-25T19:06:29.4979332+03:30" testType="13cdc9d9-ddb5-4fa4-a97d-d965ccfc6d4b" outcome="Passed" testListId="8c84fa94-04c1-424b-9868-57a2d4851a1d" relativeResultsDirectory="8807f9d3-b1e8-4983-86a8-3327761cf848" />
    <UnitTestResult executionId="fb9fc547-dafe-4504-ac8e-85c9976ea141" testId="aa94e0f3-25cd-4e89-329f-6dc844cfec78" testName="PetroProcure.UnitTests.Domain.PurchaseOrderTests.Item_snapshot_values_are_stored" computerName="DESKTOP-U1R5ISO" duration="00:00:00.0003678" startTime="2026-06-25T19:06:29.4938684+03:30" endTime="2026-06-25T19:06:29.4938684+03:30" testType="13cdc9d9-ddb5-4fa4-a97d-d965ccfc6d4b" outcome="Passed" testListId="8c84fa94-04c1-424b-9868-57a2d4851a1d" relativeResultsDirectory="fb9fc547-dafe-4504-ac8e-85c9976ea141" />
    <UnitTestResult executionId="7aa87958-e143-4fdf-a9ff-59d65e6fbb1a" testId="994d4bbb-1fc2-f40e-5084-4dd1ed8b25f6" testName="PetroProcure.UnitTests.Domain.LegalRuleTests.EditingActiveRuleCreatesDraftVersion" computerName="DESKTOP-U1R5ISO" duration="00:00:00.0040476" startTime="2026-06-25T19:06:29.4775607+03:30" endTime="2026-06-25T19:06:29.4775609+03:30" testType="13cdc9d9-ddb5-4fa4-a97d-d965ccfc6d4b" outcome="Passed" testListId="8c84fa94-04c1-424b-9868-57a2d4851a1d" relativeResultsDirectory="7aa87958-e143-4fdf-a9ff-59d65e6fbb1a" />
    <UnitTestResult executionId="29f28653-66ae-4501-a150-a6da40f9b35f" testId="03886807-348c-acdc-2ccd-6ba7ec06c07f" testName="PetroProcure.UnitTests.Application.IndentModuleTests.GeneratesValidIndentNumber(typeDigit: 3, expected: &quot;2630001&quot;, expectedType: Manual)" computerName="DESKTOP-U1R5ISO" duration="00:00:00.0003971" startTime="2026-06-25T19:06:29.4336559+03:30" endTime="2026-06-25T19:06:29.4336559+03:30" testType="13cdc9d9-ddb5-4fa4-a97d-d965ccfc6d4b" outcome="Passed" testListId="8c84fa94-04c1-424b-9868-57a2d4851a1d" relativeResultsDirectory="29f28653-66ae-4501-a150-a6da40f9b35f" />
    <UnitTestResult executionId="82ebfdf0-373a-4787-a16a-e703a747045b" testId="2c16d96a-fd87-5b48-b80c-34214eb8afd4" testName="PetroProcure.UnitTests.Web.SupplierWebUiTests.Supplier_list_page_is_registered" computerName="DESKTOP-U1R5ISO" duration="00:00:00.0006267" startTime="2026-06-25T19:06:29.4897281+03:30" endTime="2026-06-25T19:06:29.4897281+03:30" testType="13cdc9d9-ddb5-4fa4-a97d-d965ccfc6d4b" outcome="Passed" testListId="8c84fa94-04c1-424b-9868-57a2d4851a1d" relativeResultsDirectory="82ebfdf0-373a-4787-a16a-e703a747045b" />
    <UnitTestResult executionId="ebefe2b7-2617-4e26-9cac-7fc6936f26a2" testId="1ec2690c-341d-7236-907f-96d54a1c8c76" testName="PetroProcure.UnitTests.Application.WorkflowActionMatrixTests.ExecuteActionChangesStatusDepartmentAndCreatesStep" computerName="DESKTOP-U1R5ISO" duration="00:00:00.0010810" startTime="2026-06-25T19:06:29.4911388+03:30" endTime="2026-06-25T19:06:29.4911390+03:30" testType="13cdc9d9-ddb5-4fa4-a97d-d965ccfc6d4b" outcome="Passed" testListId="8c84fa94-04c1-424b-9868-57a2d4851a1d" relativeResultsDirectory="ebefe2b7-2617-4e26-9cac-7fc6936f26a2" />
    <UnitTestResult executionId="cef86abc-9374-4256-8bb7-d8320805256e" testId="8951d82a-0a5b-63d8-b5b6-391e2a0dd8e4" testName="PetroProcure.UnitTests.Web.IndentWebUiTests.Unauthorized_approve_action_is_hidden" computerName="DESKTOP-U1R5ISO" duration="00:00:00.0003647" startTime="2026-06-25T19:06:29.4593700+03:30" endTime="2026-06-25T19:06:29.4593701+03:30" testType="13cdc9d9-ddb5-4fa4-a97d-d965ccfc6d4b" outcome="Passed" testListId="8c84fa94-04c1-424b-9868-57a2d4851a1d" relativeResultsDirectory="cef86abc-9374-4256-8bb7-d8320805256e" />
    <UnitTestResult executionId="55940a0e-96a4-40cc-a871-cb8be2080c41" testId="bc1714b3-9c57-c259-1025-5b38663bdd82" testName="PetroProcure.UnitTests.Application.WorkflowModuleTests.SendingPurchaseFileCreatesTaskChangesDepartmentAndTimeline" computerName="DESKTOP-U1R5ISO" duration="00:00:00.0087027" startTime="2026-06-25T19:06:29.4980933+03:30" endTime="2026-06-25T19:06:29.4980934+03:30" testType="13cdc9d9-ddb5-4fa4-a97d-d965ccfc6d4b" outcome="Passed" testListId="8c84fa94-04c1-424b-9868-57a2d4851a1d" relativeResultsDirectory="55940a0e-96a4-40cc-a871-cb8be2080c41" />
    <UnitTestResult executionId="a3c69aab-abf2-4317-aa4d-fc413d76ced1" testId="85bb9c7e-a2fe-9f0c-ae11-8bfe63527445" testName="PetroProcure.UnitTests.Domain.InquiryTests.Inquiry_supplier_keeps_snapshot_values" computerName="DESKTOP-U1R5ISO" duration="00:00:00.0002530" startTime="2026-06-25T19:06:29.4384938+03:30" endTime="2026-06-25T19:06:29.4384938+03:30" testType="13cdc9d9-ddb5-4fa4-a97d-d965ccfc6d4b" outcome="Passed" testListId="8c84fa94-04c1-424b-9868-57a2d4851a1d" relativeResultsDirectory="a3c69aab-abf2-4317-aa4d-fc413d76ced1" />
    <UnitTestResult executionId="075823fb-8c2f-4e32-aec9-ebea50b633be" testId="7e01bb9f-0627-d19f-ec64-b0defe79f88f" testName="PetroProcure.UnitTests.Web.AdminWebUiTests.Roles_page_is_registered" computerName="DESKTOP-U1R5ISO" duration="00:00:00.0005555" startTime="2026-06-25T19:06:29.4798038+03:30" endTime="2026-06-25T19:06:29.4798039+03:30" testType="13cdc9d9-ddb5-4fa4-a97d-d965ccfc6d4b" outcome="Passed" testListId="8c84fa94-04c1-424b-9868-57a2d4851a1d" relativeResultsDirectory="075823fb-8c2f-4e32-aec9-ebea50b633be" />
    <UnitTestResult executionId="91b01618-72bf-4121-88e1-ba26e4f3bd4b" testId="abd726fa-590f-76bd-f28f-e21eccd7ac6c" testName="PetroProcure.UnitTests.Reporting.ReportGeneratorTests.ContractGeneratedReportUsesContractDocumentFolderAndSafeFileName" computerName="DESKTOP-U1R5ISO" duration="00:00:00.0842533" startTime="2026-06-25T19:06:31.5372461+03:30" endTime="2026-06-25T19:06:31.5372466+03:30" testType="13cdc9d9-ddb5-4fa4-a97d-d965ccfc6d4b" outcome="Passed" testListId="8c84fa94-04c1-424b-9868-57a2d4851a1d" relativeResultsDirectory="91b01618-72bf-4121-88e1-ba26e4f3bd4b" />
    <UnitTestResult executionId="e390a9a2-14b5-4e16-8987-472a51fbd156" testId="4d418a0a-1df9-f569-7267-1ea829ddda93" testName="PetroProcure.UnitTests.Application.IndentModuleTests.SnapshotDescriptionsAreSavedCorrectly" computerName="DESKTOP-U1R5ISO" duration="00:00:00.0048860" startTime="2026-06-25T19:06:29.4609676+03:30" endTime="2026-06-25T19:06:29.4609677+03:30" testType="13cdc9d9-ddb5-4fa4-a97d-d965ccfc6d4b" outcome="Passed" testListId="8c84fa94-04c1-424b-9868-57a2d4851a1d" relativeResultsDirectory="e390a9a2-14b5-4e16-8987-472a51fbd156" />
    <UnitTestResult executionId="2d3f5b64-45eb-47d2-ba39-15b13fba133c" testId="2c266dcb-5258-7cc6-2ef2-9613fa3aaed8" testName="PetroProcure.UnitTests.Domain.TenderDomainTests.Only_one_winner_can_be_selected" computerName="DESKTOP-U1R5ISO" duration="00:00:00.0206940" startTime="2026-06-25T19:06:29.4964645+03:30" endTime="2026-06-25T19:06:29.4964646+03:30" testType="13cdc9d9-ddb5-4fa4-a97d-d965ccfc6d4b" outcome="Passed" testListId="8c84fa94-04c1-424b-9868-57a2d4851a1d" relativeResultsDirectory="2d3f5b64-45eb-47d2-ba39-15b13fba133c" />
    <UnitTestResult executionId="f779c53a-7fb8-4e35-a050-747c8803ba60" testId="076953e6-19ef-eee3-ac1b-4711e67d2c61" testName="PetroProcure.UnitTests.Domain.TenderCommissionSessionTests.Winner_decision_requires_selected_bid_and_supplier" computerName="DESKTOP-U1R5ISO" duration="00:00:00.0004969" startTime="2026-06-25T19:06:29.4990307+03:30" endTime="2026-06-25T19:06:29.4990308+03:30" testType="13cdc9d9-ddb5-4fa4-a97d-d965ccfc6d4b" outcome="Passed" testListId="8c84fa94-04c1-424b-9868-57a2d4851a1d" relativeResultsDirectory="f779c53a-7fb8-4e35-a050-747c8803ba60" />
    <UnitTestResult executionId="9bf62472-6d6c-4440-a33d-e5aa34cec01a" testId="d0a47b9b-0224-f2c4-3314-d184c98c654b" testName="PetroProcure.UnitTests.Web.ContractWebUiTests.Contract_pages_are_registered(typeName: &quot;PetroProcure.Web.Components.Pages.Contracts.Contra&quot;···, route: &quot;/purchase/contracts/create&quot;)" computerName="DESKTOP-U1R5ISO" duration="00:00:00.0001570" startTime="2026-06-25T19:06:29.4347337+03:30" endTime="2026-06-25T19:06:29.4347338+03:30" testType="13cdc9d9-ddb5-4fa4-a97d-d965ccfc6d4b" outcome="Passed" testListId="8c84fa94-04c1-424b-9868-57a2d4851a1d" relativeResultsDirectory="9bf62472-6d6c-4440-a33d-e5aa34cec01a" />
    <UnitTestResult executionId="fbde11b6-6295-4629-b44b-84f63fb4c808" testId="eda333de-19f3-54cc-d0b7-894f70a0d1b1" testName="PetroProcure.UnitTests.Web.ContractWebUiTests.Contract_status_text_is_persian" computerName="DESKTOP-U1R5ISO" duration="00:00:00.0002624" startTime="2026-06-25T19:06:29.4400919+03:30" endTime="2026-06-25T19:06:29.4400921+03:30" testType="13cdc9d9-ddb5-4fa4-a97d-d965ccfc6d4b" outcome="Passed" testListId="8c84fa94-04c1-424b-9868-57a2d4851a1d" relativeResultsDirectory="fbde11b6-6295-4629-b44b-84f63fb4c808" />
    <UnitTestResult executionId="50c5cb72-e481-424e-b0b8-8e0e894d7048" testId="e6b0343f-e780-1cb0-2bc7-8276a6723562" testName="PetroProcure.UnitTests.Application.PurchaseOrderNumberServiceTests.Generates_valid_purchase_order_number_format" computerName="DESKTOP-U1R5ISO" duration="00:00:00.0115496" startTime="2026-06-25T19:06:29.4122741+03:30" endTime="2026-06-25T19:06:29.4122742+03:30" testType="13cdc9d9-ddb5-4fa4-a97d-d965ccfc6d4b" outcome="Passed" testListId="8c84fa94-04c1-424b-9868-57a2d4851a1d" relativeResultsDirectory="50c5cb72-e481-424e-b0b8-8e0e894d7048" />
    <UnitTestResult executionId="d54fe43b-7bf9-4c07-aa0d-19e79280b157" testId="34f5e08c-631f-bf98-e6f9-87dc40ec0d79" testName="PetroProcure.UnitTests.Domain.TenderCommissionSessionTests.Session_number_generation_uses_expected_format" computerName="DESKTOP-U1R5ISO" duration="00:00:00.0009913" startTime="2026-06-25T19:06:29.4976415+03:30" endTime="2026-06-25T19:06:29.4976415+03:30" testType="13cdc9d9-ddb5-4fa4-a97d-d965ccfc6d4b" outcome="Passed" testListId="8c84fa94-04c1-424b-9868-57a2d4851a1d" relativeResultsDirectory="d54fe43b-7bf9-4c07-aa0d-19e79280b157" />
    <UnitTestResult executionId="bdc30559-92b2-43bd-a5bd-0a70ee77f61f" testId="de710a17-6903-056d-58c9-5da243391289" testName="PetroProcure.UnitTests.Web.InquiryWebUiTests.Inquiry_from_purchase_file_page_is_registered" computerName="DESKTOP-U1R5ISO" duration="00:00:00.0002684" startTime="2026-06-25T19:06:29.4778721+03:30" endTime="2026-06-25T19:06:29.4778722+03:30" testType="13cdc9d9-ddb5-4fa4-a97d-d965ccfc6d4b" outcome="Passed" testListId="8c84fa94-04c1-424b-9868-57a2d4851a1d" relativeResultsDirectory="bdc30559-92b2-43bd-a5bd-0a70ee77f61f" />
    <UnitTestResult executionId="3617b3ed-81f6-46a7-9027-2ecfaf1b7667" testId="839eb82c-22ca-b2a9-54cb-7505862c55cf" testName="PetroProcure.UnitTests.Reporting.ReportGeneratorTests.GeneratedReportCanBeSavedIntoRootFolderRepository" computerName="DESKTOP-U1R5ISO" duration="00:00:00.0849623" startTime="2026-06-25T19:06:31.4523999+03:30" endTime="2026-06-25T19:06:31.4524006+03:30" testType="13cdc9d9-ddb5-4fa4-a97d-d965ccfc6d4b" outcome="Passed" testListId="8c84fa94-04c1-424b-9868-57a2d4851a1d" relativeResultsDirectory="3617b3ed-81f6-46a7-9027-2ecfaf1b7667" />
    <UnitTestResult executionId="bc783746-2e47-494e-9a76-64f4d25e8d8a" testId="6ccf2828-f722-4936-5c33-6ca433b3b720" testName="PetroProcure.UnitTests.Infrastructure.FileStorageServiceTests.RejectsDisallowedExtension" computerName="DESKTOP-U1R5ISO" duration="00:00:00.0132490" startTime="2026-06-25T19:06:29.6685002+03:30" endTime="2026-06-25T19:06:29.6685007+03:30" testType="13cdc9d9-ddb5-4fa4-a97d-d965ccfc6d4b" outcome="Passed" testListId="8c84fa94-04c1-424b-9868-57a2d4851a1d" relativeResultsDirectory="bc783746-2e47-494e-9a76-64f4d25e8d8a" />
    <UnitTestResult executionId="8889601d-d73f-4d14-bb79-7df39f1779e3" testId="73782d37-0a1b-b5d5-5762-07b89b867d50" testName="PetroProcure.UnitTests.Infrastructure.FileStorageServiceTests.SoftDeleteDoesNotRemovePhysicalFile" computerName="DESKTOP-U1R5ISO" duration="00:00:00.0465724" startTime="2026-06-25T19:06:29.6336299+03:30" endTime="2026-06-25T19:06:29.6336303+03:30" testType="13cdc9d9-ddb5-4fa4-a97d-d965ccfc6d4b" outcome="Passed" testListId="8c84fa94-04c1-424b-9868-57a2d4851a1d" relativeResultsDirectory="8889601d-d73f-4d14-bb79-7df39f1779e3" />
    <UnitTestResult executionId="c86a7e00-a195-4c2f-a91a-0753b4144dc5" testId="454921fd-3398-3ec0-1884-4ba3800128c6" testName="PetroProcure.UnitTests.Domain.SupplierTests.Only_one_primary_active_contact_is_allowed" computerName="DESKTOP-U1R5ISO" duration="00:00:00.0116480" startTime="2026-06-25T19:06:29.4620839+03:30" endTime="2026-06-25T19:06:29.4620840+03:30" testType="13cdc9d9-ddb5-4fa4-a97d-d965ccfc6d4b" outcome="Passed" testListId="8c84fa94-04c1-424b-9868-57a2d4851a1d" relativeResultsDirectory="c86a7e00-a195-4c2f-a91a-0753b4144dc5" />
    <UnitTestResult executionId="5057cce6-7409-47dc-a9a6-f471edc7b53e" testId="5079254d-3b05-3bb4-2770-5d3246896244" testName="PetroProcure.UnitTests.Application.PurchaseFileModuleTests.CreatesPurchaseFileFromApprovedIndentAndCopiesSnapshots" computerName="DESKTOP-U1R5ISO" duration="00:00:00.0166363" startTime="2026-06-25T19:06:29.4621434+03:30" endTime="2026-06-25T19:06:29.4621434+03:30" testType="13cdc9d9-ddb5-4fa4-a97d-d965ccfc6d4b" outcome="Passed" testListId="8c84fa94-04c1-424b-9868-57a2d4851a1d" relativeResultsDirectory="5057cce6-7409-47dc-a9a6-f471edc7b53e" />
    <UnitTestResult executionId="df0a8711-c825-4730-b376-45ed12dc41a3" testId="8593bc08-9b3c-9d15-2920-bb2159730aaf" testName="PetroProcure.UnitTests.Web.InboxWebUiTests.Complete_action_is_hidden_for_task_assigned_to_another_user" computerName="DESKTOP-U1R5ISO" duration="00:00:00.0004449" startTime="2026-06-25T19:06:29.4305729+03:30" endTime="2026-06-25T19:06:29.4305729+03:30" testType="13cdc9d9-ddb5-4fa4-a97d-d965ccfc6d4b" outcome="Passed" testListId="8c84fa94-04c1-424b-9868-57a2d4851a1d" relativeResultsDirectory="df0a8711-c825-4730-b376-45ed12dc41a3" />
    <UnitTestResult executionId="3d4e31ad-e1af-41df-b452-a4bb95706419" testId="a90e0b5f-742b-b947-c860-900933388722" testName="PetroProcure.UnitTests.Domain.TenderCommissionSessionTests.Session_cannot_be_approved_without_minute_or_decision" computerName="DESKTOP-U1R5ISO" duration="00:00:00.0086569" startTime="2026-06-25T19:06:29.4967846+03:30" endTime="2026-06-25T19:06:29.4967846+03:30" testType="13cdc9d9-ddb5-4fa4-a97d-d965ccfc6d4b" outcome="Passed" testListId="8c84fa94-04c1-424b-9868-57a2d4851a1d" relativeResultsDirectory="3d4e31ad-e1af-41df-b452-a4bb95706419" />
    <UnitTestResult executionId="96e4b9b3-94c3-49a5-ac39-6d6f7a41192e" testId="494e09a2-bcfb-e727-6459-032870238e95" testName="PetroProcure.UnitTests.Domain.SupplierTests.Supplier_category_assignment_works" computerName="DESKTOP-U1R5ISO" duration="00:00:00.0016381" startTime="2026-06-25T19:06:29.4628126+03:30" endTime="2026-06-25T19:06:29.4628127+03:30" testType="13cdc9d9-ddb5-4fa4-a97d-d965ccfc6d4b" outcome="Passed" testListId="8c84fa94-04c1-424b-9868-57a2d4851a1d" relativeResultsDirectory="96e4b9b3-94c3-49a5-ac39-6d6f7a41192e" />
    <UnitTestResult executionId="a1b96f47-1a0d-48bd-a6a3-ddbe23d347a2" testId="5baed8b2-b49b-86b5-fa29-887304adec0f" testName="PetroProcure.UnitTests.Domain.LegalRuleTests.OldEvaluationsKeepOriginalRuleVersion" computerName="DESKTOP-U1R5ISO" duration="00:00:00.0051239" startTime="2026-06-25T19:06:29.4397988+03:30" endTime="2026-06-25T19:06:29.4397989+03:30" testType="13cdc9d9-ddb5-4fa4-a97d-d965ccfc6d4b" outcome="Passed" testListId="8c84fa94-04c1-424b-9868-57a2d4851a1d" relativeResultsDirectory="a1b96f47-1a0d-48bd-a6a3-ddbe23d347a2" />
    <UnitTestResult executionId="6c40cfc9-cfbf-4c8e-afaa-e6209022dfab" testId="2fcf2a59-7b0c-dae6-96af-1b0d8cff5b55" testName="PetroProcure.UnitTests.Security.UserDepartmentTests.Constructor_AssignsUserProfileToDepartment" computerName="DESKTOP-U1R5ISO" duration="00:00:00.0147741" startTime="2026-06-25T19:06:29.4307737+03:30" endTime="2026-06-25T19:06:29.4307737+03:30" testType="13cdc9d9-ddb5-4fa4-a97d-d965ccfc6d4b" outcome="Passed" testListId="8c84fa94-04c1-424b-9868-57a2d4851a1d" relativeResultsDirectory="6c40cfc9-cfbf-4c8e-afaa-e6209022dfab" />
    <UnitTestResult executionId="12c0c6e6-50d7-445b-9d4e-0e717fb961cc" testId="61dd9380-8279-e606-214f-030cd9e40d8b" testName="PetroProcure.UnitTests.AI.AiFoundationTests.ContextBuilderGroupingGroupsMescItemsCorrectly" computerName="DESKTOP-U1R5ISO" duration="00:00:00.0244784" startTime="2026-06-25T19:06:29.4940332+03:30" endTime="2026-06-25T19:06:29.4940333+03:30" testType="13cdc9d9-ddb5-4fa4-a97d-d965ccfc6d4b" outcome="Passed" testListId="8c84fa94-04c1-424b-9868-57a2d4851a1d" relativeResultsDirectory="12c0c6e6-50d7-445b-9d4e-0e717fb961cc" />
    <UnitTestResult executionId="44e3b335-c876-4a29-b700-94e183fb3641" testId="340acccb-31c6-e324-1483-eebfd33bc559" testName="PetroProcure.UnitTests.Domain.OrdersTests.Material_need_indent_source_display_text_is_generated" computerName="DESKTOP-U1R5ISO" duration="00:00:00.0004612" startTime="2026-06-25T19:06:29.4606672+03:30" endTime="2026-06-25T19:06:29.4606673+03:30" testType="13cdc9d9-ddb5-4fa4-a97d-d965ccfc6d4b" outcome="Passed" testListId="8c84fa94-04c1-424b-9868-57a2d4851a1d" relativeResultsDirectory="44e3b335-c876-4a29-b700-94e183fb3641" />
    <UnitTestResult executionId="5a3367df-a42a-4e6a-9386-16be315326ba" testId="71a75fe6-e16a-6c3a-8753-89a05ba0c87b" testName="PetroProcure.UnitTests.Domain.OrdersTests.Approved_material_need_can_be_converted_to_indent" computerName="DESKTOP-U1R5ISO" duration="00:00:00.0122913" startTime="2026-06-25T19:06:29.4881414+03:30" endTime="2026-06-25T19:06:29.4881415+03:30" testType="13cdc9d9-ddb5-4fa4-a97d-d965ccfc6d4b" outcome="Passed" testListId="8c84fa94-04c1-424b-9868-57a2d4851a1d" relativeResultsDirectory="5a3367df-a42a-4e6a-9386-16be315326ba" />
    <UnitTestResult executionId="2e920c8c-57e4-49c8-bc1d-538df18ddb73" testId="b8f74f91-25a0-8434-e6eb-2320f86f827f" testName="PetroProcure.UnitTests.Reporting.ReportGeneratorTests.ReportGeneratorCreatesPdfBytes" computerName="DESKTOP-U1R5ISO" duration="00:00:00.0712859" startTime="2026-06-25T19:06:31.1623582+03:30" endTime="2026-06-25T19:06:31.1623586+03:30" testType="13cdc9d9-ddb5-4fa4-a97d-d965ccfc6d4b" outcome="Passed" testListId="8c84fa94-04c1-424b-9868-57a2d4851a1d" relativeResultsDirectory="2e920c8c-57e4-49c8-bc1d-538df18ddb73" />
    <UnitTestResult executionId="93954cc8-1da0-4b6f-bb23-d97e7cdc9911" testId="86cedf42-383a-cb08-d0a8-ff02b67ebbf6" testName="PetroProcure.UnitTests.Reporting.ReportGeneratorTests.PurchaseFileReportDataContainsGroupedMescItems" computerName="DESKTOP-U1R5ISO" duration="00:00:00.0016445" startTime="2026-06-25T19:06:30.9817381+03:30" endTime="2026-06-25T19:06:30.9817383+03:30" testType="13cdc9d9-ddb5-4fa4-a97d-d965ccfc6d4b" outcome="Passed" testListId="8c84fa94-04c1-424b-9868-57a2d4851a1d" relativeResultsDirectory="93954cc8-1da0-4b6f-bb23-d97e7cdc9911" />
    <UnitTestResult executionId="5eb971e8-4f8e-4340-8365-0f5570d4e5c9" testId="4ab35ae7-e54b-dcd2-ba84-d580c2c27149" testName="PetroProcure.UnitTests.Domain.SupplierTests.Status_changes_work" computerName="DESKTOP-U1R5ISO" duration="00:00:00.0056041" startTime="2026-06-25T19:06:29.4821598+03:30" endTime="2026-06-25T19:06:29.4821599+03:30" testType="13cdc9d9-ddb5-4fa4-a97d-d965ccfc6d4b" outcome="Passed" testListId="8c84fa94-04c1-424b-9868-57a2d4851a1d" relativeResultsDirectory="5eb971e8-4f8e-4340-8365-0f5570d4e5c9" />
    <UnitTestResult executionId="cdb30501-ee47-4a6b-b972-becc9bb19926" testId="eaa0eac5-2cca-42c3-4517-58b178573c15" testName="PetroProcure.UnitTests.Domain.WarehouseReceiptTests.PurchaseOrderItemReceiveRejectsOverReceipt" computerName="DESKTOP-U1R5ISO" duration="00:00:00.0003827" startTime="2026-06-25T19:06:29.4951593+03:30" endTime="2026-06-25T19:06:29.4951594+03:30" testType="13cdc9d9-ddb5-4fa4-a97d-d965ccfc6d4b" outcome="Passed" testListId="8c84fa94-04c1-424b-9868-57a2d4851a1d" relativeResultsDirectory="cdb30501-ee47-4a6b-b972-becc9bb19926" />
    <UnitTestResult executionId="1b3e86e5-dc90-4bb9-800d-37196165b88e" testId="d9279b16-2045-6869-a47f-b0ea24a33308" testName="PetroProcure.UnitTests.Domain.IndentTests.ResolveIndentType_ReturnsExpectedType(typeDigit: 2, expectedType: DirectPurchase)" computerName="DESKTOP-U1R5ISO" duration="00:00:00.0000100" startTime="2026-06-25T19:06:29.4549298+03:30" endTime="2026-06-25T19:06:29.4549298+03:30" testType="13cdc9d9-ddb5-4fa4-a97d-d965ccfc6d4b" outcome="Passed" testListId="8c84fa94-04c1-424b-9868-57a2d4851a1d" relativeResultsDirectory="1b3e86e5-dc90-4bb9-800d-37196165b88e" />
    <UnitTestResult executionId="7f8020be-6ded-4291-b36d-50a1f4c4d44c" testId="d023a54d-4a7c-c5bb-e05d-c8e2170cda3a" testName="PetroProcure.UnitTests.Domain.MescItemTests.Constructor_DerivesGeneralGroupCodeFromCode" computerName="DESKTOP-U1R5ISO" duration="00:00:00.0011962" startTime="2026-06-25T19:06:29.4306845+03:30" endTime="2026-06-25T19:06:29.4306846+03:30" testType="13cdc9d9-ddb5-4fa4-a97d-d965ccfc6d4b" outcome="Passed" testListId="8c84fa94-04c1-424b-9868-57a2d4851a1d" relativeResultsDirectory="7f8020be-6ded-4291-b36d-50a1f4c4d44c" />
    <UnitTestResult executionId="1c3ae03e-952e-4bed-90c9-85f4eaf6d5ae" testId="fb49885b-6069-edc7-66b3-96b70da90abe" testName="PetroProcure.UnitTests.Application.WorkflowActionMatrixTests.ActionDoesNotAppearForUnauthorizedDepartment" computerName="DESKTOP-U1R5ISO" duration="00:00:00.0008228" startTime="2026-06-25T19:06:29.4887122+03:30" endTime="2026-06-25T19:06:29.4887123+03:30" testType="13cdc9d9-ddb5-4fa4-a97d-d965ccfc6d4b" outcome="Passed" testListId="8c84fa94-04c1-424b-9868-57a2d4851a1d" relativeResultsDirectory="1c3ae03e-952e-4bed-90c9-85f4eaf6d5ae" />
    <UnitTestResult executionId="a5e2042f-ef49-495d-91d5-abe7011ca286" testId="b4733e18-e061-9f90-f9ae-79f8adb2d262" testName="PetroProcure.UnitTests.Domain.LegalRuleTests.RuleReferencesLegalClause" computerName="DESKTOP-U1R5ISO" duration="00:00:00.0032093" startTime="2026-06-25T19:06:29.4374040+03:30" endTime="2026-06-25T19:06:29.4374041+03:30" testType="13cdc9d9-ddb5-4fa4-a97d-d965ccfc6d4b" outcome="Passed" testListId="8c84fa94-04c1-424b-9868-57a2d4851a1d" relativeResultsDirectory="a5e2042f-ef49-495d-91d5-abe7011ca286" />
    <UnitTestResult executionId="6e71726d-6ad2-4efb-a7a8-d2620110b377" testId="ada1a5ba-6d1b-0c17-e07c-018cb3b84691" testName="PetroProcure.UnitTests.Web.IndentWebUiTests.Send_to_purchase_requires_status_and_permission(status: Approved, permission: True, expected: True)" computerName="DESKTOP-U1R5ISO" duration="00:00:00.0004521" startTime="2026-06-25T19:06:29.4570979+03:30" endTime="2026-06-25T19:06:29.4570980+03:30" testType="13cdc9d9-ddb5-4fa4-a97d-d965ccfc6d4b" outcome="Passed" testListId="8c84fa94-04c1-424b-9868-57a2d4851a1d" relativeResultsDirectory="6e71726d-6ad2-4efb-a7a8-d2620110b377" />
    <UnitTestResult executionId="3ee3224b-6cd4-4dd9-948a-fb42240dfa80" testId="e85b13b1-2b1c-ff65-ffb7-20ed7929673a" testName="PetroProcure.UnitTests.Web.InboxWebUiTests.Unauthorized_actions_are_hidden" computerName="DESKTOP-U1R5ISO" duration="00:00:00.0096869" startTime="2026-06-25T19:06:29.4118668+03:30" endTime="2026-06-25T19:06:29.4118669+03:30" testType="13cdc9d9-ddb5-4fa4-a97d-d965ccfc6d4b" outcome="Passed" testListId="8c84fa94-04c1-424b-9868-57a2d4851a1d" relativeResultsDirectory="3ee3224b-6cd4-4dd9-948a-fb42240dfa80" />
    <UnitTestResult executionId="47bda10a-0e53-4e08-a33a-3a9c31e62212" testId="f1aa7258-d31e-e1de-864c-5de2a0f32e77" testName="PetroProcure.UnitTests.Domain.TenderCommissionSessionTests.Only_one_chairperson_is_allowed" computerName="DESKTOP-U1R5ISO" duration="00:00:00.0004752" startTime="2026-06-25T19:06:29.4989184+03:30" endTime="2026-06-25T19:06:29.4989184+03:30" testType="13cdc9d9-ddb5-4fa4-a97d-d965ccfc6d4b" outcome="Passed" testListId="8c84fa94-04c1-424b-9868-57a2d4851a1d" relativeResultsDirectory="47bda10a-0e53-4e08-a33a-3a9c31e62212" />
    <UnitTestResult executionId="d7b1505b-5582-4f90-b619-21185d5e9dd1" testId="40e1ebb1-7115-f7b7-bf87-0e78cb55888f" testName="PetroProcure.UnitTests.Web.IndentWebUiTests.Type_digit_help_explains_all_ranges" computerName="DESKTOP-U1R5ISO" duration="00:00:00.0001194" startTime="2026-06-25T19:06:29.4572413+03:30" endTime="2026-06-25T19:06:29.4572414+03:30" testType="13cdc9d9-ddb5-4fa4-a97d-d965ccfc6d4b" outcome="Passed" testListId="8c84fa94-04c1-424b-9868-57a2d4851a1d" relativeResultsDirectory="d7b1505b-5582-4f90-b619-21185d5e9dd1" />
    <UnitTestResult executionId="d477c36a-e2e8-40e7-993b-b750c6768d2d" testId="09fd9503-d567-5acb-1e22-78cb01b7de8a" testName="PetroProcure.UnitTests.Infrastructure.FileStorageServiceTests.RejectsPathTraversalFileName" computerName="DESKTOP-U1R5ISO" duration="00:00:00.0128909" startTime="2026-06-25T19:06:29.5809900+03:30" endTime="2026-06-25T19:06:29.5809901+03:30" testType="13cdc9d9-ddb5-4fa4-a97d-d965ccfc6d4b" outcome="Passed" testListId="8c84fa94-04c1-424b-9868-57a2d4851a1d" relativeResultsDirectory="d477c36a-e2e8-40e7-993b-b750c6768d2d" />
    <UnitTestResult executionId="7c46180d-2654-419f-b3c8-c66b497bc2bc" testId="5bef36b2-635c-d484-cd76-6d461f8abf00" testName="PetroProcure.UnitTests.Web.ContractWebUiTests.Contract_permission_names_are_available_for_buttons" computerName="DESKTOP-U1R5ISO" duration="00:00:00.0001061" startTime="2026-06-25T19:06:29.4400025+03:30" endTime="2026-06-25T19:06:29.4400026+03:30" testType="13cdc9d9-ddb5-4fa4-a97d-d965ccfc6d4b" outcome="Passed" testListId="8c84fa94-04c1-424b-9868-57a2d4851a1d" relativeResultsDirectory="7c46180d-2654-419f-b3c8-c66b497bc2bc" />
    <UnitTestResult executionId="271f104f-d0b8-472d-a15a-139d9a3e7182" testId="0caf94a9-404f-5929-ef55-1d00dc341b9b" testName="PetroProcure.UnitTests.Domain.IndentTests.ResolveIndentType_ReturnsExpectedType(typeDigit: 7, expectedType: SystemGenerated)" computerName="DESKTOP-U1R5ISO" duration="00:00:00.0001729" startTime="2026-06-25T19:06:29.4545174+03:30" endTime="2026-06-25T19:06:29.4545175+03:30" testType="13cdc9d9-ddb5-4fa4-a97d-d965ccfc6d4b" outcome="Passed" testListId="8c84fa94-04c1-424b-9868-57a2d4851a1d" relativeResultsDirectory="271f104f-d0b8-472d-a15a-139d9a3e7182" />
    <UnitTestResult executionId="2af72547-7679-437a-aa60-9966ab8a5a55" testId="22901f2c-5885-20e1-550f-3c2391a181e1" testName="PetroProcure.UnitTests.Application.ContractModuleTests.Applying_template_copies_clauses_to_contract" computerName="DESKTOP-U1R5ISO" duration="00:00:00.0066701" startTime="2026-06-25T19:06:29.4607491+03:30" endTime="2026-06-25T19:06:29.4607492+03:30" testType="13cdc9d9-ddb5-4fa4-a97d-d965ccfc6d4b" outcome="Passed" testListId="8c84fa94-04c1-424b-9868-57a2d4851a1d" relativeResultsDirectory="2af72547-7679-437a-aa60-9966ab8a5a55" />
    <UnitTestResult executionId="45d799f5-2770-4c4f-b1ce-a07a9c4910b6" testId="bad5d64b-3f16-888f-ecdd-f63c028a8fb1" testName="PetroProcure.UnitTests.Domain.WarehouseReceiptTests.SubmitRejectsReceiptWithoutItems" computerName="DESKTOP-U1R5ISO" duration="00:00:00.0002802" startTime="2026-06-25T19:06:29.4923909+03:30" endTime="2026-06-25T19:06:29.4923910+03:30" testType="13cdc9d9-ddb5-4fa4-a97d-d965ccfc6d4b" outcome="Passed" testListId="8c84fa94-04c1-424b-9868-57a2d4851a1d" relativeResultsDirectory="45d799f5-2770-4c4f-b1ce-a07a9c4910b6" />
    <UnitTestResult executionId="9bba1e4e-5ff5-4867-8792-8bad4c962a9c" testId="e586b0b3-033c-4b2c-52ec-9e78507851fb" testName="PetroProcure.UnitTests.Domain.ContractTests.Contract_cannot_be_submitted_without_items" computerName="DESKTOP-U1R5ISO" duration="00:00:00.0005024" startTime="2026-06-25T19:06:29.4385937+03:30" endTime="2026-06-25T19:06:29.4385938+03:30" testType="13cdc9d9-ddb5-4fa4-a97d-d965ccfc6d4b" outcome="Passed" testListId="8c84fa94-04c1-424b-9868-57a2d4851a1d" relativeResultsDirectory="9bba1e4e-5ff5-4867-8792-8bad4c962a9c" />
    <UnitTestResult executionId="15d58221-6d20-4802-b774-f0490e817afe" testId="0d9588fd-6bec-0132-223d-1821bf477cb2" testName="PetroProcure.UnitTests.Application.WorkflowModuleTests.UnauthorizedDepartmentUserCannotCompleteTask" computerName="DESKTOP-U1R5ISO" duration="00:00:00.0174105" startTime="2026-06-25T19:06:29.4962795+03:30" endTime="2026-06-25T19:06:29.4962795+03:30" testType="13cdc9d9-ddb5-4fa4-a97d-d965ccfc6d4b" outcome="Passed" testListId="8c84fa94-04c1-424b-9868-57a2d4851a1d" relativeResultsDirectory="15d58221-6d20-4802-b774-f0490e817afe" />
    <UnitTestResult executionId="69e62d8f-93cf-4282-a4a8-fb3205dc933f" testId="75948fa7-c717-17eb-f369-de25a8f699d8" testName="PetroProcure.UnitTests.Reporting.ReportGeneratorTests.WarehouseReceiptReportCreatesPdfBytes" computerName="DESKTOP-U1R5ISO" duration="00:00:00.1104120" startTime="2026-06-25T19:06:31.3669046+03:30" endTime="2026-06-25T19:06:31.3669053+03:30" testType="13cdc9d9-ddb5-4fa4-a97d-d965ccfc6d4b" outcome="Passed" testListId="8c84fa94-04c1-424b-9868-57a2d4851a1d" relativeResultsDirectory="69e62d8f-93cf-4282-a4a8-fb3205dc933f" />
    <UnitTestResult executionId="43578de3-fd01-41ce-9ff8-78453d4d0e5e" testId="6cf13f9c-c815-ac5c-58e6-5417f452d443" testName="PetroProcure.UnitTests.Domain.LegalRuleTests.PurchaseFileEvaluationReturnsAllRuleResultTypes" computerName="DESKTOP-U1R5ISO" duration="00:00:00.0153133" startTime="2026-06-25T19:06:29.4900615+03:30" endTime="2026-06-25T19:06:29.4900615+03:30" testType="13cdc9d9-ddb5-4fa4-a97d-d965ccfc6d4b" outcome="Passed" testListId="8c84fa94-04c1-424b-9868-57a2d4851a1d" relativeResultsDirectory="43578de3-fd01-41ce-9ff8-78453d4d0e5e" />
    <UnitTestResult executionId="b10349e0-cfc1-40fd-94d2-c28b9c39bec0" testId="ca5b6457-1547-fd66-42cc-0316fc867fd2" testName="PetroProcure.UnitTests.Web.CommissionWebUiTests.Commission_session_list_page_is_registered" computerName="DESKTOP-U1R5ISO" duration="00:00:00.0003572" startTime="2026-06-25T19:06:29.4596094+03:30" endTime="2026-06-25T19:06:29.4596095+03:30" testType="13cdc9d9-ddb5-4fa4-a97d-d965ccfc6d4b" outcome="Passed" testListId="8c84fa94-04c1-424b-9868-57a2d4851a1d" relativeResultsDirectory="b10349e0-cfc1-40fd-94d2-c28b9c39bec0" />
    <UnitTestResult executionId="237319bc-708d-4b21-85ef-74ddb0aee338" testId="93600c66-4ba1-e676-26bd-3225ef3c3ea6" testName="PetroProcure.UnitTests.Domain.TenderCommissionSessionTests.Decision_approve_updates_decision_status" computerName="DESKTOP-U1R5ISO" duration="00:00:00.0080923" startTime="2026-06-25T19:06:29.4952665+03:30" endTime="2026-06-25T19:06:29.4952666+03:30" testType="13cdc9d9-ddb5-4fa4-a97d-d965ccfc6d4b" outcome="Passed" testListId="8c84fa94-04c1-424b-9868-57a2d4851a1d" relativeResultsDirectory="237319bc-708d-4b21-85ef-74ddb0aee338" />
    <UnitTestResult executionId="757b1e6d-3fbc-4696-836a-169ed05c56d5" testId="af86f5d9-5645-6523-e747-6868bfa83d82" testName="PetroProcure.UnitTests.Domain.ContractTests.Contract_item_keeps_mesc_snapshot" computerName="DESKTOP-U1R5ISO" duration="00:00:00.0292703" startTime="2026-06-25T19:06:29.4364831+03:30" endTime="2026-06-25T19:06:29.4364832+03:30" testType="13cdc9d9-ddb5-4fa4-a97d-d965ccfc6d4b" outcome="Passed" testListId="8c84fa94-04c1-424b-9868-57a2d4851a1d" relativeResultsDirectory="757b1e6d-3fbc-4696-836a-169ed05c56d5" />
    <UnitTestResult executionId="ad6547cc-8cf3-4e33-9a44-d34df1bc1287" testId="96bca2aa-6f3d-8319-0748-acc999ba9576" testName="PetroProcure.UnitTests.Security.WebAuthenticationTests.LoginFailureMessageIsPersian" computerName="DESKTOP-U1R5ISO" duration="00:00:00.0001100" startTime="2026-06-25T19:06:29.4915505+03:30" endTime="2026-06-25T19:06:29.4915506+03:30" testType="13cdc9d9-ddb5-4fa4-a97d-d965ccfc6d4b" outcome="Passed" testListId="8c84fa94-04c1-424b-9868-57a2d4851a1d" relativeResultsDirectory="ad6547cc-8cf3-4e33-9a44-d34df1bc1287" />
    <UnitTestResult executionId="3de0309b-9b0b-4064-bede-03e2834297a2" testId="8516635c-738b-c12d-7920-20962227493f" testName="PetroProcure.UnitTests.Domain.ContractTests.Signed_contract_is_read_only" computerName="DESKTOP-U1R5ISO" duration="00:00:00.0034444" startTime="2026-06-25T19:06:29.4375708+03:30" endTime="2026-06-25T19:06:29.4375708+03:30" testType="13cdc9d9-ddb5-4fa4-a97d-d965ccfc6d4b" outcome="Passed" testListId="8c84fa94-04c1-424b-9868-57a2d4851a1d" relativeResultsDirectory="3de0309b-9b0b-4064-bede-03e2834297a2" />
    <UnitTestResult executionId="1979620a-686c-42d7-bb6c-3d151524a883" testId="738dcb2d-349b-c54c-32c9-aabb3c8ed623" testName="PetroProcure.UnitTests.Web.CommissionWebUiTests.Commission_session_from_tender_page_is_registered" computerName="DESKTOP-U1R5ISO" duration="00:00:00.0031292" startTime="2026-06-25T19:06:29.4586224+03:30" endTime="2026-06-25T19:06:29.4586225+03:30" testType="13cdc9d9-ddb5-4fa4-a97d-d965ccfc6d4b" outcome="Passed" testListId="8c84fa94-04c1-424b-9868-57a2d4851a1d" relativeResultsDirectory="1979620a-686c-42d7-bb6c-3d151524a883" />
    <UnitTestResult executionId="71bdc6cd-c115-465d-af1b-6c6fa60ae85d" testId="cc067e0c-9c19-2b82-0692-c65528f23b58" testName="PetroProcure.UnitTests.Web.InboxWebUiTests.Assign_to_self_requires_permission_and_open_task" computerName="DESKTOP-U1R5ISO" duration="00:00:00.0003957" startTime="2026-06-25T19:06:29.4360082+03:30" endTime="2026-06-25T19:06:29.4360083+03:30" testType="13cdc9d9-ddb5-4fa4-a97d-d965ccfc6d4b" outcome="Passed" testListId="8c84fa94-04c1-424b-9868-57a2d4851a1d" relativeResultsDirectory="71bdc6cd-c115-465d-af1b-6c6fa60ae85d" />
    <UnitTestResult executionId="4cc2e465-aa67-45d6-9350-b4b05f2a1f83" testId="2b243b9d-306e-f5d4-5d04-f7c68aa15f25" testName="PetroProcure.UnitTests.Application.MescCatalogTests.Search_ExcludesDeactivatedItemsUnlessRequested" computerName="DESKTOP-U1R5ISO" duration="00:00:00.0026960" startTime="2026-06-25T19:06:29.4963780+03:30" endTime="2026-06-25T19:06:29.4963781+03:30" testType="13cdc9d9-ddb5-4fa4-a97d-d965ccfc6d4b" outcome="Passed" testListId="8c84fa94-04c1-424b-9868-57a2d4851a1d" relativeResultsDirectory="4cc2e465-aa67-45d6-9350-b4b05f2a1f83" />
    <UnitTestResult executionId="79cfa814-1917-404f-9119-f538bd2150da" testId="625232b8-23e4-fd85-8e22-05081ad3044f" testName="PetroProcure.UnitTests.Web.PurchaseFileUiTests.AddNotePostsSharedContract" computerName="DESKTOP-U1R5ISO" duration="00:00:00.0184482" startTime="2026-06-25T19:06:29.5696589+03:30" endTime="2026-06-25T19:06:29.5696594+03:30" testType="13cdc9d9-ddb5-4fa4-a97d-d965ccfc6d4b" outcome="Passed" testListId="8c84fa94-04c1-424b-9868-57a2d4851a1d" relativeResultsDirectory="79cfa814-1917-404f-9119-f538bd2150da" />
    <UnitTestResult executionId="9c628c43-bfbd-4ce8-85b0-681ae2d537d3" testId="e5bb4b13-4254-04c6-ddf4-f8138e0c4760" testName="PetroProcure.UnitTests.Application.MescCatalogTests.CreatingItem_FailsWhenGeneralGroupDoesNotExist" computerName="DESKTOP-U1R5ISO" duration="00:00:00.0011427" startTime="2026-06-25T19:06:29.4978769+03:30" endTime="2026-06-25T19:06:29.4978770+03:30" testType="13cdc9d9-ddb5-4fa4-a97d-d965ccfc6d4b" outcome="Passed" testListId="8c84fa94-04c1-424b-9868-57a2d4851a1d" relativeResultsDirectory="9c628c43-bfbd-4ce8-85b0-681ae2d537d3" />
    <UnitTestResult executionId="298abaa4-a4ae-4b9c-a778-40ed0ccb19d5" testId="d53979e5-a034-7a01-bbc7-8f7d637bf658" testName="PetroProcure.UnitTests.Web.PurchaseFileUiTests.UnauthorizedOrReadOnlyActionsAreHidden" computerName="DESKTOP-U1R5ISO" duration="00:00:00.0005783" startTime="2026-06-25T19:06:29.6100919+03:30" endTime="2026-06-25T19:06:29.6100921+03:30" testType="13cdc9d9-ddb5-4fa4-a97d-d965ccfc6d4b" outcome="Passed" testListId="8c84fa94-04c1-424b-9868-57a2d4851a1d" relativeResultsDirectory="298abaa4-a4ae-4b9c-a778-40ed0ccb19d5" />
    <UnitTestResult executionId="05bdf6ae-5360-4138-95b9-4516abcf2f8b" testId="00d9963b-306b-bc45-382c-6a07707b87f0" testName="PetroProcure.UnitTests.Domain.IndentTests.ResolveIndentType_ReturnsExpectedType(typeDigit: 8, expectedType: SystemGenerated)" computerName="DESKTOP-U1R5ISO" duration="00:00:00.0000072" startTime="2026-06-25T19:06:29.4546963+03:30" endTime="2026-06-25T19:06:29.4546964+03:30" testType="13cdc9d9-ddb5-4fa4-a97d-d965ccfc6d4b" outcome="Passed" testListId="8c84fa94-04c1-424b-9868-57a2d4851a1d" relativeResultsDirectory="05bdf6ae-5360-4138-95b9-4516abcf2f8b" />
    <UnitTestResult executionId="7f395ee3-8903-40e5-95a1-54a3a74485c1" testId="16cc2c1c-bb03-ff80-cc1b-ca8a041d2597" testName="PetroProcure.UnitTests.Web.InboxWebUiTests.Inbox_is_available_for_workflow_department_permissions" computerName="DESKTOP-U1R5ISO" duration="00:00:00.0006602" startTime="2026-06-25T19:06:29.4308803+03:30" endTime="2026-06-25T19:06:29.4308804+03:30" testType="13cdc9d9-ddb5-4fa4-a97d-d965ccfc6d4b" outcome="Passed" testListId="8c84fa94-04c1-424b-9868-57a2d4851a1d" relativeResultsDirectory="7f395ee3-8903-40e5-95a1-54a3a74485c1" />
    <UnitTestResult executionId="22327809-5003-4420-a873-1bca4f5af46f" testId="c5be6072-b352-6eb3-7b32-cc5e556a7cf2" testName="PetroProcure.UnitTests.Domain.OrdersTests.Mesc_snapshots_are_copied_to_material_need" computerName="DESKTOP-U1R5ISO" duration="00:00:00.0021015" startTime="2026-06-25T19:06:29.4560604+03:30" endTime="2026-06-25T19:06:29.4560605+03:30" testType="13cdc9d9-ddb5-4fa4-a97d-d965ccfc6d4b" outcome="Passed" testListId="8c84fa94-04c1-424b-9868-57a2d4851a1d" relativeResultsDirectory="22327809-5003-4420-a873-1bca4f5af46f" />
    <UnitTestResult executionId="9e013aee-a865-4a9a-b738-725dfa27e4b4" testId="b098c3a5-9c06-e18e-31bb-57a61d0759f7" testName="PetroProcure.UnitTests.Web.InboxWebUiTests.User_only_has_access_to_assigned_departments" computerName="DESKTOP-U1R5ISO" duration="00:00:00.0011333" startTime="2026-06-25T19:06:29.4363738+03:30" endTime="2026-06-25T19:06:29.4363738+03:30" testType="13cdc9d9-ddb5-4fa4-a97d-d965ccfc6d4b" outcome="Passed" testListId="8c84fa94-04c1-424b-9868-57a2d4851a1d" relativeResultsDirectory="9e013aee-a865-4a9a-b738-725dfa27e4b4" />
    <UnitTestResult executionId="8cdc5959-1e64-4076-b8e8-87e9f573448c" testId="e91afcf9-55a6-6aea-bf05-0ca13ff5763d" testName="PetroProcure.UnitTests.Infrastructure.FileStorageServiceTests.PhysicalFileIsRemovedWhenDatabaseSaveFails" computerName="DESKTOP-U1R5ISO" duration="00:00:00.0766121" startTime="2026-06-25T19:06:29.5409206+03:30" endTime="2026-06-25T19:06:29.5409210+03:30" testType="13cdc9d9-ddb5-4fa4-a97d-d965ccfc6d4b" outcome="Passed" testListId="8c84fa94-04c1-424b-9868-57a2d4851a1d" relativeResultsDirectory="8cdc5959-1e64-4076-b8e8-87e9f573448c" />
    <UnitTestResult executionId="e573caab-18a6-4b02-adb7-048295126c40" testId="038ce4a8-a9bd-ba6a-7515-1af66d0527c1" testName="PetroProcure.UnitTests.AI.AiFoundationTests.RuleEvaluatorStoresResult" computerName="DESKTOP-U1R5ISO" duration="00:00:00.0019526" startTime="2026-06-25T19:06:29.4819917+03:30" endTime="2026-06-25T19:06:29.4819918+03:30" testType="13cdc9d9-ddb5-4fa4-a97d-d965ccfc6d4b" outcome="Passed" testListId="8c84fa94-04c1-424b-9868-57a2d4851a1d" relativeResultsDirectory="e573caab-18a6-4b02-adb7-048295126c40" />
    <UnitTestResult executionId="7cde61a1-70d7-4696-b7df-898a5cc13c96" testId="08dbed84-98de-d494-b223-de521ee0e619" testName="PetroProcure.UnitTests.Web.InboxWebUiTests.Notification_bell_component_is_available" computerName="DESKTOP-U1R5ISO" duration="00:00:00.0002247" startTime="2026-06-25T19:06:29.4348136+03:30" endTime="2026-06-25T19:06:29.4348136+03:30" testType="13cdc9d9-ddb5-4fa4-a97d-d965ccfc6d4b" outcome="Passed" testListId="8c84fa94-04c1-424b-9868-57a2d4851a1d" relativeResultsDirectory="7cde61a1-70d7-4696-b7df-898a5cc13c96" />
    <UnitTestResult executionId="44fbdf68-d872-4fc4-a460-4918d790f1f3" testId="a93587d1-d18d-6614-a661-65f5ad08bf1f" testName="PetroProcure.UnitTests.Web.PersianDateUiTests.Date_time_rendering_keeps_local_time" computerName="DESKTOP-U1R5ISO" duration="00:00:00.0038788" startTime="2026-06-25T19:06:29.4350582+03:30" endTime="2026-06-25T19:06:29.4350582+03:30" testType="13cdc9d9-ddb5-4fa4-a97d-d965ccfc6d4b" outcome="Passed" testListId="8c84fa94-04c1-424b-9868-57a2d4851a1d" relativeResultsDirectory="44fbdf68-d872-4fc4-a460-4918d790f1f3" />
    <UnitTestResult executionId="98c5832c-7781-40e4-8ca8-681a0eb6e681" testId="da335adc-3e22-10a2-12c0-c7288c7bf319" testName="PetroProcure.UnitTests.Infrastructure.FileStorageServiceTests.RootFolderPathIsReadFromConfiguration" computerName="DESKTOP-U1R5ISO" duration="00:00:00.0104421" startTime="2026-06-25T19:06:29.5670293+03:30" endTime="2026-06-25T19:06:29.5670298+03:30" testType="13cdc9d9-ddb5-4fa4-a97d-d965ccfc6d4b" outcome="Passed" testListId="8c84fa94-04c1-424b-9868-57a2d4851a1d" relativeResultsDirectory="98c5832c-7781-40e4-8ca8-681a0eb6e681" />
    <UnitTestResult executionId="7a881ce9-1a5b-486c-8de1-dedfa32005fc" testId="a2603728-94a9-5b93-73de-156374174292" testName="PetroProcure.UnitTests.Web.PurchaseFileUiTests.FailedRefreshDoesNotRetryOriginalRequestForever" computerName="DESKTOP-U1R5ISO" duration="00:00:00.0078897" startTime="2026-06-25T19:06:29.5807893+03:30" endTime="2026-06-25T19:06:29.5807896+03:30" testType="13cdc9d9-ddb5-4fa4-a97d-d965ccfc6d4b" outcome="Passed" testListId="8c84fa94-04c1-424b-9868-57a2d4851a1d" relativeResultsDirectory="7a881ce9-1a5b-486c-8de1-dedfa32005fc" />
    <UnitTestResult executionId="e7490582-8182-4174-8f45-a10a7e7f59d5" testId="c755968b-1ee7-8c7e-1f05-3523d7fc408e" testName="PetroProcure.UnitTests.Application.WorkflowActionMatrixTests.ReturnActionReturnsToPreviousDepartment" computerName="DESKTOP-U1R5ISO" duration="00:00:00.0156281" startTime="2026-06-25T19:06:29.4901289+03:30" endTime="2026-06-25T19:06:29.4901290+03:30" testType="13cdc9d9-ddb5-4fa4-a97d-d965ccfc6d4b" outcome="Passed" testListId="8c84fa94-04c1-424b-9868-57a2d4851a1d" relativeResultsDirectory="e7490582-8182-4174-8f45-a10a7e7f59d5" />
    <UnitTestResult executionId="0102beeb-68b3-4a65-a0ff-9a81fc0737fa" testId="4ada735b-78a5-d090-9fc1-74d8e1337c2a" testName="PetroProcure.UnitTests.AI.AiFoundationTests.MockProviderReturnsDeterministicSummary" computerName="DESKTOP-U1R5ISO" duration="00:00:00.0011368" startTime="2026-06-25T19:06:29.4822834+03:30" endTime="2026-06-25T19:06:29.4822835+03:30" testType="13cdc9d9-ddb5-4fa4-a97d-d965ccfc6d4b" outcome="Passed" testListId="8c84fa94-04c1-424b-9868-57a2d4851a1d" relativeResultsDirectory="0102beeb-68b3-4a65-a0ff-9a81fc0737fa" />
    <UnitTestResult executionId="4c0ef55f-47a7-4911-bbf7-f05eca59acd4" testId="002c6367-d38e-0730-a9f1-e2f51f149893" testName="PetroProcure.UnitTests.Web.PersianDateUiTests.Gregorian_date_is_rendered_as_persian_calendar_date" computerName="DESKTOP-U1R5ISO" duration="00:00:00.0002171" startTime="2026-06-25T19:06:29.4360520+03:30" endTime="2026-06-25T19:06:29.4360521+03:30" testType="13cdc9d9-ddb5-4fa4-a97d-d965ccfc6d4b" outcome="Passed" testListId="8c84fa94-04c1-424b-9868-57a2d4851a1d" relativeResultsDirectory="4c0ef55f-47a7-4911-bbf7-f05eca59acd4" />
    <UnitTestResult executionId="711eeb0b-7bb9-4d81-80ea-442388630adf" testId="e9aa1547-77df-5f0b-2d99-b29f46b52d69" testName="PetroProcure.UnitTests.Web.MescWebUiTests.Unauthorized_create_action_is_hidden" computerName="DESKTOP-U1R5ISO" duration="00:00:00.0075862" startTime="2026-06-25T19:06:29.4073262+03:30" endTime="2026-06-25T19:06:29.4073597+03:30" testType="13cdc9d9-ddb5-4fa4-a97d-d965ccfc6d4b" outcome="Passed" testListId="8c84fa94-04c1-424b-9868-57a2d4851a1d" relativeResultsDirectory="711eeb0b-7bb9-4d81-80ea-442388630adf" />
    <UnitTestResult executionId="ec15e0f2-cbd2-4781-858f-b50295ff56aa" testId="ae2fe505-d3e7-82ee-86eb-4ad6028763a6" testName="PetroProcure.UnitTests.Domain.IndentTests.ResolveIndentType_ReturnsExpectedType(typeDigit: 3, expectedType: Manual)" computerName="DESKTOP-U1R5ISO" duration="00:00:00.0000069" startTime="2026-06-25T19:06:29.4548707+03:30" endTime="2026-06-25T19:06:29.4548708+03:30" testType="13cdc9d9-ddb5-4fa4-a97d-d965ccfc6d4b" outcome="Passed" testListId="8c84fa94-04c1-424b-9868-57a2d4851a1d" relativeResultsDirectory="ec15e0f2-cbd2-4781-858f-b50295ff56aa" />
    <UnitTestResult executionId="ddc60d87-1d32-4782-a9bf-3952b4128fdb" testId="9865f1af-abaf-0e17-328b-920aab71dc81" testName="PetroProcure.UnitTests.Web.IndentWebUiTests.Indent_list_page_is_registered" computerName="DESKTOP-U1R5ISO" duration="00:00:00.0031651" startTime="2026-06-25T19:06:29.4585223+03:30" endTime="2026-06-25T19:06:29.4585224+03:30" testType="13cdc9d9-ddb5-4fa4-a97d-d965ccfc6d4b" outcome="Passed" testListId="8c84fa94-04c1-424b-9868-57a2d4851a1d" relativeResultsDirectory="ddc60d87-1d32-4782-a9bf-3952b4128fdb" />
    <UnitTestResult executionId="8f1cc430-8de0-438e-9407-98338cef595b" testId="9d3d9910-89bc-7ffa-a013-2d657be23b24" testName="PetroProcure.UnitTests.Reporting.ReportGeneratorTests.TenderComparisonReportDataContainsSupplierBids" computerName="DESKTOP-U1R5ISO" duration="00:00:00.0024876" startTime="2026-06-25T19:06:31.1650048+03:30" endTime="2026-06-25T19:06:31.1650053+03:30" testType="13cdc9d9-ddb5-4fa4-a97d-d965ccfc6d4b" outcome="Passed" testListId="8c84fa94-04c1-424b-9868-57a2d4851a1d" relativeResultsDirectory="8f1cc430-8de0-438e-9407-98338cef595b" />
    <UnitTestResult executionId="ec9c786b-b07c-48f6-bc92-de0db98c57bc" testId="c9a1ea57-e337-90e0-23b9-28d234f3c374" testName="PetroProcure.UnitTests.Domain.WarehouseReceiptTests.PurchaseOrderItemReceiveUpdatesReceivedAndRemainingQuantities" computerName="DESKTOP-U1R5ISO" duration="00:00:00.0005950" startTime="2026-06-25T19:06:29.4950825+03:30" endTime="2026-06-25T19:06:29.4950826+03:30" testType="13cdc9d9-ddb5-4fa4-a97d-d965ccfc6d4b" outcome="Passed" testListId="8c84fa94-04c1-424b-9868-57a2d4851a1d" relativeResultsDirectory="ec9c786b-b07c-48f6-bc92-de0db98c57bc" />
    <UnitTestResult executionId="ca59eaf3-b120-401e-aab6-2e46a963f933" testId="1088b529-8131-8d0f-296e-13c1eee827cd" testName="PetroProcure.UnitTests.Security.PermissionPolicyTests.PermissionPolicyProvider_CreatesPolicyForPermissionName" computerName="DESKTOP-U1R5ISO" duration="00:00:00.0036254" startTime="2026-06-25T19:06:29.4349584+03:30" endTime="2026-06-25T19:06:29.4349584+03:30" testType="13cdc9d9-ddb5-4fa4-a97d-d965ccfc6d4b" outcome="Passed" testListId="8c84fa94-04c1-424b-9868-57a2d4851a1d" relativeResultsDirectory="ca59eaf3-b120-401e-aab6-2e46a963f933" />
    <UnitTestResult executionId="0f4fac6b-d321-4014-90a3-89c2f9bee9eb" testId="63301302-d907-3ad8-f1db-d7f71df0f6cf" testName="PetroProcure.UnitTests.Domain.TenderDomainTests.Tender_item_keeps_purchase_file_snapshot" computerName="DESKTOP-U1R5ISO" duration="00:00:00.0005537" startTime="2026-06-25T19:06:29.4967076+03:30" endTime="2026-06-25T19:06:29.4967077+03:30" testType="13cdc9d9-ddb5-4fa4-a97d-d965ccfc6d4b" outcome="Passed" testListId="8c84fa94-04c1-424b-9868-57a2d4851a1d" relativeResultsDirectory="0f4fac6b-d321-4014-90a3-89c2f9bee9eb" />
    <UnitTestResult executionId="fb203f9e-0988-422f-967b-3b1245fc4034" testId="7805c5f7-fdff-546a-18fd-cf4f052e9339" testName="PetroProcure.UnitTests.Domain.TenderDomainTests.Tender_cannot_be_published_without_participants" computerName="DESKTOP-U1R5ISO" duration="00:00:00.0005202" startTime="2026-06-25T19:06:29.4966258+03:30" endTime="2026-06-25T19:06:29.4966259+03:30" testType="13cdc9d9-ddb5-4fa4-a97d-d965ccfc6d4b" outcome="Passed" testListId="8c84fa94-04c1-424b-9868-57a2d4851a1d" relativeResultsDirectory="fb203f9e-0988-422f-967b-3b1245fc4034" />
    <UnitTestResult executionId="f0e72225-1cab-46ab-a684-5ad09a59f7f8" testId="68701fdd-9dee-ad0e-054b-5371cf30e65f" testName="PetroProcure.UnitTests.Web.IndentWebUiTests.Indent_number_is_formatted_for_display" computerName="DESKTOP-U1R5ISO" duration="00:00:00.0002775" startTime="2026-06-25T19:06:29.4396604+03:30" endTime="2026-06-25T19:06:29.4396604+03:30" testType="13cdc9d9-ddb5-4fa4-a97d-d965ccfc6d4b" outcome="Passed" testListId="8c84fa94-04c1-424b-9868-57a2d4851a1d" relativeResultsDirectory="f0e72225-1cab-46ab-a684-5ad09a59f7f8" />
    <UnitTestResult executionId="9cebb838-8161-4e1c-b09e-e8fc68fbee45" testId="82718bba-f4f1-9591-0737-d8fc0ffb482e" testName="PetroProcure.UnitTests.Web.PersianDateUiTests.Null_dates_are_rendered_as_dash" computerName="DESKTOP-U1R5ISO" duration="00:00:00.0005726" startTime="2026-06-25T19:06:29.4359157+03:30" endTime="2026-06-25T19:06:29.4359158+03:30" testType="13cdc9d9-ddb5-4fa4-a97d-d965ccfc6d4b" outcome="Passed" testListId="8c84fa94-04c1-424b-9868-57a2d4851a1d" relativeResultsDirectory="9cebb838-8161-4e1c-b09e-e8fc68fbee45" />
    <UnitTestResult executionId="f943f4c9-3aac-4743-9ca1-21326af7a060" testId="4eb53629-3b3e-96b0-168c-38048b8cdc93" testName="PetroProcure.UnitTests.Application.PurchaseFileModuleTests.StatusChangeCreatesHistory" computerName="DESKTOP-U1R5ISO" duration="00:00:00.0063388" startTime="2026-06-25T19:06:29.4800680+03:30" endTime="2026-06-25T19:06:29.4800681+03:30" testType="13cdc9d9-ddb5-4fa4-a97d-d965ccfc6d4b" outcome="Passed" testListId="8c84fa94-04c1-424b-9868-57a2d4851a1d" relativeResultsDirectory="f943f4c9-3aac-4743-9ca1-21326af7a060" />
    <UnitTestResult executionId="154d0a32-4a7f-461e-bfeb-b0bb0799c051" testId="df286cd9-88fb-9028-8a0c-326b6cb91c56" testName="PetroProcure.UnitTests.Web.PurchaseFileUiTests.PurchaseFileListSendsPagingAndFilterParameters" computerName="DESKTOP-U1R5ISO" duration="00:00:00.1785117" startTime="2026-06-25T19:06:29.5510471+03:30" endTime="2026-06-25T19:06:29.5510475+03:30" testType="13cdc9d9-ddb5-4fa4-a97d-d965ccfc6d4b" outcome="Passed" testListId="8c84fa94-04c1-424b-9868-57a2d4851a1d" relativeResultsDirectory="154d0a32-4a7f-461e-bfeb-b0bb0799c051" />
    <UnitTestResult executionId="633f777a-da50-4ef3-bc50-a8e60ea6d25c" testId="f583631a-d3f5-aa32-e208-dca0e184316b" testName="PetroProcure.UnitTests.Domain.LegalRuleTests.ActiveRulesCannotBeEditedDirectly" computerName="DESKTOP-U1R5ISO" duration="00:00:00.0007145" startTime="2026-06-25T19:06:29.4610700+03:30" endTime="2026-06-25T19:06:29.4610701+03:30" testType="13cdc9d9-ddb5-4fa4-a97d-d965ccfc6d4b" outcome="Passed" testListId="8c84fa94-04c1-424b-9868-57a2d4851a1d" relativeResultsDirectory="633f777a-da50-4ef3-bc50-a8e60ea6d25c" />
    <UnitTestResult executionId="9f0c197b-5d7d-4f1e-8ab8-e64daf22f1c2" testId="5fb69779-01f2-cc38-5f7b-afd072281f24" testName="PetroProcure.UnitTests.Infrastructure.IdentitySeedDataTests.SeededAdminPasswordHash_MatchesConfiguredDefaultPassword" computerName="DESKTOP-U1R5ISO" duration="00:00:00.1380769" startTime="2026-06-25T19:06:29.6215830+03:30" endTime="2026-06-25T19:06:29.6215835+03:30" testType="13cdc9d9-ddb5-4fa4-a97d-d965ccfc6d4b" outcome="Passed" testListId="8c84fa94-04c1-424b-9868-57a2d4851a1d" relativeResultsDirectory="9f0c197b-5d7d-4f1e-8ab8-e64daf22f1c2" />
    <UnitTestResult executionId="4c00caeb-e229-4205-90d2-ccca128dc327" testId="3ac02f16-0059-345d-5dee-f9624a00ad0e" testName="PetroProcure.UnitTests.Infrastructure.FileStorageServiceTests.NewVersionIncrementsVersionNumber" computerName="DESKTOP-U1R5ISO" duration="00:00:00.0377536" startTime="2026-06-25T19:06:29.7074846+03:30" endTime="2026-06-25T19:06:29.7074849+03:30" testType="13cdc9d9-ddb5-4fa4-a97d-d965ccfc6d4b" outcome="Passed" testListId="8c84fa94-04c1-424b-9868-57a2d4851a1d" relativeResultsDirectory="4c00caeb-e229-4205-90d2-ccca128dc327" />
    <UnitTestResult executionId="eb31b122-4645-4121-963a-3321e1361ec8" testId="2e5ade6a-593a-1a46-1fab-bde81d9e00c3" testName="PetroProcure.UnitTests.Domain.IndentTests.ResolveIndentType_ReturnsExpectedType(typeDigit: 4, expectedType: Manual)" computerName="DESKTOP-U1R5ISO" duration="00:00:00.0000111" startTime="2026-06-25T19:06:29.4546349+03:30" endTime="2026-06-25T19:06:29.4546349+03:30" testType="13cdc9d9-ddb5-4fa4-a97d-d965ccfc6d4b" outcome="Passed" testListId="8c84fa94-04c1-424b-9868-57a2d4851a1d" relativeResultsDirectory="eb31b122-4645-4121-963a-3321e1361ec8" />
    <UnitTestResult executionId="a70889b0-2636-4c5b-87c0-6974fc06e31d" testId="6d78ad8a-561d-f132-b349-513565f96968" testName="PetroProcure.UnitTests.Web.ContractWebUiTests.Contract_pages_are_registered(typeName: &quot;PetroProcure.Web.Components.Pages.Contracts.Contra&quot;···, route: &quot;/purchase/contracts/{Id:guid}&quot;)" computerName="DESKTOP-U1R5ISO" duration="00:00:00.0097921" startTime="2026-06-25T19:06:29.4387610+03:30" endTime="2026-06-25T19:06:29.4387611+03:30" testType="13cdc9d9-ddb5-4fa4-a97d-d965ccfc6d4b" outcome="Passed" testListId="8c84fa94-04c1-424b-9868-57a2d4851a1d" relativeResultsDirectory="a70889b0-2636-4c5b-87c0-6974fc06e31d" />
    <UnitTestResult executionId="b8793933-971b-4fb8-95db-603d93f8b739" testId="3705b177-7fe9-70fb-de73-774d6eab6a32" testName="PetroProcure.UnitTests.Web.AdminWebUiTests.Admin_menu_is_visible_only_with_admin_permission" computerName="DESKTOP-U1R5ISO" duration="00:00:00.0025431" startTime="2026-06-25T19:06:29.4899428+03:30" endTime="2026-06-25T19:06:29.4899429+03:30" testType="13cdc9d9-ddb5-4fa4-a97d-d965ccfc6d4b" outcome="Passed" testListId="8c84fa94-04c1-424b-9868-57a2d4851a1d" relativeResultsDirectory="b8793933-971b-4fb8-95db-603d93f8b739" />
    <UnitTestResult executionId="ddb0b75b-0be0-401d-983e-2d1bd4b8c002" testId="2bbd8a68-a52b-8a30-8e74-cc1ebc37d4fb" testName="PetroProcure.UnitTests.Application.IndentModuleTests.GeneratesValidIndentNumber(typeDigit: 5, expected: &quot;2650001&quot;, expectedType: SystemGenerated)" computerName="DESKTOP-U1R5ISO" duration="00:00:00.0068909" startTime="2026-06-25T19:06:29.4334689+03:30" endTime="2026-06-25T19:06:29.4334692+03:30" testType="13cdc9d9-ddb5-4fa4-a97d-d965ccfc6d4b" outcome="Passed" testListId="8c84fa94-04c1-424b-9868-57a2d4851a1d" relativeResultsDirectory="ddb0b75b-0be0-401d-983e-2d1bd4b8c002" />
    <UnitTestResult executionId="f4255d00-5742-4727-a5e0-701ef85046b3" testId="c96ad493-99c4-8c52-6f62-37a054f4197e" testName="PetroProcure.UnitTests.Web.InquiryWebUiTests.Inquiry_list_page_is_registered" computerName="DESKTOP-U1R5ISO" duration="00:00:00.0005498" startTime="2026-06-25T19:06:29.4795922+03:30" endTime="2026-06-25T19:06:29.4795923+03:30" testType="13cdc9d9-ddb5-4fa4-a97d-d965ccfc6d4b" outcome="Passed" testListId="8c84fa94-04c1-424b-9868-57a2d4851a1d" relativeResultsDirectory="f4255d00-5742-4727-a5e0-701ef85046b3" />
    <UnitTestResult executionId="c2a6a951-301d-45ac-ab88-9e402694e9e5" testId="ed965d38-2b86-b02d-122e-1708e8c47f01" testName="PetroProcure.UnitTests.Web.InboxWebUiTests.Task_detail_links_to_related_entity" computerName="DESKTOP-U1R5ISO" duration="00:00:00.0011478" startTime="2026-06-25T19:06:29.4351446+03:30" endTime="2026-06-25T19:06:29.4351446+03:30" testType="13cdc9d9-ddb5-4fa4-a97d-d965ccfc6d4b" outcome="Passed" testListId="8c84fa94-04c1-424b-9868-57a2d4851a1d" relativeResultsDirectory="c2a6a951-301d-45ac-ab88-9e402694e9e5" />
    <UnitTestResult executionId="96822f06-e26d-4a93-864c-18dc3c85cfdf" testId="b2938977-1871-93eb-72af-ff3ebbab735c" testName="PetroProcure.UnitTests.Domain.TenderDomainTests.Closed_tender_is_read_only" computerName="DESKTOP-U1R5ISO" duration="00:00:00.0008144" startTime="2026-06-25T19:06:29.4975837+03:30" endTime="2026-06-25T19:06:29.4975837+03:30" testType="13cdc9d9-ddb5-4fa4-a97d-d965ccfc6d4b" outcome="Passed" testListId="8c84fa94-04c1-424b-9868-57a2d4851a1d" relativeResultsDirectory="96822f06-e26d-4a93-864c-18dc3c85cfdf" />
    <UnitTestResult executionId="ca68b4ac-df77-4c9e-bfac-0b82de5dac4e" testId="58272f87-f8a8-8a69-c1b3-f54a72abbe69" testName="PetroProcure.UnitTests.Infrastructure.FileStorageServiceTests.RejectsOversizedFile" computerName="DESKTOP-U1R5ISO" duration="00:00:00.0132230" startTime="2026-06-25T19:06:29.5563802+03:30" endTime="2026-06-25T19:06:29.5563804+03:30" testType="13cdc9d9-ddb5-4fa4-a97d-d965ccfc6d4b" outcome="Passed" testListId="8c84fa94-04c1-424b-9868-57a2d4851a1d" relativeResultsDirectory="ca68b4ac-df77-4c9e-bfac-0b82de5dac4e" />
    <UnitTestResult executionId="02efb128-b14c-4fa1-9ccf-cf5c4aa945fa" testId="fe253b66-5efd-28f8-cc34-e966309f2f8e" testName="PetroProcure.UnitTests.Domain.IndentTests.ResolveIndentType_ReturnsExpectedType(typeDigit: 6, expectedType: SystemGenerated)" computerName="DESKTOP-U1R5ISO" duration="00:00:00.0000070" startTime="2026-06-25T19:06:29.4547560+03:30" endTime="2026-06-25T19:06:29.4547561+03:30" testType="13cdc9d9-ddb5-4fa4-a97d-d965ccfc6d4b" outcome="Passed" testListId="8c84fa94-04c1-424b-9868-57a2d4851a1d" relativeResultsDirectory="02efb128-b14c-4fa1-9ccf-cf5c4aa945fa" />
    <UnitTestResult executionId="9a4b4487-7562-428e-820e-d5cbbcac1504" testId="752c4bc8-8345-ff79-ac93-ea06b9f97885" testName="PetroProcure.UnitTests.Infrastructure.FileStorageServiceTests.FileIsSavedWithRelativePathAndHash" computerName="DESKTOP-U1R5ISO" duration="00:00:00.0204984" startTime="2026-06-25T19:06:29.6549723+03:30" endTime="2026-06-25T19:06:29.6549729+03:30" testType="13cdc9d9-ddb5-4fa4-a97d-d965ccfc6d4b" outcome="Passed" testListId="8c84fa94-04c1-424b-9868-57a2d4851a1d" relativeResultsDirectory="9a4b4487-7562-428e-820e-d5cbbcac1504" />
    <UnitTestResult executionId="fcab6124-e111-44b1-a4c9-4ebf255cbd8c" testId="219ce4d7-eba2-cdc3-3218-4cc6aefd281f" testName="PetroProcure.UnitTests.Web.IndentWebUiTests.Mesc_item_can_be_grouped_for_indent" computerName="DESKTOP-U1R5ISO" duration="00:00:00.0087878" startTime="2026-06-25T19:06:29.4388618+03:30" endTime="2026-06-25T19:06:29.4388619+03:30" testType="13cdc9d9-ddb5-4fa4-a97d-d965ccfc6d4b" outcome="Passed" testListId="8c84fa94-04c1-424b-9868-57a2d4851a1d" relativeResultsDirectory="fcab6124-e111-44b1-a4c9-4ebf255cbd8c" />
    <UnitTestResult executionId="bd3ce771-d741-4d0e-a90a-cbc7af9df763" testId="4134abfb-1ea0-58e3-a136-def83223db92" testName="PetroProcure.UnitTests.Web.OrdersWebUiTests.Shortage_alerts_page_is_registered" computerName="DESKTOP-U1R5ISO" duration="00:00:00.0001765" startTime="2026-06-25T19:06:29.4583743+03:30" endTime="2026-06-25T19:06:29.4583744+03:30" testType="13cdc9d9-ddb5-4fa4-a97d-d965ccfc6d4b" outcome="Passed" testListId="8c84fa94-04c1-424b-9868-57a2d4851a1d" relativeResultsDirectory="bd3ce771-d741-4d0e-a90a-cbc7af9df763" />
    <UnitTestResult executionId="3492d52d-184a-4b94-81a8-23306c8d4565" testId="fd10f252-3064-0a1c-6973-ebc8fbcab23d" testName="PetroProcure.UnitTests.Web.InquiryWebUiTests.Permission_names_are_available" computerName="DESKTOP-U1R5ISO" duration="00:00:00.0000697" startTime="2026-06-25T19:06:29.4796921+03:30" endTime="2026-06-25T19:06:29.4796922+03:30" testType="13cdc9d9-ddb5-4fa4-a97d-d965ccfc6d4b" outcome="Passed" testListId="8c84fa94-04c1-424b-9868-57a2d4851a1d" relativeResultsDirectory="3492d52d-184a-4b94-81a8-23306c8d4565" />
    <UnitTestResult executionId="c10f3a17-cc99-4292-b7dc-8054a62b7444" testId="86b673ca-b7be-218f-f945-b198cfd04396" testName="PetroProcure.UnitTests.Application.PurchaseFileModuleTests.ItemsAreGroupedByMescGeneralGroup" computerName="DESKTOP-U1R5ISO" duration="00:00:00.0179670" startTime="2026-06-25T19:06:29.4912748+03:30" endTime="2026-06-25T19:06:29.4912749+03:30" testType="13cdc9d9-ddb5-4fa4-a97d-d965ccfc6d4b" outcome="Passed" testListId="8c84fa94-04c1-424b-9868-57a2d4851a1d" relativeResultsDirectory="c10f3a17-cc99-4292-b7dc-8054a62b7444" />
    <UnitTestResult executionId="b6bbfc89-8827-40cb-88d0-b62ee8353e9b" testId="7585ebe9-490c-c39b-7ae8-1665fc74bd61" testName="PetroProcure.UnitTests.Web.IndentWebUiTests.Send_to_purchase_requires_status_and_permission(status: Approved, permission: False, expected: False)" computerName="DESKTOP-U1R5ISO" duration="00:00:00.0000095" startTime="2026-06-25T19:06:29.4571666+03:30" endTime="2026-06-25T19:06:29.4571667+03:30" testType="13cdc9d9-ddb5-4fa4-a97d-d965ccfc6d4b" outcome="Passed" testListId="8c84fa94-04c1-424b-9868-57a2d4851a1d" relativeResultsDirectory="b6bbfc89-8827-40cb-88d0-b62ee8353e9b" />
    <UnitTestResult executionId="04c5255b-ce15-4e6f-983b-9fc61c2a864f" testId="3c14b5d9-16ef-e88f-9655-a40ee01ad459" testName="PetroProcure.UnitTests.Domain.ContractTests.Contract_approval_changes_status" computerName="DESKTOP-U1R5ISO" duration="00:00:00.0040188" startTime="2026-06-25T19:06:29.4543735+03:30" endTime="2026-06-25T19:06:29.4543739+03:30" testType="13cdc9d9-ddb5-4fa4-a97d-d965ccfc6d4b" outcome="Passed" testListId="8c84fa94-04c1-424b-9868-57a2d4851a1d" relativeResultsDirectory="04c5255b-ce15-4e6f-983b-9fc61c2a864f" />
    <UnitTestResult executionId="4798af2f-0fce-4aea-b3ef-2ff80b4ea0a9" testId="03a2e0bd-e7b4-02b5-ed20-00989136de27" testName="PetroProcure.UnitTests.Application.ContractModuleTests.Invalid_contract_year_is_rejected" computerName="DESKTOP-U1R5ISO" duration="00:00:00.0015205" startTime="2026-06-25T19:06:29.4618386+03:30" endTime="2026-06-25T19:06:29.4618387+03:30" testType="13cdc9d9-ddb5-4fa4-a97d-d965ccfc6d4b" outcome="Passed" testListId="8c84fa94-04c1-424b-9868-57a2d4851a1d" relativeResultsDirectory="4798af2f-0fce-4aea-b3ef-2ff80b4ea0a9" />
    <UnitTestResult executionId="05575b61-a7a9-41db-a715-06f82bfc92ac" testId="d87c8ffe-c59c-3ac2-ac75-999a3ec942be" testName="PetroProcure.UnitTests.Infrastructure.IdentitySeedDataTests.MainDepartments_ContainRequiredDepartmentTypes" computerName="DESKTOP-U1R5ISO" duration="00:00:00.1082189" startTime="2026-06-25T19:06:29.4988489+03:30" endTime="2026-06-25T19:06:29.4988490+03:30" testType="13cdc9d9-ddb5-4fa4-a97d-d965ccfc6d4b" outcome="Passed" testListId="8c84fa94-04c1-424b-9868-57a2d4851a1d" relativeResultsDirectory="05575b61-a7a9-41db-a715-06f82bfc92ac" />
    <UnitTestResult executionId="17f7b9c3-8e31-41e1-861e-da8bd2325984" testId="268aeb73-64a6-6bb2-079c-8f0f713dcb16" testName="PetroProcure.UnitTests.Web.CommissionWebUiTests.Commission_session_detail_page_is_registered" computerName="DESKTOP-U1R5ISO" duration="00:00:00.0003029" startTime="2026-06-25T19:06:29.4597763+03:30" endTime="2026-06-25T19:06:29.4597764+03:30" testType="13cdc9d9-ddb5-4fa4-a97d-d965ccfc6d4b" outcome="Passed" testListId="8c84fa94-04c1-424b-9868-57a2d4851a1d" relativeResultsDirectory="17f7b9c3-8e31-41e1-861e-da8bd2325984" />
    <UnitTestResult executionId="e309e44e-4d85-4f9a-a19d-ae8921f0de03" testId="8082e7ff-4fdf-6067-9eea-66567e7c8ab9" testName="PetroProcure.UnitTests.Web.PurchaseFileUiTests.UploadDocumentUsesMultipartContract" computerName="DESKTOP-U1R5ISO" duration="00:00:00.0252883" startTime="2026-06-25T19:06:29.6041614+03:30" endTime="2026-06-25T19:06:29.6041619+03:30" testType="13cdc9d9-ddb5-4fa4-a97d-d965ccfc6d4b" outcome="Passed" testListId="8c84fa94-04c1-424b-9868-57a2d4851a1d" relativeResultsDirectory="e309e44e-4d85-4f9a-a19d-ae8921f0de03" />
    <UnitTestResult executionId="67699150-47ed-4e00-843f-315d084fbf82" testId="78f5c420-1c14-6a9c-762f-8b5b9f86c041" testName="PetroProcure.UnitTests.Application.PurchaseOrderNumberServiceTests.Rejects_invalid_generated_number" computerName="DESKTOP-U1R5ISO" duration="00:00:00.0032840" startTime="2026-06-25T19:06:29.4310782+03:30" endTime="2026-06-25T19:06:29.4310783+03:30" testType="13cdc9d9-ddb5-4fa4-a97d-d965ccfc6d4b" outcome="Passed" testListId="8c84fa94-04c1-424b-9868-57a2d4851a1d" relativeResultsDirectory="67699150-47ed-4e00-843f-315d084fbf82" />
    <UnitTestResult executionId="dbe43eeb-22de-46a4-906c-e0e60ec98cc6" testId="bee8893a-de87-3207-cce9-0f1179bda1c2" testName="PetroProcure.UnitTests.Reporting.ReportGeneratorTests.ContractReportCreatesPdfBytes" computerName="DESKTOP-U1R5ISO" duration="00:00:00.1082545" startTime="2026-06-25T19:06:31.0905503+03:30" endTime="2026-06-25T19:06:31.0905512+03:30" testType="13cdc9d9-ddb5-4fa4-a97d-d965ccfc6d4b" outcome="Passed" testListId="8c84fa94-04c1-424b-9868-57a2d4851a1d" relativeResultsDirectory="dbe43eeb-22de-46a4-906c-e0e60ec98cc6" />
    <UnitTestResult executionId="a8b7d7f0-0a8d-4326-bb82-eda7c760cc74" testId="b3b59deb-99bb-44c4-9158-2eefa21b8f6b" testName="PetroProcure.UnitTests.Domain.OrdersTests.Manual_indent_has_manual_source_type" computerName="DESKTOP-U1R5ISO" duration="00:00:00.0002204" startTime="2026-06-25T19:06:29.4619664+03:30" endTime="2026-06-25T19:06:29.4619665+03:30" testType="13cdc9d9-ddb5-4fa4-a97d-d965ccfc6d4b" outcome="Passed" testListId="8c84fa94-04c1-424b-9868-57a2d4851a1d" relativeResultsDirectory="a8b7d7f0-0a8d-4326-bb82-eda7c760cc74" />
    <UnitTestResult executionId="9acbf4c2-de78-4afb-a823-1f4608f33732" testId="16c75929-8054-412a-ca71-963f222e01e1" testName="PetroProcure.UnitTests.Web.OrdersWebUiTests.Orders_dashboard_page_is_registered" computerName="DESKTOP-U1R5ISO" duration="00:00:00.0417662" startTime="2026-06-25T19:06:29.4580739+03:30" endTime="2026-06-25T19:06:29.4580740+03:30" testType="13cdc9d9-ddb5-4fa4-a97d-d965ccfc6d4b" outcome="Passed" testListId="8c84fa94-04c1-424b-9868-57a2d4851a1d" relativeResultsDirectory="9acbf4c2-de78-4afb-a823-1f4608f33732" />
    <UnitTestResult executionId="7138991a-040c-4883-a50e-559ebda354ed" testId="f7345cee-d08d-5fa4-5808-7c23fa545a2c" testName="PetroProcure.UnitTests.Domain.ContractTests.Contract_cannot_be_submitted_without_required_clauses" computerName="DESKTOP-U1R5ISO" duration="00:00:00.0003868" startTime="2026-06-25T19:06:29.4384048+03:30" endTime="2026-06-25T19:06:29.4384049+03:30" testType="13cdc9d9-ddb5-4fa4-a97d-d965ccfc6d4b" outcome="Passed" testListId="8c84fa94-04c1-424b-9868-57a2d4851a1d" relativeResultsDirectory="7138991a-040c-4883-a50e-559ebda354ed" />
    <UnitTestResult executionId="3c6cc6c9-d275-4c44-8fd2-5ef03a874969" testId="5652adb5-762b-8be0-42bf-4f6e271260dc" testName="PetroProcure.UnitTests.Domain.LegalRuleTests.EvaluationStoresResultLinkedToRuleVersion" computerName="DESKTOP-U1R5ISO" duration="00:00:00.0101090" startTime="2026-06-25T19:06:29.4896179+03:30" endTime="2026-06-25T19:06:29.4896180+03:30" testType="13cdc9d9-ddb5-4fa4-a97d-d965ccfc6d4b" outcome="Passed" testListId="8c84fa94-04c1-424b-9868-57a2d4851a1d" relativeResultsDirectory="3c6cc6c9-d275-4c44-8fd2-5ef03a874969" />
    <UnitTestResult executionId="bb97d9c1-a76b-449b-9c67-ec0bd7c07b88" testId="17e81b00-4a46-b0d7-2698-adc86c42796d" testName="PetroProcure.UnitTests.Application.IndentModuleTests.SendingIndentToPurchaseCreatesWorkflowAndInboxTask" computerName="DESKTOP-U1R5ISO" duration="00:00:00.0154880" startTime="2026-06-25T19:06:29.4559863+03:30" endTime="2026-06-25T19:06:29.4559864+03:30" testType="13cdc9d9-ddb5-4fa4-a97d-d965ccfc6d4b" outcome="Passed" testListId="8c84fa94-04c1-424b-9868-57a2d4851a1d" relativeResultsDirectory="bb97d9c1-a76b-449b-9c67-ec0bd7c07b88" />
    <UnitTestResult executionId="3fc32162-a4cc-4aa1-a587-83b6de174344" testId="a4de5be8-1e2e-9443-dcfa-89601edb71df" testName="PetroProcure.UnitTests.Domain.IndentTests.ResolveIndentType_ReturnsExpectedType(typeDigit: 0, expectedType: DirectPurchase)" computerName="DESKTOP-U1R5ISO" duration="00:00:00.0000067" startTime="2026-06-25T19:06:29.4558433+03:30" endTime="2026-06-25T19:06:29.4558433+03:30" testType="13cdc9d9-ddb5-4fa4-a97d-d965ccfc6d4b" outcome="Passed" testListId="8c84fa94-04c1-424b-9868-57a2d4851a1d" relativeResultsDirectory="3fc32162-a4cc-4aa1-a587-83b6de174344" />
    <UnitTestResult executionId="7fe65973-641a-4410-933f-ee824081ae5d" testId="a9e4639f-9d0b-20a0-54bf-7d164614d020" testName="PetroProcure.UnitTests.Application.PurchaseFileModuleTests.FileNumberIsGeneratedCorrectly" computerName="DESKTOP-U1R5ISO" duration="00:00:00.0005542" startTime="2026-06-25T19:06:29.4818941+03:30" endTime="2026-06-25T19:06:29.4818942+03:30" testType="13cdc9d9-ddb5-4fa4-a97d-d965ccfc6d4b" outcome="Passed" testListId="8c84fa94-04c1-424b-9868-57a2d4851a1d" relativeResultsDirectory="7fe65973-641a-4410-933f-ee824081ae5d" />
    <UnitTestResult executionId="469ec3d1-94bc-42f7-ac2f-46c1bcae0418" testId="beb3a36c-5f15-de3f-3bbf-9c8d60d7d06d" testName="PetroProcure.UnitTests.Web.MescWebUiTests.Groups_page_is_registered" computerName="DESKTOP-U1R5ISO" duration="00:00:00.0004970" startTime="2026-06-25T19:06:29.4373208+03:30" endTime="2026-06-25T19:06:29.4373209+03:30" testType="13cdc9d9-ddb5-4fa4-a97d-d965ccfc6d4b" outcome="Passed" testListId="8c84fa94-04c1-424b-9868-57a2d4851a1d" relativeResultsDirectory="469ec3d1-94bc-42f7-ac2f-46c1bcae0418" />
    <UnitTestResult executionId="4b8d77c6-aab8-4cf5-b710-c89f90aeff55" testId="5ae18e86-8b67-41d4-6d0a-b109d97b4430" testName="PetroProcure.UnitTests.Web.PurchaseFileUiTests.ApiClientMaps404ToNotFoundError" computerName="DESKTOP-U1R5ISO" duration="00:00:00.0025187" startTime="2026-06-25T19:06:29.6091715+03:30" endTime="2026-06-25T19:06:29.6091719+03:30" testType="13cdc9d9-ddb5-4fa4-a97d-d965ccfc6d4b" outcome="Passed" testListId="8c84fa94-04c1-424b-9868-57a2d4851a1d" relativeResultsDirectory="4b8d77c6-aab8-4cf5-b710-c89f90aeff55" />
    <UnitTestResult executionId="4efc78fa-c4b5-4719-9fd2-aa225fe847ed" testId="c817a5cf-50d8-3b6e-5620-203847081dfc" testName="PetroProcure.UnitTests.Web.CommissionWebUiTests.Approve_button_is_hidden_without_permission" computerName="DESKTOP-U1R5ISO" duration="00:00:00.0004656" startTime="2026-06-25T19:06:29.4596930+03:30" endTime="2026-06-25T19:06:29.4596931+03:30" testType="13cdc9d9-ddb5-4fa4-a97d-d965ccfc6d4b" outcome="Passed" testListId="8c84fa94-04c1-424b-9868-57a2d4851a1d" relativeResultsDirectory="4efc78fa-c4b5-4719-9fd2-aa225fe847ed" />
    <UnitTestResult executionId="efb14ea3-86f7-4251-9198-7ddd0b5c9bf2" testId="9a3d97ee-20c1-dc94-f22f-46590264e2d2" testName="PetroProcure.UnitTests.Domain.PurchaseOrderTests.Approved_purchase_order_can_be_issued_and_becomes_readonly" computerName="DESKTOP-U1R5ISO" duration="00:00:00.0049771" startTime="2026-06-25T19:06:29.4952128+03:30" endTime="2026-06-25T19:06:29.4952129+03:30" testType="13cdc9d9-ddb5-4fa4-a97d-d965ccfc6d4b" outcome="Passed" testListId="8c84fa94-04c1-424b-9868-57a2d4851a1d" relativeResultsDirectory="efb14ea3-86f7-4251-9198-7ddd0b5c9bf2" />
    <UnitTestResult executionId="bc3c1a76-3f7b-450a-9968-591091fce508" testId="2938fc49-b85d-89cf-4c3e-91496379b950" testName="PetroProcure.UnitTests.Web.SupplierWebUiTests.Permission_names_are_available_for_supplier_buttons" computerName="DESKTOP-U1R5ISO" duration="00:00:00.0001488" startTime="2026-06-25T19:06:29.4884636+03:30" endTime="2026-06-25T19:06:29.4884637+03:30" testType="13cdc9d9-ddb5-4fa4-a97d-d965ccfc6d4b" outcome="Passed" testListId="8c84fa94-04c1-424b-9868-57a2d4851a1d" relativeResultsDirectory="bc3c1a76-3f7b-450a-9968-591091fce508" />
    <UnitTestResult executionId="aa062806-ae73-4002-b743-79dbfe3c0a14" testId="395201de-7cd6-bc8f-a719-cc29308c6ba2" testName="PetroProcure.UnitTests.Domain.TenderCommissionSessionTests.Only_one_secretary_is_allowed" computerName="DESKTOP-U1R5ISO" duration="00:00:00.0006014" startTime="2026-06-25T19:06:29.4980125+03:30" endTime="2026-06-25T19:06:29.4980125+03:30" testType="13cdc9d9-ddb5-4fa4-a97d-d965ccfc6d4b" outcome="Passed" testListId="8c84fa94-04c1-424b-9868-57a2d4851a1d" relativeResultsDirectory="aa062806-ae73-4002-b743-79dbfe3c0a14" />
    <UnitTestResult executionId="8b2adbeb-798c-4743-94bb-5f6abe4302a8" testId="7719084d-b841-5462-f813-d811a8257ee9" testName="PetroProcure.UnitTests.Domain.PurchaseOrderTests.Cannot_issue_unless_approved" computerName="DESKTOP-U1R5ISO" duration="00:00:00.0231226" startTime="2026-06-25T19:06:29.4915866+03:30" endTime="2026-06-25T19:06:29.4915867+03:30" testType="13cdc9d9-ddb5-4fa4-a97d-d965ccfc6d4b" outcome="Passed" testListId="8c84fa94-04c1-424b-9868-57a2d4851a1d" relativeResultsDirectory="8b2adbeb-798c-4743-94bb-5f6abe4302a8" />
    <UnitTestResult executionId="4fe46449-ff20-4871-b380-b1cd3b681717" testId="07a847bf-fb35-94ec-8412-0e16e21f56a3" testName="PetroProcure.UnitTests.Domain.TenderDomainTests.Cancelled_tender_is_read_only" computerName="DESKTOP-U1R5ISO" duration="00:00:00.0006441" startTime="2026-06-25T19:06:29.4974845+03:30" endTime="2026-06-25T19:06:29.4974846+03:30" testType="13cdc9d9-ddb5-4fa4-a97d-d965ccfc6d4b" outcome="Passed" testListId="8c84fa94-04c1-424b-9868-57a2d4851a1d" relativeResultsDirectory="4fe46449-ff20-4871-b380-b1cd3b681717" />
    <UnitTestResult executionId="942b3f46-0999-490c-baa3-1163b84ddafc" testId="e06e6d0f-6e8b-99b6-db72-68813bbfa7ea" testName="PetroProcure.UnitTests.Security.WebAuthenticationTests.ForbiddenApiResponseRedirectsToAccessDenied" computerName="DESKTOP-U1R5ISO" duration="00:00:00.0007862" startTime="2026-06-25T19:06:29.4954268+03:30" endTime="2026-06-25T19:06:29.4954269+03:30" testType="13cdc9d9-ddb5-4fa4-a97d-d965ccfc6d4b" outcome="Passed" testListId="8c84fa94-04c1-424b-9868-57a2d4851a1d" relativeResultsDirectory="942b3f46-0999-490c-baa3-1163b84ddafc" />
    <UnitTestResult executionId="a03fa1cc-9ef4-43cf-b53e-33cb067fc2ac" testId="f6c213d1-eaf3-3e47-976d-0276d160b44e" testName="PetroProcure.UnitTests.Domain.InquiryTests.Inquiry_item_keeps_snapshot_values" computerName="DESKTOP-U1R5ISO" duration="00:00:00.0014287" startTime="2026-06-25T19:06:29.4362856+03:30" endTime="2026-06-25T19:06:29.4362857+03:30" testType="13cdc9d9-ddb5-4fa4-a97d-d965ccfc6d4b" outcome="Passed" testListId="8c84fa94-04c1-424b-9868-57a2d4851a1d" relativeResultsDirectory="a03fa1cc-9ef4-43cf-b53e-33cb067fc2ac" />
    <UnitTestResult executionId="c35a880b-50a1-4fcc-b669-af45b5afda81" testId="ca102b93-63d7-0c47-7d8f-56923e606adc" testName="PetroProcure.UnitTests.Domain.OrdersTests.Shortage_alert_calculation_returns_missing_quantity" computerName="DESKTOP-U1R5ISO" duration="00:00:00.0156202" startTime="2026-06-25T19:06:29.4304671+03:30" endTime="2026-06-25T19:06:29.4304672+03:30" testType="13cdc9d9-ddb5-4fa4-a97d-d965ccfc6d4b" outcome="Passed" testListId="8c84fa94-04c1-424b-9868-57a2d4851a1d" relativeResultsDirectory="c35a880b-50a1-4fcc-b669-af45b5afda81" />
    <UnitTestResult executionId="6ad0f45d-f21f-4684-b715-aed65292ff7c" testId="7e1848a2-459b-3a25-0374-70ba056b85de" testName="PetroProcure.UnitTests.Web.AdminWebUiTests.Users_page_is_registered" computerName="DESKTOP-U1R5ISO" duration="00:00:00.0002541" startTime="2026-06-25T19:06:29.4874657+03:30" endTime="2026-06-25T19:06:29.4874659+03:30" testType="13cdc9d9-ddb5-4fa4-a97d-d965ccfc6d4b" outcome="Passed" testListId="8c84fa94-04c1-424b-9868-57a2d4851a1d" relativeResultsDirectory="6ad0f45d-f21f-4684-b715-aed65292ff7c" />
    <UnitTestResult executionId="9d8d629b-0ef3-47cc-942c-106970ba89ad" testId="3927fa51-1146-a856-1e53-ae8e0bfe540e" testName="PetroProcure.UnitTests.Web.ContractWebUiTests.Contract_pages_are_registered(typeName: &quot;PetroProcure.Web.Components.Pages.Contracts.Contra&quot;···, route: &quot;/purchase/contracts/templates&quot;)" computerName="DESKTOP-U1R5ISO" duration="00:00:00.0003749" startTime="2026-06-25T19:06:29.4338467+03:30" endTime="2026-06-25T19:06:29.4338467+03:30" testType="13cdc9d9-ddb5-4fa4-a97d-d965ccfc6d4b" outcome="Passed" testListId="8c84fa94-04c1-424b-9868-57a2d4851a1d" relativeResultsDirectory="9d8d629b-0ef3-47cc-942c-106970ba89ad" />
    <UnitTestResult executionId="6ddd24c3-2ed2-44aa-a602-f394d8a14fcc" testId="9e6b54db-6b9f-5963-fc7d-bb0ce24e4b49" testName="PetroProcure.UnitTests.Web.PurchaseFileUiTests.UnauthorizedGetTriggersOneRefreshAndRetriesOriginalRequest" computerName="DESKTOP-U1R5ISO" duration="00:00:00.0020594" startTime="2026-06-25T19:06:29.6063338+03:30" endTime="2026-06-25T19:06:29.6063342+03:30" testType="13cdc9d9-ddb5-4fa4-a97d-d965ccfc6d4b" outcome="Passed" testListId="8c84fa94-04c1-424b-9868-57a2d4851a1d" relativeResultsDirectory="6ddd24c3-2ed2-44aa-a602-f394d8a14fcc" />
    <UnitTestResult executionId="12750765-1cfb-4c31-8890-f6579363f94a" testId="7a5ff724-4245-d31d-f3ff-baa287384873" testName="PetroProcure.UnitTests.Web.OrdersWebUiTests.Orders_permission_names_are_available" computerName="DESKTOP-U1R5ISO" duration="00:00:00.0000936" startTime="2026-06-25T19:06:29.4581604+03:30" endTime="2026-06-25T19:06:29.4581604+03:30" testType="13cdc9d9-ddb5-4fa4-a97d-d965ccfc6d4b" outcome="Passed" testListId="8c84fa94-04c1-424b-9868-57a2d4851a1d" relativeResultsDirectory="12750765-1cfb-4c31-8890-f6579363f94a" />
    <UnitTestResult executionId="991a714e-7078-43e8-9bf1-9e6a76709ca6" testId="79005434-6b2d-045c-42be-1f88f2e088b2" testName="PetroProcure.UnitTests.Web.ContractWebUiTests.Contract_pages_are_registered(typeName: &quot;PetroProcure.Web.Components.Pages.Contracts.Contra&quot;···, route: &quot;/purchase/contracts/from-purchase-file/{PurchaseFi&quot;···)" computerName="DESKTOP-U1R5ISO" duration="00:00:00.0001159" startTime="2026-06-25T19:06:29.4348935+03:30" endTime="2026-06-25T19:06:29.4348935+03:30" testType="13cdc9d9-ddb5-4fa4-a97d-d965ccfc6d4b" outcome="Passed" testListId="8c84fa94-04c1-424b-9868-57a2d4851a1d" relativeResultsDirectory="991a714e-7078-43e8-9bf1-9e6a76709ca6" />
    <UnitTestResult executionId="cd21865f-36c4-4d49-b6ff-f900c743c8ed" testId="b62a7d9d-e35a-861c-eb60-ec0e0644781e" testName="PetroProcure.UnitTests.Web.MescWebUiTests.Items_page_is_registered" computerName="DESKTOP-U1R5ISO" duration="00:00:00.0004481" startTime="2026-06-25T19:06:29.4374787+03:30" endTime="2026-06-25T19:06:29.4374787+03:30" testType="13cdc9d9-ddb5-4fa4-a97d-d965ccfc6d4b" outcome="Passed" testListId="8c84fa94-04c1-424b-9868-57a2d4851a1d" relativeResultsDirectory="cd21865f-36c4-4d49-b6ff-f900c743c8ed" />
    <UnitTestResult executionId="a449b049-0ab4-454d-804a-5e2bc84f0fe1" testId="16a49596-4c85-400f-4aba-09875111398c" testName="PetroProcure.UnitTests.Application.PurchaseFileModuleTests.CreatesPurchaseFileManually" computerName="DESKTOP-U1R5ISO" duration="00:00:00.0044917" startTime="2026-06-25T19:06:29.4898597+03:30" endTime="2026-06-25T19:06:29.4898598+03:30" testType="13cdc9d9-ddb5-4fa4-a97d-d965ccfc6d4b" outcome="Passed" testListId="8c84fa94-04c1-424b-9868-57a2d4851a1d" relativeResultsDirectory="a449b049-0ab4-454d-804a-5e2bc84f0fe1" />
    <UnitTestResult executionId="30e4b4c8-e37b-449d-b72a-782d6ebee66e" testId="42b922ee-faa7-db0b-9472-d0b8d14dcc32" testName="PetroProcure.UnitTests.Domain.TenderDomainTests.Tender_cannot_be_published_without_items" computerName="DESKTOP-U1R5ISO" duration="00:00:00.0003973" startTime="2026-06-25T19:06:29.4965450+03:30" endTime="2026-06-25T19:06:29.4965451+03:30" testType="13cdc9d9-ddb5-4fa4-a97d-d965ccfc6d4b" outcome="Passed" testListId="8c84fa94-04c1-424b-9868-57a2d4851a1d" relativeResultsDirectory="30e4b4c8-e37b-449d-b72a-782d6ebee66e" />
    <UnitTestResult executionId="5b300a98-7875-44f6-ae37-47b74e955769" testId="fa4f80df-807e-a4a4-81b0-861a919336af" testName="PetroProcure.UnitTests.Domain.OrdersTests.Shortage_alert_indent_source_display_text_is_generated" computerName="DESKTOP-U1R5ISO" duration="00:00:00.0206387" startTime="2026-06-25T19:06:29.4402044+03:30" endTime="2026-06-25T19:06:29.4402044+03:30" testType="13cdc9d9-ddb5-4fa4-a97d-d965ccfc6d4b" outcome="Passed" testListId="8c84fa94-04c1-424b-9868-57a2d4851a1d" relativeResultsDirectory="5b300a98-7875-44f6-ae37-47b74e955769" />
[...]
    <TestEntry testId="63301302-d907-3ad8-f1db-d7f71df0f6cf" executionId="0f4fac6b-d321-4014-90a3-89c2f9bee9eb" testListId="8c84fa94-04c1-424b-9868-57a2d4851a1d" />
    <TestEntry testId="7805c5f7-fdff-546a-18fd-cf4f052e9339" executionId="fb203f9e-0988-422f-967b-3b1245fc4034" testListId="8c84fa94-04c1-424b-9868-57a2d4851a1d" />
    <TestEntry testId="68701fdd-9dee-ad0e-054b-5371cf30e65f" executionId="f0e72225-1cab-46ab-a684-5ad09a59f7f8" testListId="8c84fa94-04c1-424b-9868-57a2d4851a1d" />
    <TestEntry testId="82718bba-f4f1-9591-0737-d8fc0ffb482e" executionId="9cebb838-8161-4e1c-b09e-e8fc68fbee45" testListId="8c84fa94-04c1-424b-9868-57a2d4851a1d" />
    <TestEntry testId="4eb53629-3b3e-96b0-168c-38048b8cdc93" executionId="f943f4c9-3aac-4743-9ca1-21326af7a060" testListId="8c84fa94-04c1-424b-9868-57a2d4851a1d" />
    <TestEntry testId="df286cd9-88fb-9028-8a0c-326b6cb91c56" executionId="154d0a32-4a7f-461e-bfeb-b0bb0799c051" testListId="8c84fa94-04c1-424b-9868-57a2d4851a1d" />
    <TestEntry testId="f583631a-d3f5-aa32-e208-dca0e184316b" executionId="633f777a-da50-4ef3-bc50-a8e60ea6d25c" testListId="8c84fa94-04c1-424b-9868-57a2d4851a1d" />
    <TestEntry testId="5fb69779-01f2-cc38-5f7b-afd072281f24" executionId="9f0c197b-5d7d-4f1e-8ab8-e64daf22f1c2" testListId="8c84fa94-04c1-424b-9868-57a2d4851a1d" />
    <TestEntry testId="3ac02f16-0059-345d-5dee-f9624a00ad0e" executionId="4c00caeb-e229-4205-90d2-ccca128dc327" testListId="8c84fa94-04c1-424b-9868-57a2d4851a1d" />
    <TestEntry testId="2e5ade6a-593a-1a46-1fab-bde81d9e00c3" executionId="eb31b122-4645-4121-963a-3321e1361ec8" testListId="8c84fa94-04c1-424b-9868-57a2d4851a1d" />
    <TestEntry testId="6d78ad8a-561d-f132-b349-513565f96968" executionId="a70889b0-2636-4c5b-87c0-6974fc06e31d" testListId="8c84fa94-04c1-424b-9868-57a2d4851a1d" />
    <TestEntry testId="3705b177-7fe9-70fb-de73-774d6eab6a32" executionId="b8793933-971b-4fb8-95db-603d93f8b739" testListId="8c84fa94-04c1-424b-9868-57a2d4851a1d" />
    <TestEntry testId="2bbd8a68-a52b-8a30-8e74-cc1ebc37d4fb" executionId="ddb0b75b-0be0-401d-983e-2d1bd4b8c002" testListId="8c84fa94-04c1-424b-9868-57a2d4851a1d" />
    <TestEntry testId="c96ad493-99c4-8c52-6f62-37a054f4197e" executionId="f4255d00-5742-4727-a5e0-701ef85046b3" testListId="8c84fa94-04c1-424b-9868-57a2d4851a1d" />
    <TestEntry testId="ed965d38-2b86-b02d-122e-1708e8c47f01" executionId="c2a6a951-301d-45ac-ab88-9e402694e9e5" testListId="8c84fa94-04c1-424b-9868-57a2d4851a1d" />
    <TestEntry testId="b2938977-1871-93eb-72af-ff3ebbab735c" executionId="96822f06-e26d-4a93-864c-18dc3c85cfdf" testListId="8c84fa94-04c1-424b-9868-57a2d4851a1d" />
    <TestEntry testId="58272f87-f8a8-8a69-c1b3-f54a72abbe69" executionId="ca68b4ac-df77-4c9e-bfac-0b82de5dac4e" testListId="8c84fa94-04c1-424b-9868-57a2d4851a1d" />
    <TestEntry testId="fe253b66-5efd-28f8-cc34-e966309f2f8e" executionId="02efb128-b14c-4fa1-9ccf-cf5c4aa945fa" testListId="8c84fa94-04c1-424b-9868-57a2d4851a1d" />
    <TestEntry testId="752c4bc8-8345-ff79-ac93-ea06b9f97885" executionId="9a4b4487-7562-428e-820e-d5cbbcac1504" testListId="8c84fa94-04c1-424b-9868-57a2d4851a1d" />
    <TestEntry testId="219ce4d7-eba2-cdc3-3218-4cc6aefd281f" executionId="fcab6124-e111-44b1-a4c9-4ebf255cbd8c" testListId="8c84fa94-04c1-424b-9868-57a2d4851a1d" />
    <TestEntry testId="4134abfb-1ea0-58e3-a136-def83223db92" executionId="bd3ce771-d741-4d0e-a90a-cbc7af9df763" testListId="8c84fa94-04c1-424b-9868-57a2d4851a1d" />
    <TestEntry testId="fd10f252-3064-0a1c-6973-ebc8fbcab23d" executionId="3492d52d-184a-4b94-81a8-23306c8d4565" testListId="8c84fa94-04c1-424b-9868-57a2d4851a1d" />
    <TestEntry testId="86b673ca-b7be-218f-f945-b198cfd04396" executionId="c10f3a17-cc99-4292-b7dc-8054a62b7444" testListId="8c84fa94-04c1-424b-9868-57a2d4851a1d" />
    <TestEntry testId="7585ebe9-490c-c39b-7ae8-1665fc74bd61" executionId="b6bbfc89-8827-40cb-88d0-b62ee8353e9b" testListId="8c84fa94-04c1-424b-9868-57a2d4851a1d" />
    <TestEntry testId="3c14b5d9-16ef-e88f-9655-a40ee01ad459" executionId="04c5255b-ce15-4e6f-983b-9fc61c2a864f" testListId="8c84fa94-04c1-424b-9868-57a2d4851a1d" />
    <TestEntry testId="03a2e0bd-e7b4-02b5-ed20-00989136de27" executionId="4798af2f-0fce-4aea-b3ef-2ff80b4ea0a9" testListId="8c84fa94-04c1-424b-9868-57a2d4851a1d" />
    <TestEntry testId="d87c8ffe-c59c-3ac2-ac75-999a3ec942be" executionId="05575b61-a7a9-41db-a715-06f82bfc92ac" testListId="8c84fa94-04c1-424b-9868-57a2d4851a1d" />
    <TestEntry testId="268aeb73-64a6-6bb2-079c-8f0f713dcb16" executionId="17f7b9c3-8e31-41e1-861e-da8bd2325984" testListId="8c84fa94-04c1-424b-9868-57a2d4851a1d" />
    <TestEntry testId="8082e7ff-4fdf-6067-9eea-66567e7c8ab9" executionId="e309e44e-4d85-4f9a-a19d-ae8921f0de03" testListId="8c84fa94-04c1-424b-9868-57a2d4851a1d" />
    <TestEntry testId="78f5c420-1c14-6a9c-762f-8b5b9f86c041" executionId="67699150-47ed-4e00-843f-315d084fbf82" testListId="8c84fa94-04c1-424b-9868-57a2d4851a1d" />
    <TestEntry testId="bee8893a-de87-3207-cce9-0f1179bda1c2" executionId="dbe43eeb-22de-46a4-906c-e0e60ec98cc6" testListId="8c84fa94-04c1-424b-9868-57a2d4851a1d" />
    <TestEntry testId="b3b59deb-99bb-44c4-9158-2eefa21b8f6b" executionId="a8b7d7f0-0a8d-4326-bb82-eda7c760cc74" testListId="8c84fa94-04c1-424b-9868-57a2d4851a1d" />
    <TestEntry testId="16c75929-8054-412a-ca71-963f222e01e1" executionId="9acbf4c2-de78-4afb-a823-1f4608f33732" testListId="8c84fa94-04c1-424b-9868-57a2d4851a1d" />
    <TestEntry testId="f7345cee-d08d-5fa4-5808-7c23fa545a2c" executionId="7138991a-040c-4883-a50e-559ebda354ed" testListId="8c84fa94-04c1-424b-9868-57a2d4851a1d" />
    <TestEntry testId="5652adb5-762b-8be0-42bf-4f6e271260dc" executionId="3c6cc6c9-d275-4c44-8fd2-5ef03a874969" testListId="8c84fa94-04c1-424b-9868-57a2d4851a1d" />
    <TestEntry testId="17e81b00-4a46-b0d7-2698-adc86c42796d" executionId="bb97d9c1-a76b-449b-9c67-ec0bd7c07b88" testListId="8c84fa94-04c1-424b-9868-57a2d4851a1d" />
    <TestEntry testId="a4de5be8-1e2e-9443-dcfa-89601edb71df" executionId="3fc32162-a4cc-4aa1-a587-83b6de174344" testListId="8c84fa94-04c1-424b-9868-57a2d4851a1d" />
    <TestEntry testId="a9e4639f-9d0b-20a0-54bf-7d164614d020" executionId="7fe65973-641a-4410-933f-ee824081ae5d" testListId="8c84fa94-04c1-424b-9868-57a2d4851a1d" />
    <TestEntry testId="beb3a36c-5f15-de3f-3bbf-9c8d60d7d06d" executionId="469ec3d1-94bc-42f7-ac2f-46c1bcae0418" testListId="8c84fa94-04c1-424b-9868-57a2d4851a1d" />
    <TestEntry testId="5ae18e86-8b67-41d4-6d0a-b109d97b4430" executionId="4b8d77c6-aab8-4cf5-b710-c89f90aeff55" testListId="8c84fa94-04c1-424b-9868-57a2d4851a1d" />
    <TestEntry testId="c817a5cf-50d8-3b6e-5620-203847081dfc" executionId="4efc78fa-c4b5-4719-9fd2-aa225fe847ed" testListId="8c84fa94-04c1-424b-9868-57a2d4851a1d" />
    <TestEntry testId="9a3d97ee-20c1-dc94-f22f-46590264e2d2" executionId="efb14ea3-86f7-4251-9198-7ddd0b5c9bf2" testListId="8c84fa94-04c1-424b-9868-57a2d4851a1d" />
    <TestEntry testId="2938fc49-b85d-89cf-4c3e-91496379b950" executionId="bc3c1a76-3f7b-450a-9968-591091fce508" testListId="8c84fa94-04c1-424b-9868-57a2d4851a1d" />
    <TestEntry testId="395201de-7cd6-bc8f-a719-cc29308c6ba2" executionId="aa062806-ae73-4002-b743-79dbfe3c0a14" testListId="8c84fa94-04c1-424b-9868-57a2d4851a1d" />
    <TestEntry testId="7719084d-b841-5462-f813-d811a8257ee9" executionId="8b2adbeb-798c-4743-94bb-5f6abe4302a8" testListId="8c84fa94-04c1-424b-9868-57a2d4851a1d" />
    <TestEntry testId="07a847bf-fb35-94ec-8412-0e16e21f56a3" executionId="4fe46449-ff20-4871-b380-b1cd3b681717" testListId="8c84fa94-04c1-424b-9868-57a2d4851a1d" />
    <TestEntry testId="e06e6d0f-6e8b-99b6-db72-68813bbfa7ea" executionId="942b3f46-0999-490c-baa3-1163b84ddafc" testListId="8c84fa94-04c1-424b-9868-57a2d4851a1d" />
    <TestEntry testId="f6c213d1-eaf3-3e47-976d-0276d160b44e" executionId="a03fa1cc-9ef4-43cf-b53e-33cb067fc2ac" testListId="8c84fa94-04c1-424b-9868-57a2d4851a1d" />
    <TestEntry testId="ca102b93-63d7-0c47-7d8f-56923e606adc" executionId="c35a880b-50a1-4fcc-b669-af45b5afda81" testListId="8c84fa94-04c1-424b-9868-57a2d4851a1d" />
    <TestEntry testId="7e1848a2-459b-3a25-0374-70ba056b85de" executionId="6ad0f45d-f21f-4684-b715-aed65292ff7c" testListId="8c84fa94-04c1-424b-9868-57a2d4851a1d" />
    <TestEntry testId="3927fa51-1146-a856-1e53-ae8e0bfe540e" executionId="9d8d629b-0ef3-47cc-942c-106970ba89ad" testListId="8c84fa94-04c1-424b-9868-57a2d4851a1d" />
    <TestEntry testId="9e6b54db-6b9f-5963-fc7d-bb0ce24e4b49" executionId="6ddd24c3-2ed2-44aa-a602-f394d8a14fcc" testListId="8c84fa94-04c1-424b-9868-57a2d4851a1d" />
    <TestEntry testId="7a5ff724-4245-d31d-f3ff-baa287384873" executionId="12750765-1cfb-4c31-8890-f6579363f94a" testListId="8c84fa94-04c1-424b-9868-57a2d4851a1d" />
    <TestEntry testId="79005434-6b2d-045c-42be-1f88f2e088b2" executionId="991a714e-7078-43e8-9bf1-9e6a76709ca6" testListId="8c84fa94-04c1-424b-9868-57a2d4851a1d" />
    <TestEntry testId="b62a7d9d-e35a-861c-eb60-ec0e0644781e" executionId="cd21865f-36c4-4d49-b6ff-f900c743c8ed" testListId="8c84fa94-04c1-424b-9868-57a2d4851a1d" />
    <TestEntry testId="16a49596-4c85-400f-4aba-09875111398c" executionId="a449b049-0ab4-454d-804a-5e2bc84f0fe1" testListId="8c84fa94-04c1-424b-9868-57a2d4851a1d" />
    <TestEntry testId="42b922ee-faa7-db0b-9472-d0b8d14dcc32" executionId="30e4b4c8-e37b-449d-b72a-782d6ebee66e" testListId="8c84fa94-04c1-424b-9868-57a2d4851a1d" />
    <TestEntry testId="fa4f80df-807e-a4a4-81b0-861a919336af" executionId="5b300a98-7875-44f6-ae37-47b74e955769" testListId="8c84fa94-04c1-424b-9868-57a2d4851a1d" />
    <TestEntry testId="c1d51859-d4d2-2678-aaed-b422042fee8a" executionId="be46d32e-1d32-4f8d-819f-7deb7d327569" testListId="8c84fa94-04c1-424b-9868-57a2d4851a1d" />
    <TestEntry testId="beeb9483-8856-6250-5ead-a5db7b4e651e" executionId="32ba38c6-87cf-4a09-bce2-41947f09395e" testListId="8c84fa94-04c1-424b-9868-57a2d4851a1d" />
    <TestEntry testId="e6a43ff2-eb5e-9b62-69cf-3255ce983de2" executionId="a51bede6-04af-4e14-8de4-84073201b2e1" testListId="8c84fa94-04c1-424b-9868-57a2d4851a1d" />
    <TestEntry testId="05e687fc-4033-8aea-81ed-7916d92045ed" executionId="9c2fa9c3-6226-49b5-989e-ee82992e3603" testListId="8c84fa94-04c1-424b-9868-57a2d4851a1d" />
    <TestEntry testId="008efb05-ce9d-df89-1644-638f2a2bfe73" executionId="16c91833-bacd-464f-9073-a7b608230817" testListId="8c84fa94-04c1-424b-9868-57a2d4851a1d" />
    <TestEntry testId="a865a5d9-2473-fd35-c582-34f94aef2fde" executionId="6f919c14-a9c7-4fdb-9d54-afde8db39ca5" testListId="8c84fa94-04c1-424b-9868-57a2d4851a1d" />
    <TestEntry testId="a5312d46-6899-85b9-d9fe-ec3df38d75f3" executionId="e6937530-f741-4151-b0b7-8db6684bea70" testListId="8c84fa94-04c1-424b-9868-57a2d4851a1d" />
    <TestEntry testId="cb45b06b-65cd-3e16-fe20-0d5ac1beea19" executionId="99ef149d-b2b4-4c9a-b86b-a87c5018e571" testListId="8c84fa94-04c1-424b-9868-57a2d4851a1d" />
    <TestEntry testId="754e9c6b-1d61-d6e7-9312-3d54a62c178a" executionId="c2ddff95-6efa-48a3-8807-ee0d9aba2c41" testListId="8c84fa94-04c1-424b-9868-57a2d4851a1d" />
    <TestEntry testId="ae3ce878-eecf-5f8c-dc05-4eaefbcceb1e" executionId="1eba0ff4-0d84-4e58-b551-7404200705d6" testListId="8c84fa94-04c1-424b-9868-57a2d4851a1d" />
    <TestEntry testId="996698a5-42aa-e82b-525e-4914508d0ab3" executionId="b263983c-791d-4c20-a5ed-47ab12fd7be5" testListId="8c84fa94-04c1-424b-9868-57a2d4851a1d" />
    <TestEntry testId="59d6f14d-9bba-622b-a7be-17e74ecd81f9" executionId="f044051b-7593-4cbb-9043-50c05c967b00" testListId="8c84fa94-04c1-424b-9868-57a2d4851a1d" />
    <TestEntry testId="bf141af9-e04d-1cf0-5a61-ccfe8f2b2cb5" executionId="76e2a482-4512-496e-b137-94e0fe9a48d3" testListId="8c84fa94-04c1-424b-9868-57a2d4851a1d" />
    <TestEntry testId="b41775c1-9331-d4a4-9370-bd0fb0f52a65" executionId="210339ff-3741-4dbc-aa24-381297273a1e" testListId="8c84fa94-04c1-424b-9868-57a2d4851a1d" />
    <TestEntry testId="324ea75e-cddc-c585-0ce1-136c28e4e6da" executionId="70338402-41cb-40ca-9256-33ba338b7e4e" testListId="8c84fa94-04c1-424b-9868-57a2d4851a1d" />
    <TestEntry testId="44721598-769f-d1e4-f15b-952a7f00c5ae" executionId="4dc5e426-bc0e-4cfc-9c24-1d2a02b86552" testListId="8c84fa94-04c1-424b-9868-57a2d4851a1d" />
    <TestEntry testId="08b2841e-ad82-39a5-2928-c95d3e7a57c2" executionId="cb48371e-b171-494e-b1c0-62014949cdc3" testListId="8c84fa94-04c1-424b-9868-57a2d4851a1d" />
    <TestEntry testId="00d7ad35-4c8e-79b6-f1d5-418ff9488770" executionId="d0eb5eb0-99bd-420b-98de-6fb61ff0f2a8" testListId="8c84fa94-04c1-424b-9868-57a2d4851a1d" />
    <TestEntry testId="b1c21c33-1058-7da5-a82d-f4cae026166b" executionId="e4d205f0-6edf-497f-a07a-197caf91efb7" testListId="8c84fa94-04c1-424b-9868-57a2d4851a1d" />
    <TestEntry testId="4bf183a8-6bca-e2e9-4b3f-8dc850919019" executionId="f1a220f1-1a6b-4812-8b27-a8f0b6d2b784" testListId="8c84fa94-04c1-424b-9868-57a2d4851a1d" />
    <TestEntry testId="310a56d5-9352-f69c-cfb3-91bab72b6280" executionId="4d7f0ebc-fb89-423e-9fcd-5cc17b68ac48" testListId="8c84fa94-04c1-424b-9868-57a2d4851a1d" />
    <TestEntry testId="2618de9f-e5d4-f0ac-d7a3-a80463bb624e" executionId="39d386d8-1e48-4a92-abec-30886aec8e05" testListId="8c84fa94-04c1-424b-9868-57a2d4851a1d" />
    <TestEntry testId="b1d217d4-b900-9469-32e0-0e3f9c1a5c34" executionId="9c14ca7c-db93-4e65-8e32-6b845e94b1a4" testListId="8c84fa94-04c1-424b-9868-57a2d4851a1d" />
    <TestEntry testId="fc1a6a24-288d-8355-eb71-42f616a9146b" executionId="12e27ec7-7439-4dc5-998f-968b9f807e97" testListId="8c84fa94-04c1-424b-9868-57a2d4851a1d" />
    <TestEntry testId="4e5ed7e6-3971-ec3a-da52-06bb6a032182" executionId="410d4df6-3f00-405f-b6f2-92191c9a82b7" testListId="8c84fa94-04c1-424b-9868-57a2d4851a1d" />
    <TestEntry testId="eee62bae-ed79-4943-d5c4-37cc71575c03" executionId="f58e442a-de4b-4619-b22a-a48e5df748ad" testListId="8c84fa94-04c1-424b-9868-57a2d4851a1d" />
    <TestEntry testId="4d972869-cd06-0229-6b32-54105d276f2f" executionId="cee81908-c449-4cb8-aca9-958932f8ef01" testListId="8c84fa94-04c1-424b-9868-57a2d4851a1d" />
    <TestEntry testId="62789766-774b-d3ad-837d-d150211ea811" executionId="953ad223-27e6-4585-8873-ae61accf38e6" testListId="8c84fa94-04c1-424b-9868-57a2d4851a1d" />
    <TestEntry testId="cabe496a-5b6b-3aa9-71ea-6f708e707261" executionId="7e3add36-2d92-4a1e-8d9f-387fd22a5509" testListId="8c84fa94-04c1-424b-9868-57a2d4851a1d" />
    <TestEntry testId="a4edc187-fca6-38ed-3095-cb331f817ea8" executionId="9ca16f92-adb1-424c-afa4-acb6ca4d534b" testListId="8c84fa94-04c1-424b-9868-57a2d4851a1d" />
    <TestEntry testId="9e7805c1-029d-4b51-fc1e-b14e1d2e0d7c" executionId="64f3048b-e98a-40f3-a535-f9f8c408719a" testListId="8c84fa94-04c1-424b-9868-57a2d4851a1d" />
    <TestEntry testId="3036ba64-c179-720a-4586-fb2763290350" executionId="2755b4e4-7d98-42d0-a736-247263d4b19b" testListId="8c84fa94-04c1-424b-9868-57a2d4851a1d" />
    <TestEntry testId="1fe9c64f-1980-70fb-d660-326dadab3a84" executionId="23fb9055-7f9f-4232-a266-282d175de67c" testListId="8c84fa94-04c1-424b-9868-57a2d4851a1d" />
    <TestEntry testId="728e3f5c-cbf5-8dc2-36d7-445f5bcde774" executionId="74608dc7-9b69-4d1c-ab37-14519c666527" testListId="8c84fa94-04c1-424b-9868-57a2d4851a1d" />
    <TestEntry testId="0a8af37f-980c-c29c-e2c9-cf8ea670f6ab" executionId="a370db61-a93b-4080-a498-99990dbe3746" testListId="8c84fa94-04c1-424b-9868-57a2d4851a1d" />
    <TestEntry testId="4b8b05cf-2ebe-bbdc-f2b9-6a039271ed04" executionId="cf42e2c3-9b7b-4c7d-96eb-4442dcedb3c5" testListId="8c84fa94-04c1-424b-9868-57a2d4851a1d" />
    <TestEntry testId="1fa072fe-525c-725f-0e3f-1652d2251cd6" executionId="51ee9230-39cd-4a9e-835e-8e0980c0e0b1" testListId="8c84fa94-04c1-424b-9868-57a2d4851a1d" />
    <TestEntry testId="c154299c-0d13-87aa-0cf7-8f4acd3dbd8a" executionId="c6fe24e0-9b4e-4497-ab02-672f59b5b49d" testListId="8c84fa94-04c1-424b-9868-57a2d4851a1d" />
    <TestEntry testId="cbeca787-2aa0-c746-0967-56bb31053697" executionId="cf92d9f5-9bc7-426a-8021-497ecadb04f3" testListId="8c84fa94-04c1-424b-9868-57a2d4851a1d" />
    <TestEntry testId="b81aa6e1-e629-efcf-a19f-353569728dcb" executionId="0e0c1d21-9ccd-46e4-a044-ac67ee9daf2c" testListId="8c84fa94-04c1-424b-9868-57a2d4851a1d" />
    <TestEntry testId="588defbb-c865-5071-d91f-4570afad5ca7" executionId="5c3c85b8-7da3-41ff-ba2e-0096e8278ed8" testListId="8c84fa94-04c1-424b-9868-57a2d4851a1d" />
    <TestEntry testId="9a452f5b-5b30-ecc7-12ed-9264b26dd495" executionId="ce46175e-a51c-47a6-8e03-c9e1dc6c2c1f" testListId="8c84fa94-04c1-424b-9868-57a2d4851a1d" />
    <TestEntry testId="7cf7cb4c-04c5-079d-02f4-227f55b8af7f" executionId="c2b64f65-6319-4f00-9333-4c4ee82d5cb3" testListId="8c84fa94-04c1-424b-9868-57a2d4851a1d" />
    <TestEntry testId="642a40a7-e88d-6f6d-6756-bc0bc185e7ee" executionId="21b95e78-0c27-48de-8fa7-99c78198721f" testListId="8c84fa94-04c1-424b-9868-57a2d4851a1d" />
    <TestEntry testId="6fc3a81b-1e0a-4c26-2499-85958bd7fd38" executionId="be76e295-4f2d-4e29-aabb-1a62fa26e3f8" testListId="8c84fa94-04c1-424b-9868-57a2d4851a1d" />
    <TestEntry testId="63dd8248-40f9-a87c-64c6-839f3a90d79a" executionId="0d8b4dac-e4a0-4316-a662-76dce70db42d" testListId="8c84fa94-04c1-424b-9868-57a2d4851a1d" />
    <TestEntry testId="18927304-42e8-17ab-f333-c034891cb3f1" executionId="3583d4eb-ff98-4b9e-aa63-9d67f087e374" testListId="8c84fa94-04c1-424b-9868-57a2d4851a1d" />
    <TestEntry testId="00100cc5-bee8-ad3b-0cf4-a85429700c84" executionId="85d2e627-4daf-42c0-9c6b-f2cae63230ed" testListId="8c84fa94-04c1-424b-9868-57a2d4851a1d" />
    <TestEntry testId="91b206b1-4576-aeda-27a1-2d93dd0b3f53" executionId="b206635e-7437-48a1-9c07-7b495bf76be8" testListId="8c84fa94-04c1-424b-9868-57a2d4851a1d" />
    <TestEntry testId="16673625-9aa7-4a29-e879-a6569c986e74" executionId="08ad93fc-184e-46a9-86e0-9c450fb9e5b2" testListId="8c84fa94-04c1-424b-9868-57a2d4851a1d" />
    <TestEntry testId="48b14113-1718-fb23-ae31-3be1c1dcc0d7" executionId="5a2ec4c6-c23f-4d73-9b6a-c07f302c4955" testListId="8c84fa94-04c1-424b-9868-57a2d4851a1d" />
    <TestEntry testId="ad3f844f-52f1-abdf-1aff-e4649976fbed" executionId="c4cded13-6a18-42e7-a205-f2c315dbf95f" testListId="8c84fa94-04c1-424b-9868-57a2d4851a1d" />
    <TestEntry testId="e94e91ac-557f-7b4b-d55c-0aea7736f9e4" executionId="bf0e77b8-1383-4c1b-a694-99794518a3e1" testListId="8c84fa94-04c1-424b-9868-57a2d4851a1d" />
    <TestEntry testId="be6d6539-494f-5525-ec98-918ac7232e3c" executionId="6683f412-e16c-4033-9797-45f18c203e6e" testListId="8c84fa94-04c1-424b-9868-57a2d4851a1d" />
    <TestEntry testId="59440fd4-18af-5321-d5bb-7a5ecaa5a35d" executionId="a6db2392-52ad-4149-9571-bd64451048dd" testListId="8c84fa94-04c1-424b-9868-57a2d4851a1d" />
    <TestEntry testId="e868f979-7f01-543c-1f3d-2f42492ee00d" executionId="4d1b55ed-920f-4697-8b7c-63c0e0ce471c" testListId="8c84fa94-04c1-424b-9868-57a2d4851a1d" />
    <TestEntry testId="991311c3-f893-562f-5130-b209e2578832" executionId="eaa80e33-df56-4dba-a658-5bc49fea5a6f" testListId="8c84fa94-04c1-424b-9868-57a2d4851a1d" />
  </TestEntries>
  <TestLists>
    <TestList name="Results Not in a List" id="8c84fa94-04c1-424b-9868-57a2d4851a1d" />
    <TestList name="All Loaded Results" id="19431567-8539-422a-85d7-44ee4e166bda" />
  </TestLists>
  <ResultSummary outcome="Completed">
    <Counters total="199" executed="199" passed="199" failed="0" error="0" timeout="0" aborted="0" inconclusive="0" passedButRunAborted="0" notRunnable="0" notExecuted="0" disconnected="0" warning="0" completed="0" inProgress="0" pending="0" />
    <Output>
      <StdOut>[xUnit.net 00:00:00.00] xUnit.net VSTest Adapter v2.8.2+699d445a1a (64-bit .NET 9.0.17)&#xD;
[xUnit.net 00:00:00.38]   Discovering: PetroProcure.UnitTests&#xD;
[xUnit.net 00:00:00.53]   Discovered:  PetroProcure.UnitTests&#xD;
[xUnit.net 00:00:00.54]   Starting:    PetroProcure.UnitTests&#xD;
[xUnit.net 00:00:02.78]   Finished:    PetroProcure.UnitTests&#xD;
</StdOut>
    </Output>
  </ResultSummary>
</TestRun>