<?xml version="1.0" encoding="utf-8"?>
<TestRun id="1c05c5ca-f715-45f7-80fe-b32c90ad0df1" name="Mohammad Shamsololam@DESKTOP-U1R5ISO 2026-06-25 19:06:42" runUser="DESKTOP-U1R5ISO\Mohammad Shamsololam" xmlns="http://microsoft.com/schemas/VisualStudio/TeamTest/2010">
  <Times creation="2026-06-25T19:06:42.6082836+03:30" queuing="2026-06-25T19:06:42.6082840+03:30" start="2026-06-25T19:06:27.5633589+03:30" finish="2026-06-25T19:06:48.1958776+03:30" />
  <TestSettings name="default" id="621833fc-ef52-4aa7-969f-a6f7bba48339">
    <Deployment runDeploymentRoot="Mohammad_Shamsololam_DESKTOP-U1R5ISO_2026-06-25_19_06_42" />
  </TestSettings>
  <Results>
    <UnitTestResult executionId="9746b7f3-d085-413b-896b-82b15113e87a" testId="f3f65b61-cf97-a9b8-4f48-3b4b0f7ccf6a" testName="PetroProcure.IntegrationTests.ApiAuthorizationTests.CreateSubmitApproveAndConvertMaterialNeedToIndent" computerName="DESKTOP-U1R5ISO" duration="00:00:00.3366199" startTime="2026-06-25T19:06:45.2819886+03:30" endTime="2026-06-25T19:06:45.2819888+03:30" testType="13cdc9d9-ddb5-4fa4-a97d-d965ccfc6d4b" outcome="Passed" testListId="8c84fa94-04c1-424b-9868-57a2d4851a1d" relativeResultsDirectory="9746b7f3-d085-413b-896b-82b15113e87a" />
    <UnitTestResult executionId="eb2372df-aa28-4e14-909b-0ea7701898bd" testId="6129dc38-33f4-abec-e365-42158181b3f3" testName="PetroProcure.IntegrationTests.ApiAuthorizationTests.DetectShortageAlertAndConvertToIndent" computerName="DESKTOP-U1R5ISO" duration="00:00:00.3087030" startTime="2026-06-25T19:06:44.7379396+03:30" endTime="2026-06-25T19:06:44.7379399+03:30" testType="13cdc9d9-ddb5-4fa4-a97d-d965ccfc6d4b" outcome="Passed" testListId="8c84fa94-04c1-424b-9868-57a2d4851a1d" relativeResultsDirectory="eb2372df-aa28-4e14-909b-0ea7701898bd" />
    <UnitTestResult executionId="e7e30c86-3ab4-4b74-8d96-fa40457a344f" testId="d0300e02-85d5-d578-329d-239104523d6e" testName="PetroProcure.IntegrationTests.ApiAuthorizationTests.AnonymousRequestReturns401" computerName="DESKTOP-U1R5ISO" duration="00:00:00.0028136" startTime="2026-06-25T19:06:45.5777920+03:30" endTime="2026-06-25T19:06:45.5777921+03:30" testType="13cdc9d9-ddb5-4fa4-a97d-d965ccfc6d4b" outcome="Passed" testListId="8c84fa94-04c1-424b-9868-57a2d4851a1d" relativeResultsDirectory="e7e30c86-3ab4-4b74-8d96-fa40457a344f" />
    <UnitTestResult executionId="0056ffa5-d0c9-4eaf-aa22-f30b61c7f13e" testId="b6f6cbe4-bfaa-94be-67d6-fcf30e2a14cb" testName="PetroProcure.IntegrationTests.ApiAuthorizationTests.SupplierLookupExcludesBlacklistedByDefault" computerName="DESKTOP-U1R5ISO" duration="00:00:00.0674606" startTime="2026-06-25T19:06:46.5568255+03:30" endTime="2026-06-25T19:06:46.5568258+03:30" testType="13cdc9d9-ddb5-4fa4-a97d-d965ccfc6d4b" outcome="Passed" testListId="8c84fa94-04c1-424b-9868-57a2d4851a1d" relativeResultsDirectory="0056ffa5-d0c9-4eaf-aa22-f30b61c7f13e" />
    <UnitTestResult executionId="8c383ad2-331c-4932-bd5c-39d3f1718936" testId="3f26e794-71e4-ac42-8fd2-55e063c2b7fe" testName="PetroProcure.IntegrationTests.ApiAuthorizationTests.DepartmentAccessIsEnforced" computerName="DESKTOP-U1R5ISO" duration="00:00:00.0440896" startTime="2026-06-25T19:06:45.6224139+03:30" endTime="2026-06-25T19:06:45.6224141+03:30" testType="13cdc9d9-ddb5-4fa4-a97d-d965ccfc6d4b" outcome="Passed" testListId="8c84fa94-04c1-424b-9868-57a2d4851a1d" relativeResultsDirectory="8c383ad2-331c-4932-bd5c-39d3f1718936" />
    <UnitTestResult executionId="79a70ec5-fa9e-4c96-b5a9-fcf3a5059ee1" testId="3b1a271d-24e1-1f0a-8183-be002684de8b" testName="PetroProcure.IntegrationTests.ApiAuthorizationTests.UserWithContractViewCanListContracts" computerName="DESKTOP-U1R5ISO" duration="00:00:00.0509035" startTime="2026-06-25T19:06:44.8065179+03:30" endTime="2026-06-25T19:06:44.8065182+03:30" testType="13cdc9d9-ddb5-4fa4-a97d-d965ccfc6d4b" outcome="Passed" testListId="8c84fa94-04c1-424b-9868-57a2d4851a1d" relativeResultsDirectory="79a70ec5-fa9e-4c96-b5a9-fcf3a5059ee1" />
    <UnitTestResult executionId="a0763476-a91b-4538-a474-e55ad1cd17f5" testId="e9401699-1fbc-fba8-a0b1-5bc863b55653" testName="PetroProcure.IntegrationTests.ProcurementLifecycleIntegrationTests.RequiredSeedDataExists" computerName="DESKTOP-U1R5ISO" duration="00:00:00.4712651" startTime="2026-06-25T19:06:41.5461147+03:30" endTime="2026-06-25T19:06:41.5461433+03:30" testType="13cdc9d9-ddb5-4fa4-a97d-d965ccfc6d4b" outcome="Passed" testListId="8c84fa94-04c1-424b-9868-57a2d4851a1d" relativeResultsDirectory="a0763476-a91b-4538-a474-e55ad1cd17f5" />
    <UnitTestResult executionId="5c67bc5a-5609-4ec3-a2ff-50803a69afd0" testId="bdfea57b-ca20-e8cc-3cdd-a88b41f38400" testName="PetroProcure.IntegrationTests.ProcurementLifecycleIntegrationTests.ApplyingMigrationsAgainDoesNotDuplicateSeedData" computerName="DESKTOP-U1R5ISO" duration="00:00:00.5338386" startTime="2026-06-25T19:06:42.1046933+03:30" endTime="2026-06-25T19:06:42.1046934+03:30" testType="13cdc9d9-ddb5-4fa4-a97d-d965ccfc6d4b" outcome="Passed" testListId="8c84fa94-04c1-424b-9868-57a2d4851a1d" relativeResultsDirectory="5c67bc5a-5609-4ec3-a2ff-50803a69afd0" />
    <UnitTestResult executionId="5427401f-134f-4c43-8830-06450a20dcc9" testId="bb06348c-d085-0c4a-857c-16745eb1b905" testName="PetroProcure.IntegrationTests.ApiAuthorizationTests.LoginSuccessReturnsTokenAndCurrentUser" computerName="DESKTOP-U1R5ISO" duration="00:00:00.2875396" startTime="2026-06-25T19:06:45.5700673+03:30" endTime="2026-06-25T19:06:45.5700675+03:30" testType="13cdc9d9-ddb5-4fa4-a97d-d965ccfc6d4b" outcome="Passed" testListId="8c84fa94-04c1-424b-9868-57a2d4851a1d" relativeResultsDirectory="5427401f-134f-4c43-8830-06450a20dcc9" />
    <UnitTestResult executionId="c6fe5101-78c1-4fa3-9e80-61f4c7fbcea2" testId="f3f52af2-a1a9-30bb-77f0-165e78c86759" testName="PetroProcure.IntegrationTests.ApiAuthorizationTests.UserWithoutOrdersViewInventoryCannotViewInventoryControl" computerName="DESKTOP-U1R5ISO" duration="00:00:00.0049186" startTime="2026-06-25T19:06:46.7876079+03:30" endTime="2026-06-25T19:06:46.7876081+03:30" testType="13cdc9d9-ddb5-4fa4-a97d-d965ccfc6d4b" outcome="Passed" testListId="8c84fa94-04c1-424b-9868-57a2d4851a1d" relativeResultsDirectory="c6fe5101-78c1-4fa3-9e80-61f4c7fbcea2" />
    <UnitTestResult executionId="2962691b-a6e5-4d60-bb9b-7b2ff66d1075" testId="08c0b60d-4603-d1aa-c1e8-764739429183" testName="PetroProcure.IntegrationTests.ApiAuthorizationTests.AuthenticatedUserWithoutPermissionReturns403" computerName="DESKTOP-U1R5ISO" duration="00:00:00.0063732" startTime="2026-06-25T19:06:44.8133966+03:30" endTime="2026-06-25T19:06:44.8133968+03:30" testType="13cdc9d9-ddb5-4fa4-a97d-d965ccfc6d4b" outcome="Passed" testListId="8c84fa94-04c1-424b-9868-57a2d4851a1d" relativeResultsDirectory="2962691b-a6e5-4d60-bb9b-7b2ff66d1075" />
    <UnitTestResult executionId="78fafccb-1d6d-4e4e-9794-0af15f9b23b2" testId="f412a741-e7de-a4cc-f4f3-20ab440a0fd5" testName="PetroProcure.IntegrationTests.ApiAuthorizationTests.UserWithoutTenderManageDocumentsCannotUploadTenderDocument" computerName="DESKTOP-U1R5ISO" duration="00:00:00.0076281" startTime="2026-06-25T19:06:46.4888916+03:30" endTime="2026-06-25T19:06:46.4888918+03:30" testType="13cdc9d9-ddb5-4fa4-a97d-d965ccfc6d4b" outcome="Passed" testListId="8c84fa94-04c1-424b-9868-57a2d4851a1d" relativeResultsDirectory="78fafccb-1d6d-4e4e-9794-0af15f9b23b2" />
    <UnitTestResult executionId="f0c3f966-f398-4d60-8e10-6d9fa7879515" testId="182ccdd0-1b0f-0f04-41f7-a2217e58466a" testName="PetroProcure.IntegrationTests.ApiAuthorizationTests.UserWithoutCommissionReportExportCannotExportCommissionReport" computerName="DESKTOP-U1R5ISO" duration="00:00:00.0034433" startTime="2026-06-25T19:06:44.7494014+03:30" endTime="2026-06-25T19:06:44.7494020+03:30" testType="13cdc9d9-ddb5-4fa4-a97d-d965ccfc6d4b" outcome="Passed" testListId="8c84fa94-04c1-424b-9868-57a2d4851a1d" relativeResultsDirectory="f0c3f966-f398-4d60-8e10-6d9fa7879515" />
    <UnitTestResult executionId="5d94b956-3463-400f-937d-babec7d685dc" testId="281f2555-6a3b-d08d-6eee-a872ad108740" testName="PetroProcure.IntegrationTests.ApiAuthorizationTests.CreatedByUserIdComesFromClaimsAndClientValueIsIgnored" computerName="DESKTOP-U1R5ISO" duration="00:00:00.0167787" startTime="2026-06-25T19:06:45.6396085+03:30" endTime="2026-06-25T19:06:45.6396087+03:30" testType="13cdc9d9-ddb5-4fa4-a97d-d965ccfc6d4b" outcome="Passed" testListId="8c84fa94-04c1-424b-9868-57a2d4851a1d" relativeResultsDirectory="5d94b956-3463-400f-937d-babec7d685dc" />
    <UnitTestResult executionId="59bdc156-43c6-4876-a88c-fb5487a3ec88" testId="0caca53e-c5cb-f3e3-f42e-0144884f9280" testName="PetroProcure.IntegrationTests.ApiAuthorizationTests.LoginFailureReturnsUnauthorized" computerName="DESKTOP-U1R5ISO" duration="00:00:00.0986350" startTime="2026-06-25T19:06:44.9448925+03:30" endTime="2026-06-25T19:06:44.9448927+03:30" testType="13cdc9d9-ddb5-4fa4-a97d-d965ccfc6d4b" outcome="Passed" testListId="8c84fa94-04c1-424b-9868-57a2d4851a1d" relativeResultsDirectory="59bdc156-43c6-4876-a88c-fb5487a3ec88" />
    <UnitTestResult executionId="44866c62-d8f5-4c88-8762-3fc9207a3648" testId="e560335f-aa3b-13f2-dd8d-d77cd96a0c4d" testName="PetroProcure.IntegrationTests.ApiAuthorizationTests.ContractListRequiresContractView" computerName="DESKTOP-U1R5ISO" duration="00:00:00.0038166" startTime="2026-06-25T19:06:45.5743879+03:30" endTime="2026-06-25T19:06:45.5743879+03:30" testType="13cdc9d9-ddb5-4fa4-a97d-d965ccfc6d4b" outcome="Passed" testListId="8c84fa94-04c1-424b-9868-57a2d4851a1d" relativeResultsDirectory="44866c62-d8f5-4c88-8762-3fc9207a3648" />
    <UnitTestResult executionId="1e09d9d2-cc81-4001-b86b-3237f5606e6b" testId="34ef444f-cce5-58ed-909d-14453be046ed" testName="PetroProcure.IntegrationTests.ApiAuthorizationTests.AdminEndpointBlocksNonAdminUser" computerName="DESKTOP-U1R5ISO" duration="00:00:00.0042639" startTime="2026-06-25T19:06:46.4808581+03:30" endTime="2026-06-25T19:06:46.4808583+03:30" testType="13cdc9d9-ddb5-4fa4-a97d-d965ccfc6d4b" outcome="Passed" testListId="8c84fa94-04c1-424b-9868-57a2d4851a1d" relativeResultsDirectory="1e09d9d2-cc81-4001-b86b-3237f5606e6b" />
    <UnitTestResult executionId="6b0b333d-7d93-4a29-94d2-1c2ed83de047" testId="24882f48-4163-5841-c7d8-d773f76d78d0" testName="PetroProcure.IntegrationTests.ProcurementLifecycleIntegrationTests.DatabaseMigrationAppliesSuccessfully" computerName="DESKTOP-U1R5ISO" duration="00:00:00.0230076" startTime="2026-06-25T19:06:41.5702951+03:30" endTime="2026-06-25T19:06:41.5702954+03:30" testType="13cdc9d9-ddb5-4fa4-a97d-d965ccfc6d4b" outcome="Passed" testListId="8c84fa94-04c1-424b-9868-57a2d4851a1d" relativeResultsDirectory="6b0b333d-7d93-4a29-94d2-1c2ed83de047" />
    <UnitTestResult executionId="b2e16269-7b3d-4bc5-9606-9275d073d9cf" testId="3940cf71-9e62-a78d-786c-93b4aadb54ec" testName="PetroProcure.IntegrationTests.ApiAuthorizationTests.UserWithTenderReportExportCanGenerateTenderSummaryPdf" computerName="DESKTOP-U1R5ISO" duration="00:00:00.1554984" startTime="2026-06-25T19:06:46.7822500+03:30" endTime="2026-06-25T19:06:46.7822502+03:30" testType="13cdc9d9-ddb5-4fa4-a97d-d965ccfc6d4b" outcome="Passed" testListId="8c84fa94-04c1-424b-9868-57a2d4851a1d" relativeResultsDirectory="b2e16269-7b3d-4bc5-9606-9275d073d9cf" />
    <UnitTestResult executionId="da22783b-ef3f-41b4-9b85-5fe4628bf107" testId="1a4ca78e-43b9-155c-a787-36f55506314e" testName="PetroProcure.IntegrationTests.ApiAuthorizationTests.CreateInquiryFromPurchaseFileAndSend" computerName="DESKTOP-U1R5ISO" duration="00:00:00.0689773" startTime="2026-06-25T19:06:46.6262374+03:30" endTime="2026-06-25T19:06:46.6262376+03:30" testType="13cdc9d9-ddb5-4fa4-a97d-d965ccfc6d4b" outcome="Passed" testListId="8c84fa94-04c1-424b-9868-57a2d4851a1d" relativeResultsDirectory="da22783b-ef3f-41b4-9b85-5fe4628bf107" />
    <UnitTestResult executionId="9f75dc12-6cfa-44c8-991d-80eaa3d172d3" testId="fdbad019-e851-3c63-9ff8-c4b0918975ab" testName="PetroProcure.IntegrationTests.ApiAuthorizationTests.UserWithoutTenderReportExportCannotExportTenderReport" computerName="DESKTOP-U1R5ISO" duration="00:00:00.0036323" startTime="2026-06-25T19:06:44.4287093+03:30" endTime="2026-06-25T19:06:44.4287095+03:30" testType="13cdc9d9-ddb5-4fa4-a97d-d965ccfc6d4b" outcome="Passed" testListId="8c84fa94-04c1-424b-9868-57a2d4851a1d" relativeResultsDirectory="9f75dc12-6cfa-44c8-991d-80eaa3d172d3" />
    <UnitTestResult executionId="aa3a59ba-5045-48a8-8ce6-409f3458dc6c" testId="95ddfa53-ee8b-e467-471d-5b6dd3b1ad88" testName="PetroProcure.IntegrationTests.ApiAuthorizationTests.UserWithPermissionCanCallProtectedEndpoint" computerName="DESKTOP-U1R5ISO" duration="00:00:00.0317808" startTime="2026-06-25T19:06:44.8457251+03:30" endTime="2026-06-25T19:06:44.8457254+03:30" testType="13cdc9d9-ddb5-4fa4-a97d-d965ccfc6d4b" outcome="Passed" testListId="8c84fa94-04c1-424b-9868-57a2d4851a1d" relativeResultsDirectory="aa3a59ba-5045-48a8-8ce6-409f3458dc6c" />
    <UnitTestResult executionId="68c8113f-b855-4815-962e-4f055f34b4ba" testId="50abb316-f63f-c3a4-11bb-e010a49f5b50" testName="PetroProcure.IntegrationTests.ApiAuthorizationTests.UserWithoutCommissionCreateCannotCreateSession" computerName="DESKTOP-U1R5ISO" duration="00:00:00.0061341" startTime="2026-06-25T19:06:46.4762064+03:30" endTime="2026-06-25T19:06:46.4762066+03:30" testType="13cdc9d9-ddb5-4fa4-a97d-d965ccfc6d4b" outcome="Passed" testListId="8c84fa94-04c1-424b-9868-57a2d4851a1d" relativeResultsDirectory="68c8113f-b855-4815-962e-4f055f34b4ba" />
    <UnitTestResult executionId="5789f0a5-4c67-4349-ac51-0fb5938cda01" testId="7e200618-893a-d0a6-f42c-4b14daea31ba" testName="PetroProcure.IntegrationTests.ApiAuthorizationTests.AddSupplierQuoteAndGetComparison" computerName="DESKTOP-U1R5ISO" duration="00:00:14.4083294" startTime="2026-06-25T19:06:44.3819386+03:30" endTime="2026-06-25T19:06:44.3819387+03:30" testType="13cdc9d9-ddb5-4fa4-a97d-d965ccfc6d4b" outcome="Passed" testListId="8c84fa94-04c1-424b-9868-57a2d4851a1d" relativeResultsDirectory="5789f0a5-4c67-4349-ac51-0fb5938cda01" />
    <UnitTestResult executionId="c227d44a-cf0f-48b1-b906-d19ebd2acc66" testId="5027d48a-cf92-e61b-c7f8-be4326ba6b25" testName="PetroProcure.IntegrationTests.ApiAuthorizationTests.UserWithCommissionViewCanListSessions" computerName="DESKTOP-U1R5ISO" duration="00:00:00.0424155" startTime="2026-06-25T19:06:44.4247180+03:30" endTime="2026-06-25T19:06:44.4247182+03:30" testType="13cdc9d9-ddb5-4fa4-a97d-d965ccfc6d4b" outcome="Passed" testListId="8c84fa94-04c1-424b-9868-57a2d4851a1d" relativeResultsDirectory="c227d44a-cf0f-48b1-b906-d19ebd2acc66" />
    <UnitTestResult executionId="f8f3529a-bea9-4903-98ba-335685065d69" testId="9ab9f893-df03-279e-a1c9-51d1d391ce6b" testName="PetroProcure.IntegrationTests.ApiAuthorizationTests.SeededIndentHasSourceTypeAndDisplayText" computerName="DESKTOP-U1R5ISO" duration="00:00:00.0070057" startTime="2026-06-25T19:06:46.2963636+03:30" endTime="2026-06-25T19:06:46.2963637+03:30" testType="13cdc9d9-ddb5-4fa4-a97d-d965ccfc6d4b" outcome="Passed" testListId="8c84fa94-04c1-424b-9868-57a2d4851a1d" relativeResultsDirectory="f8f3529a-bea9-4903-98ba-335685065d69" />
    <UnitTestResult executionId="e00e4672-1598-49b9-98ef-d60c96fbccab" testId="5d23e5de-d5c2-0d4c-986b-5826fa7beb9a" testName="PetroProcure.IntegrationTests.ApiAuthorizationTests.UserWithoutCommissionViewCannotListSessions" computerName="DESKTOP-U1R5ISO" duration="00:00:00.0051964" startTime="2026-06-25T19:06:44.7550670+03:30" endTime="2026-06-25T19:06:44.7550672+03:30" testType="13cdc9d9-ddb5-4fa4-a97d-d965ccfc6d4b" outcome="Passed" testListId="8c84fa94-04c1-424b-9868-57a2d4851a1d" relativeResultsDirectory="e00e4672-1598-49b9-98ef-d60c96fbccab" />
    <UnitTestResult executionId="5022394e-b2b6-44c7-a557-85473db35081" testId="d1627e00-1268-244b-0d3c-df51d35583bd" testName="PetroProcure.IntegrationTests.ApiAuthorizationTests.CreateSupplierThroughApi" computerName="DESKTOP-U1R5ISO" duration="00:00:00.1728380" startTime="2026-06-25T19:06:46.4696423+03:30" endTime="2026-06-25T19:06:46.4696425+03:30" testType="13cdc9d9-ddb5-4fa4-a97d-d965ccfc6d4b" outcome="Passed" testListId="8c84fa94-04c1-424b-9868-57a2d4851a1d" relativeResultsDirectory="5022394e-b2b6-44c7-a557-85473db35081" />
    <UnitTestResult executionId="a88fe745-df0e-4331-aeff-e431abcde48b" testId="476fb52b-b1ad-99fb-f64a-c87b203ea418" testName="PetroProcure.IntegrationTests.ApiAuthorizationTests.SupplierListRequiresSupplierView" computerName="DESKTOP-U1R5ISO" duration="00:00:00.0040684" startTime="2026-06-25T19:06:46.7920333+03:30" endTime="2026-06-25T19:06:46.7920334+03:30" testType="13cdc9d9-ddb5-4fa4-a97d-d965ccfc6d4b" outcome="Passed" testListId="8c84fa94-04c1-424b-9868-57a2d4851a1d" relativeResultsDirectory="a88fe745-df0e-4331-aeff-e431abcde48b" />
    <UnitTestResult executionId="493b2a64-cc10-49e2-94cd-b494193e5cfe" testId="41d942af-8c06-a827-0907-9ec6f969b750" testName="PetroProcure.IntegrationTests.ProcurementLifecycleIntegrationTests.FullProcurementLifecycleSucceeds" computerName="DESKTOP-U1R5ISO" duration="00:00:03.2032629" startTime="2026-06-25T19:06:45.3085760+03:30" endTime="2026-06-25T19:06:45.3085765+03:30" testType="13cdc9d9-ddb5-4fa4-a97d-d965ccfc6d4b" outcome="Passed" testListId="8c84fa94-04c1-424b-9868-57a2d4851a1d" relativeResultsDirectory="493b2a64-cc10-49e2-94cd-b494193e5cfe" />
    <UnitTestResult executionId="85dbaa14-b203-4b2a-b7b5-826843cf074e" testId="7479b781-b079-5e2b-47c8-4a838796c074" testName="PetroProcure.IntegrationTests.ApiAuthorizationTests.UserWithoutInquiryViewCannotListInquiries" computerName="DESKTOP-U1R5ISO" duration="00:00:00.0070276" startTime="2026-06-25T19:06:44.7454527+03:30" endTime="2026-06-25T19:06:44.7454532+03:30" testType="13cdc9d9-ddb5-4fa4-a97d-d965ccfc6d4b" outcome="Passed" testListId="8c84fa94-04c1-424b-9868-57a2d4851a1d" relativeResultsDirectory="85dbaa14-b203-4b2a-b7b5-826843cf074e" />
    <UnitTestResult executionId="987efeeb-5fbe-4ff4-b9d5-1ca6c18cfece" testId="50f94cef-5f9b-c9e9-1775-6e32de8a08f0" testName="PetroProcure.IntegrationTests.ApiAuthorizationTests.CreateCommissionSessionFromTender" computerName="DESKTOP-U1R5ISO" duration="00:00:00.6487845" startTime="2026-06-25T19:06:46.2889193+03:30" endTime="2026-06-25T19:06:46.2889197+03:30" testType="13cdc9d9-ddb5-4fa4-a97d-d965ccfc6d4b" outcome="Passed" testListId="8c84fa94-04c1-424b-9868-57a2d4851a1d" relativeResultsDirectory="987efeeb-5fbe-4ff4-b9d5-1ca6c18cfece" />
  </Results>
  <TestDefinitions>
    <UnitTest name="PetroProcure.IntegrationTests.ApiAuthorizationTests.UserWithoutCommissionReportExportCannotExportCommissionReport" storage="e:\petroprocure\tests\petroprocure.integrationtests\bin\debug\net9.0\petroprocure.integrationtests.dll" id="182ccdd0-1b0f-0f04-41f7-a2217e58466a">
      <Execution id="f0c3f966-f398-4d60-8e10-6d9fa7879515" />
      <TestMethod codeBase="E:\PetroProcure\tests\PetroProcure.IntegrationTests\bin\Debug\net9.0\PetroProcure.IntegrationTests.dll" adapterTypeName="executor://xunit/VsTestRunner2/netcoreapp" className="PetroProcure.IntegrationTests.ApiAuthorizationTests" name="UserWithoutCommissionReportExportCannotExportCommissionReport" />
    </UnitTest>
    <UnitTest name="PetroProcure.IntegrationTests.ApiAuthorizationTests.CreateInquiryFromPurchaseFileAndSend" storage="e:\petroprocure\tests\petroprocure.integrationtests\bin\debug\net9.0\petroprocure.integrationtests.dll" id="1a4ca78e-43b9-155c-a787-36f55506314e">
      <Execution id="da22783b-ef3f-41b4-9b85-5fe4628bf107" />
      <TestMethod codeBase="E:\PetroProcure\tests\PetroProcure.IntegrationTests\bin\Debug\net9.0\PetroProcure.IntegrationTests.dll" adapterTypeName="executor://xunit/VsTestRunner2/netcoreapp" className="PetroProcure.IntegrationTests.ApiAuthorizationTests" name="CreateInquiryFromPurchaseFileAndSend" />
    </UnitTest>
    <UnitTest name="PetroProcure.IntegrationTests.ApiAuthorizationTests.UserWithPermissionCanCallProtectedEndpoint" storage="e:\petroprocure\tests\petroprocure.integrationtests\bin\debug\net9.0\petroprocure.integrationtests.dll" id="95ddfa53-ee8b-e467-471d-5b6dd3b1ad88">
      <Execution id="aa3a59ba-5045-48a8-8ce6-409f3458dc6c" />
      <TestMethod codeBase="E:\PetroProcure\tests\PetroProcure.IntegrationTests\bin\Debug\net9.0\PetroProcure.IntegrationTests.dll" adapterTypeName="executor://xunit/VsTestRunner2/netcoreapp" className="PetroProcure.IntegrationTests.ApiAuthorizationTests" name="UserWithPermissionCanCallProtectedEndpoint" />
    </UnitTest>
    <UnitTest name="PetroProcure.IntegrationTests.ApiAuthorizationTests.CreatedByUserIdComesFromClaimsAndClientValueIsIgnored" storage="e:\petroprocure\tests\petroprocure.integrationtests\bin\debug\net9.0\petroprocure.integrationtests.dll" id="281f2555-6a3b-d08d-6eee-a872ad108740">
      <Execution id="5d94b956-3463-400f-937d-babec7d685dc" />
      <TestMethod codeBase="E:\PetroProcure\tests\PetroProcure.IntegrationTests\bin\Debug\net9.0\PetroProcure.IntegrationTests.dll" adapterTypeName="executor://xunit/VsTestRunner2/netcoreapp" className="PetroProcure.IntegrationTests.ApiAuthorizationTests" name="CreatedByUserIdComesFromClaimsAndClientValueIsIgnored" />
    </UnitTest>
    <UnitTest name="PetroProcure.IntegrationTests.ProcurementLifecycleIntegrationTests.ApplyingMigrationsAgainDoesNotDuplicateSeedData" storage="e:\petroprocure\tests\petroprocure.integrationtests\bin\debug\net9.0\petroprocure.integrationtests.dll" id="bdfea57b-ca20-e8cc-3cdd-a88b41f38400">
      <Execution id="5c67bc5a-5609-4ec3-a2ff-50803a69afd0" />
      <TestMethod codeBase="E:\PetroProcure\tests\PetroProcure.IntegrationTests\bin\Debug\net9.0\PetroProcure.IntegrationTests.dll" adapterTypeName="executor://xunit/VsTestRunner2/netcoreapp" className="PetroProcure.IntegrationTests.ProcurementLifecycleIntegrationTests" name="ApplyingMigrationsAgainDoesNotDuplicateSeedData" />
    </UnitTest>
    <UnitTest name="PetroProcure.IntegrationTests.ApiAuthorizationTests.UserWithoutCommissionViewCannotListSessions" storage="e:\petroprocure\tests\petroprocure.integrationtests\bin\debug\net9.0\petroprocure.integrationtests.dll" id="5d23e5de-d5c2-0d4c-986b-5826fa7beb9a">
      <Execution id="e00e4672-1598-49b9-98ef-d60c96fbccab" />
      <TestMethod codeBase="E:\PetroProcure\tests\PetroProcure.IntegrationTests\bin\Debug\net9.0\PetroProcure.IntegrationTests.dll" adapterTypeName="executor://xunit/VsTestRunner2/netcoreapp" className="PetroProcure.IntegrationTests.ApiAuthorizationTests" name="UserWithoutCommissionViewCannotListSessions" />
    </UnitTest>
    <UnitTest name="PetroProcure.IntegrationTests.ApiAuthorizationTests.LoginFailureReturnsUnauthorized" storage="e:\petroprocure\tests\petroprocure.integrationtests\bin\debug\net9.0\petroprocure.integrationtests.dll" id="0caca53e-c5cb-f3e3-f42e-0144884f9280">
      <Execution id="59bdc156-43c6-4876-a88c-fb5487a3ec88" />
      <TestMethod codeBase="E:\PetroProcure\tests\PetroProcure.IntegrationTests\bin\Debug\net9.0\PetroProcure.IntegrationTests.dll" adapterTypeName="executor://xunit/VsTestRunner2/netcoreapp" className="PetroProcure.IntegrationTests.ApiAuthorizationTests" name="LoginFailureReturnsUnauthorized" />
    </UnitTest>
    <UnitTest name="PetroProcure.IntegrationTests.ApiAuthorizationTests.UserWithoutInquiryViewCannotListInquiries" storage="e:\petroprocure\tests\petroprocure.integrationtests\bin\debug\net9.0\petroprocure.integrationtests.dll" id="7479b781-b079-5e2b-47c8-4a838796c074">
      <Execution id="85dbaa14-b203-4b2a-b7b5-826843cf074e" />
      <TestMethod codeBase="E:\PetroProcure\tests\PetroProcure.IntegrationTests\bin\Debug\net9.0\PetroProcure.IntegrationTests.dll" adapterTypeName="executor://xunit/VsTestRunner2/netcoreapp" className="PetroProcure.IntegrationTests.ApiAuthorizationTests" name="UserWithoutInquiryViewCannotListInquiries" />
    </UnitTest>
    <UnitTest name="PetroProcure.IntegrationTests.ApiAuthorizationTests.UserWithTenderReportExportCanGenerateTenderSummaryPdf" storage="e:\petroprocure\tests\petroprocure.integrationtests\bin\debug\net9.0\petroprocure.integrationtests.dll" id="3940cf71-9e62-a78d-786c-93b4aadb54ec">
      <Execution id="b2e16269-7b3d-4bc5-9606-9275d073d9cf" />
      <TestMethod codeBase="E:\PetroProcure\tests\PetroProcure.IntegrationTests\bin\Debug\net9.0\PetroProcure.IntegrationTests.dll" adapterTypeName="executor://xunit/VsTestRunner2/netcoreapp" className="PetroProcure.IntegrationTests.ApiAuthorizationTests" name="UserWithTenderReportExportCanGenerateTenderSummaryPdf" />
    </UnitTest>
    <UnitTest name="PetroProcure.IntegrationTests.ProcurementLifecycleIntegrationTests.FullProcurementLifecycleSucceeds" storage="e:\petroprocure\tests\petroprocure.integrationtests\bin\debug\net9.0\petroprocure.integrationtests.dll" id="41d942af-8c06-a827-0907-9ec6f969b750">
      <Execution id="493b2a64-cc10-49e2-94cd-b494193e5cfe" />
      <TestMethod codeBase="E:\PetroProcure\tests\PetroProcure.IntegrationTests\bin\Debug\net9.0\PetroProcure.IntegrationTests.dll" adapterTypeName="executor://xunit/VsTestRunner2/netcoreapp" className="PetroProcure.IntegrationTests.ProcurementLifecycleIntegrationTests" name="FullProcurementLifecycleSucceeds" />
    </UnitTest>
    <UnitTest name="PetroProcure.IntegrationTests.ApiAuthorizationTests.DetectShortageAlertAndConvertToIndent" storage="e:\petroprocure\tests\petroprocure.integrationtests\bin\debug\net9.0\petroprocure.integrationtests.dll" id="6129dc38-33f4-abec-e365-42158181b3f3">
      <Execution id="eb2372df-aa28-4e14-909b-0ea7701898bd" />
      <TestMethod codeBase="E:\PetroProcure\tests\PetroProcure.IntegrationTests\bin\Debug\net9.0\PetroProcure.IntegrationTests.dll" adapterTypeName="executor://xunit/VsTestRunner2/netcoreapp" className="PetroProcure.IntegrationTests.ApiAuthorizationTests" name="DetectShortageAlertAndConvertToIndent" />
    </UnitTest>
    <UnitTest name="PetroProcure.IntegrationTests.ApiAuthorizationTests.UserWithoutOrdersViewInventoryCannotViewInventoryControl" storage="e:\petroprocure\tests\petroprocure.integrationtests\bin\debug\net9.0\petroprocure.integrationtests.dll" id="f3f52af2-a1a9-30bb-77f0-165e78c86759">
      <Execution id="c6fe5101-78c1-4fa3-9e80-61f4c7fbcea2" />
      <TestMethod codeBase="E:\PetroProcure\tests\PetroProcure.IntegrationTests\bin\Debug\net9.0\PetroProcure.IntegrationTests.dll" adapterTypeName="executor://xunit/VsTestRunner2/netcoreapp" className="PetroProcure.IntegrationTests.ApiAuthorizationTests" name="UserWithoutOrdersViewInventoryCannotViewInventoryControl" />
    </UnitTest>
    <UnitTest name="PetroProcure.IntegrationTests.ApiAuthorizationTests.AnonymousRequestReturns401" storage="e:\petroprocure\tests\petroprocure.integrationtests\bin\debug\net9.0\petroprocure.integrationtests.dll" id="d0300e02-85d5-d578-329d-239104523d6e">
      <Execution id="e7e30c86-3ab4-4b74-8d96-fa40457a344f" />
      <TestMethod codeBase="E:\PetroProcure\tests\PetroProcure.IntegrationTests\bin\Debug\net9.0\PetroProcure.IntegrationTests.dll" adapterTypeName="executor://xunit/VsTestRunner2/netcoreapp" className="PetroProcure.IntegrationTests.ApiAuthorizationTests" name="AnonymousRequestReturns401" />
    </UnitTest>
    <UnitTest name="PetroProcure.IntegrationTests.ApiAuthorizationTests.AdminEndpointBlocksNonAdminUser" storage="e:\petroprocure\tests\petroprocure.integrationtests\bin\debug\net9.0\petroprocure.integrationtests.dll" id="34ef444f-cce5-58ed-909d-14453be046ed">
      <Execution id="1e09d9d2-cc81-4001-b86b-3237f5606e6b" />
      <TestMethod codeBase="E:\PetroProcure\tests\PetroProcure.IntegrationTests\bin\Debug\net9.0\PetroProcure.IntegrationTests.dll" adapterTypeName="executor://xunit/VsTestRunner2/netcoreapp" className="PetroProcure.IntegrationTests.ApiAuthorizationTests" name="AdminEndpointBlocksNonAdminUser" />
    </UnitTest>
    <UnitTest name="PetroProcure.IntegrationTests.ApiAuthorizationTests.SeededIndentHasSourceTypeAndDisplayText" storage="e:\petroprocure\tests\petroprocure.integrationtests\bin\debug\net9.0\petroprocure.integrationtests.dll" id="9ab9f893-df03-279e-a1c9-51d1d391ce6b">
      <Execution id="f8f3529a-bea9-4903-98ba-335685065d69" />
      <TestMethod codeBase="E:\PetroProcure\tests\PetroProcure.IntegrationTests\bin\Debug\net9.0\PetroProcure.IntegrationTests.dll" adapterTypeName="executor://xunit/VsTestRunner2/netcoreapp" className="PetroProcure.IntegrationTests.ApiAuthorizationTests" name="SeededIndentHasSourceTypeAndDisplayText" />
    </UnitTest>
    <UnitTest name="PetroProcure.IntegrationTests.ApiAuthorizationTests.SupplierLookupExcludesBlacklistedByDefault" storage="e:\petroprocure\tests\petroprocure.integrationtests\bin\debug\net9.0\petroprocure.integrationtests.dll" id="b6f6cbe4-bfaa-94be-67d6-fcf30e2a14cb">
      <Execution id="0056ffa5-d0c9-4eaf-aa22-f30b61c7f13e" />
      <TestMethod codeBase="E:\PetroProcure\tests\PetroProcure.IntegrationTests\bin\Debug\net9.0\PetroProcure.IntegrationTests.dll" adapterTypeName="executor://xunit/VsTestRunner2/netcoreapp" className="PetroProcure.IntegrationTests.ApiAuthorizationTests" name="SupplierLookupExcludesBlacklistedByDefault" />
    </UnitTest>
    <UnitTest name="PetroProcure.IntegrationTests.ApiAuthorizationTests.UserWithoutTenderManageDocumentsCannotUploadTenderDocument" storage="e:\petroprocure\tests\petroprocure.integrationtests\bin\debug\net9.0\petroprocure.integrationtests.dll" id="f412a741-e7de-a4cc-f4f3-20ab440a0fd5">
      <Execution id="78fafccb-1d6d-4e4e-9794-0af15f9b23b2" />
      <TestMethod codeBase="E:\PetroProcure\tests\PetroProcure.IntegrationTests\bin\Debug\net9.0\PetroProcure.IntegrationTests.dll" adapterTypeName="executor://xunit/VsTestRunner2/netcoreapp" className="PetroProcure.IntegrationTests.ApiAuthorizationTests" name="UserWithoutTenderManageDocumentsCannotUploadTenderDocument" />
    </UnitTest>
    <UnitTest name="PetroProcure.IntegrationTests.ApiAuthorizationTests.CreateCommissionSessionFromTender" storage="e:\petroprocure\tests\petroprocure.integrationtests\bin\debug\net9.0\petroprocure.integrationtests.dll" id="50f94cef-5f9b-c9e9-1775-6e32de8a08f0">
      <Execution id="987efeeb-5fbe-4ff4-b9d5-1ca6c18cfece" />
      <TestMethod codeBase="E:\PetroProcure\tests\PetroProcure.IntegrationTests\bin\Debug\net9.0\PetroProcure.IntegrationTests.dll" adapterTypeName="executor://xunit/VsTestRunner2/netcoreapp" className="PetroProcure.IntegrationTests.ApiAuthorizationTests" name="CreateCommissionSessionFromTender" />
    </UnitTest>
    <UnitTest name="PetroProcure.IntegrationTests.ProcurementLifecycleIntegrationTests.RequiredSeedDataExists" storage="e:\petroprocure\tests\petroprocure.integrationtests\bin\debug\net9.0\petroprocure.integrationtests.dll" id="e9401699-1fbc-fba8-a0b1-5bc863b55653">
      <Execution id="a0763476-a91b-4538-a474-e55ad1cd17f5" />
      <TestMethod codeBase="E:\PetroProcure\tests\PetroProcure.IntegrationTests\bin\Debug\net9.0\PetroProcure.IntegrationTests.dll" adapterTypeName="executor://xunit/VsTestRunner2/netcoreapp" className="PetroProcure.IntegrationTests.ProcurementLifecycleIntegrationTests" name="RequiredSeedDataExists" />
    </UnitTest>
    <UnitTest name="PetroProcure.IntegrationTests.ApiAuthorizationTests.CreateSupplierThroughApi" storage="e:\petroprocure\tests\petroprocure.integrationtests\bin\debug\net9.0\petroprocure.integrationtests.dll" id="d1627e00-1268-244b-0d3c-df51d35583bd">
      <Execution id="5022394e-b2b6-44c7-a557-85473db35081" />
      <TestMethod codeBase="E:\PetroProcure\tests\PetroProcure.IntegrationTests\bin\Debug\net9.0\PetroProcure.IntegrationTests.dll" adapterTypeName="executor://xunit/VsTestRunner2/netcoreapp" className="PetroProcure.IntegrationTests.ApiAuthorizationTests" name="CreateSupplierThroughApi" />
    </UnitTest>
    <UnitTest name="PetroProcure.IntegrationTests.ApiAuthorizationTests.AuthenticatedUserWithoutPermissionReturns403" storage="e:\petroprocure\tests\petroprocure.integrationtests\bin\debug\net9.0\petroprocure.integrationtests.dll" id="08c0b60d-4603-d1aa-c1e8-764739429183">
      <Execution id="2962691b-a6e5-4d60-bb9b-7b2ff66d1075" />
      <TestMethod codeBase="E:\PetroProcure\tests\PetroProcure.IntegrationTests\bin\Debug\net9.0\PetroProcure.IntegrationTests.dll" adapterTypeName="executor://xunit/VsTestRunner2/netcoreapp" className="PetroProcure.IntegrationTests.ApiAuthorizationTests" name="AuthenticatedUserWithoutPermissionReturns403" />
    </UnitTest>
    <UnitTest name="PetroProcure.IntegrationTests.ApiAuthorizationTests.UserWithContractViewCanListContracts" storage="e:\petroprocure\tests\petroprocure.integrationtests\bin\debug\net9.0\petroprocure.integrationtests.dll" id="3b1a271d-24e1-1f0a-8183-be002684de8b">
      <Execution id="79a70ec5-fa9e-4c96-b5a9-fcf3a5059ee1" />
      <TestMethod codeBase="E:\PetroProcure\tests\PetroProcure.IntegrationTests\bin\Debug\net9.0\PetroProcure.IntegrationTests.dll" adapterTypeName="executor://xunit/VsTestRunner2/netcoreapp" className="PetroProcure.IntegrationTests.ApiAuthorizationTests" name="UserWithContractViewCanListContracts" />
    </UnitTest>
    <UnitTest name="PetroProcure.IntegrationTests.ApiAuthorizationTests.CreateSubmitApproveAndConvertMaterialNeedToIndent" storage="e:\petroprocure\tests\petroprocure.integrationtests\bin\debug\net9.0\petroprocure.integrationtests.dll" id="f3f65b61-cf97-a9b8-4f48-3b4b0f7ccf6a">
      <Execution id="9746b7f3-d085-413b-896b-82b15113e87a" />
      <TestMethod codeBase="E:\PetroProcure\tests\PetroProcure.IntegrationTests\bin\Debug\net9.0\PetroProcure.IntegrationTests.dll" adapterTypeName="executor://xunit/VsTestRunner2/netcoreapp" className="PetroProcure.IntegrationTests.ApiAuthorizationTests" name="CreateSubmitApproveAndConvertMaterialNeedToIndent" />
    </UnitTest>
    <UnitTest name="PetroProcure.IntegrationTests.ApiAuthorizationTests.ContractListRequiresContractView" storage="e:\petroprocure\tests\petroprocure.integrationtests\bin\debug\net9.0\petroprocure.integrationtests.dll" id="e560335f-aa3b-13f2-dd8d-d77cd96a0c4d">
      <Execution id="44866c62-d8f5-4c88-8762-3fc9207a3648" />
      <TestMethod codeBase="E:\PetroProcure\tests\PetroProcure.IntegrationTests\bin\Debug\net9.0\PetroProcure.IntegrationTests.dll" adapterTypeName="executor://xunit/VsTestRunner2/netcoreapp" className="PetroProcure.IntegrationTests.ApiAuthorizationTests" name="ContractListRequiresContractView" />
    </UnitTest>
    <UnitTest name="PetroProcure.IntegrationTests.ApiAuthorizationTests.DepartmentAccessIsEnforced" storage="e:\petroprocure\tests\petroprocure.integrationtests\bin\debug\net9.0\petroprocure.integrationtests.dll" id="3f26e794-71e4-ac42-8fd2-55e063c2b7fe">
      <Execution id="8c383ad2-331c-4932-bd5c-39d3f1718936" />
      <TestMethod codeBase="E:\PetroProcure\tests\PetroProcure.IntegrationTests\bin\Debug\net9.0\PetroProcure.IntegrationTests.dll" adapterTypeName="executor://xunit/VsTestRunner2/netcoreapp" className="PetroProcure.IntegrationTests.ApiAuthorizationTests" name="DepartmentAccessIsEnforced" />
    </UnitTest>
    <UnitTest name="PetroProcure.IntegrationTests.ApiAuthorizationTests.SupplierListRequiresSupplierView" storage="e:\petroprocure\tests\petroprocure.integrationtests\bin\debug\net9.0\petroprocure.integrationtests.dll" id="476fb52b-b1ad-99fb-f64a-c87b203ea418">
      <Execution id="a88fe745-df0e-4331-aeff-e431abcde48b" />
      <TestMethod codeBase="E:\PetroProcure\tests\PetroProcure.IntegrationTests\bin\Debug\net9.0\PetroProcure.IntegrationTests.dll" adapterTypeName="executor://xunit/VsTestRunner2/netcoreapp" className="PetroProcure.IntegrationTests.ApiAuthorizationTests" name="SupplierListRequiresSupplierView" />
    </UnitTest>
    <UnitTest name="PetroProcure.IntegrationTests.ApiAuthorizationTests.AddSupplierQuoteAndGetComparison" storage="e:\petroprocure\tests\petroprocure.integrationtests\bin\debug\net9.0\petroprocure.integrationtests.dll" id="7e200618-893a-d0a6-f42c-4b14daea31ba">
      <Execution id="5789f0a5-4c67-4349-ac51-0fb5938cda01" />
      <TestMethod codeBase="E:\PetroProcure\tests\PetroProcure.IntegrationTests\bin\Debug\net9.0\PetroProcure.IntegrationTests.dll" adapterTypeName="executor://xunit/VsTestRunner2/netcoreapp" className="PetroProcure.IntegrationTests.ApiAuthorizationTests" name="AddSupplierQuoteAndGetComparison" />
    </UnitTest>
    <UnitTest name="PetroProcure.IntegrationTests.ApiAuthorizationTests.LoginSuccessReturnsTokenAndCurrentUser" storage="e:\petroprocure\tests\petroprocure.integrationtests\bin\debug\net9.0\petroprocure.integrationtests.dll" id="bb06348c-d085-0c4a-857c-16745eb1b905">
      <Execution id="5427401f-134f-4c43-8830-06450a20dcc9" />
      <TestMethod codeBase="E:\PetroProcure\tests\PetroProcure.IntegrationTests\bin\Debug\net9.0\PetroProcure.IntegrationTests.dll" adapterTypeName="executor://xunit/VsTestRunner2/netcoreapp" className="PetroProcure.IntegrationTests.ApiAuthorizationTests" name="LoginSuccessReturnsTokenAndCurrentUser" />
    </UnitTest>
    <UnitTest name="PetroProcure.IntegrationTests.ApiAuthorizationTests.UserWithCommissionViewCanListSessions" storage="e:\petroprocure\tests\petroprocure.integrationtests\bin\debug\net9.0\petroprocure.integrationtests.dll" id="5027d48a-cf92-e61b-c7f8-be4326ba6b25">
      <Execution id="c227d44a-cf0f-48b1-b906-d19ebd2acc66" />
      <TestMethod codeBase="E:\PetroProcure\tests\PetroProcure.IntegrationTests\bin\Debug\net9.0\PetroProcure.IntegrationTests.dll" adapterTypeName="executor://xunit/VsTestRunner2/netcoreapp" className="PetroProcure.IntegrationTests.ApiAuthorizationTests" name="UserWithCommissionViewCanListSessions" />
    </UnitTest>
    <UnitTest name="PetroProcure.IntegrationTests.ProcurementLifecycleIntegrationTests.DatabaseMigrationAppliesSuccessfully" storage="e:\petroprocure\tests\petroprocure.integrationtests\bin\debug\net9.0\petroprocure.integrationtests.dll" id="24882f48-4163-5841-c7d8-d773f76d78d0">
      <Execution id="6b0b333d-7d93-4a29-94d2-1c2ed83de047" />
      <TestMethod codeBase="E:\PetroProcure\tests\PetroProcure.IntegrationTests\bin\Debug\net9.0\PetroProcure.IntegrationTests.dll" adapterTypeName="executor://xunit/VsTestRunner2/netcoreapp" className="PetroProcure.IntegrationTests.ProcurementLifecycleIntegrationTests" name="DatabaseMigrationAppliesSuccessfully" />
    </UnitTest>
    <UnitTest name="PetroProcure.IntegrationTests.ApiAuthorizationTests.UserWithoutTenderReportExportCannotExportTenderReport" storage="e:\petroprocure\tests\petroprocure.integrationtests\bin\debug\net9.0\petroprocure.integrationtests.dll" id="fdbad019-e851-3c63-9ff8-c4b0918975ab">
      <Execution id="9f75dc12-6cfa-44c8-991d-80eaa3d172d3" />
      <TestMethod codeBase="E:\PetroProcure\tests\PetroProcure.IntegrationTests\bin\Debug\net9.0\PetroProcure.IntegrationTests.dll" adapterTypeName="executor://xunit/VsTestRunner2/netcoreapp" className="PetroProcure.IntegrationTests.ApiAuthorizationTests" name="UserWithoutTenderReportExportCannotExportTenderReport" />
    </UnitTest>
    <UnitTest name="PetroProcure.IntegrationTests.ApiAuthorizationTests.UserWithoutCommissionCreateCannotCreateSession" storage="e:\petroprocure\tests\petroprocure.integrationtests\bin\debug\net9.0\petroprocure.integrationtests.dll" id="50abb316-f63f-c3a4-11bb-e010a49f5b50">
      <Execution id="68c8113f-b855-4815-962e-4f055f34b4ba" />
      <TestMethod codeBase="E:\PetroProcure\tests\PetroProcure.IntegrationTests\bin\Debug\net9.0\PetroProcure.IntegrationTests.dll" adapterTypeName="executor://xunit/VsTestRunner2/netcoreapp" className="PetroProcure.IntegrationTests.ApiAuthorizationTests" name="UserWithoutCommissionCreateCannotCreateSession" />
    </UnitTest>
  </TestDefinitions>
  <TestEntries>
    <TestEntry testId="f3f65b61-cf97-a9b8-4f48-3b4b0f7ccf6a" executionId="9746b7f3-d085-413b-896b-82b15113e87a" testListId="8c84fa94-04c1-424b-9868-57a2d4851a1d" />
    <TestEntry testId="6129dc38-33f4-abec-e365-42158181b3f3" executionId="eb2372df-aa28-4e14-909b-0ea7701898bd" testListId="8c84fa94-04c1-424b-9868-57a2d4851a1d" />
    <TestEntry testId="d0300e02-85d5-d578-329d-239104523d6e" executionId="e7e30c86-3ab4-4b74-8d96-fa40457a344f" testListId="8c84fa94-04c1-424b-9868-57a2d4851a1d" />
    <TestEntry testId="b6f6cbe4-bfaa-94be-67d6-fcf30e2a14cb" executionId="0056ffa5-d0c9-4eaf-aa22-f30b61c7f13e" testListId="8c84fa94-04c1-424b-9868-57a2d4851a1d" />
    <TestEntry testId="3f26e794-71e4-ac42-8fd2-55e063c2b7fe" executionId="8c383ad2-331c-4932-bd5c-39d3f1718936" testListId="8c84fa94-04c1-424b-9868-57a2d4851a1d" />
    <TestEntry testId="3b1a271d-24e1-1f0a-8183-be002684de8b" executionId="79a70ec5-fa9e-4c96-b5a9-fcf3a5059ee1" testListId="8c84fa94-04c1-424b-9868-57a2d4851a1d" />
    <TestEntry testId="e9401699-1fbc-fba8-a0b1-5bc863b55653" executionId="a0763476-a91b-4538-a474-e55ad1cd17f5" testListId="8c84fa94-04c1-424b-9868-57a2d4851a1d" />
    <TestEntry testId="bdfea57b-ca20-e8cc-3cdd-a88b41f38400" executionId="5c67bc5a-5609-4ec3-a2ff-50803a69afd0" testListId="8c84fa94-04c1-424b-9868-57a2d4851a1d" />
    <TestEntry testId="bb06348c-d085-0c4a-857c-16745eb1b905" executionId="5427401f-134f-4c43-8830-06450a20dcc9" testListId="8c84fa94-04c1-424b-9868-57a2d4851a1d" />
    <TestEntry testId="f3f52af2-a1a9-30bb-77f0-165e78c86759" executionId="c6fe5101-78c1-4fa3-9e80-61f4c7fbcea2" testListId="8c84fa94-04c1-424b-9868-57a2d4851a1d" />
    <TestEntry testId="08c0b60d-4603-d1aa-c1e8-764739429183" executionId="2962691b-a6e5-4d60-bb9b-7b2ff66d1075" testListId="8c84fa94-04c1-424b-9868-57a2d4851a1d" />
    <TestEntry testId="f412a741-e7de-a4cc-f4f3-20ab440a0fd5" executionId="78fafccb-1d6d-4e4e-9794-0af15f9b23b2" testListId="8c84fa94-04c1-424b-9868-57a2d4851a1d" />
    <TestEntry testId="182ccdd0-1b0f-0f04-41f7-a2217e58466a" executionId="f0c3f966-f398-4d60-8e10-6d9fa7879515" testListId="8c84fa94-04c1-424b-9868-57a2d4851a1d" />
    <TestEntry testId="281f2555-6a3b-d08d-6eee-a872ad108740" executionId="5d94b956-3463-400f-937d-babec7d685dc" testListId="8c84fa94-04c1-424b-9868-57a2d4851a1d" />
    <TestEntry testId="0caca53e-c5cb-f3e3-f42e-0144884f9280" executionId="59bdc156-43c6-4876-a88c-fb5487a3ec88" testListId="8c84fa94-04c1-424b-9868-57a2d4851a1d" />
    <TestEntry testId="e560335f-aa3b-13f2-dd8d-d77cd96a0c4d" executionId="44866c62-d8f5-4c88-8762-3fc9207a3648" testListId="8c84fa94-04c1-424b-9868-57a2d4851a1d" />
    <TestEntry testId="34ef444f-cce5-58ed-909d-14453be046ed" executionId="1e09d9d2-cc81-4001-b86b-3237f5606e6b" testListId="8c84fa94-04c1-424b-9868-57a2d4851a1d" />
    <TestEntry testId="24882f48-4163-5841-c7d8-d773f76d78d0" executionId="6b0b333d-7d93-4a29-94d2-1c2ed83de047" testListId="8c84fa94-04c1-424b-9868-57a2d4851a1d" />
    <TestEntry testId="3940cf71-9e62-a78d-786c-93b4aadb54ec" executionId="b2e16269-7b3d-4bc5-9606-9275d073d9cf" testListId="8c84fa94-04c1-424b-9868-57a2d4851a1d" />
    <TestEntry testId="1a4ca78e-43b9-155c-a787-36f55506314e" executionId="da22783b-ef3f-41b4-9b85-5fe4628bf107" testListId="8c84fa94-04c1-424b-9868-57a2d4851a1d" />
    <TestEntry testId="fdbad019-e851-3c63-9ff8-c4b0918975ab" executionId="9f75dc12-6cfa-44c8-991d-80eaa3d172d3" testListId="8c84fa94-04c1-424b-9868-57a2d4851a1d" />
    <TestEntry testId="95ddfa53-ee8b-e467-471d-5b6dd3b1ad88" executionId="aa3a59ba-5045-48a8-8ce6-409f3458dc6c" testListId="8c84fa94-04c1-424b-9868-57a2d4851a1d" />
    <TestEntry testId="50abb316-f63f-c3a4-11bb-e010a49f5b50" executionId="68c8113f-b855-4815-962e-4f055f34b4ba" testListId="8c84fa94-04c1-424b-9868-57a2d4851a1d" />
    <TestEntry testId="7e200618-893a-d0a6-f42c-4b14daea31ba" executionId="5789f0a5-4c67-4349-ac51-0fb5938cda01" testListId="8c84fa94-04c1-424b-9868-57a2d4851a1d" />
    <TestEntry testId="5027d48a-cf92-e61b-c7f8-be4326ba6b25" executionId="c227d44a-cf0f-48b1-b906-d19ebd2acc66" testListId="8c84fa94-04c1-424b-9868-57a2d4851a1d" />
    <TestEntry testId="9ab9f893-df03-279e-a1c9-51d1d391ce6b" executionId="f8f3529a-bea9-4903-98ba-335685065d69" testListId="8c84fa94-04c1-424b-9868-57a2d4851a1d" />
    <TestEntry testId="5d23e5de-d5c2-0d4c-986b-5826fa7beb9a" executionId="e00e4672-1598-49b9-98ef-d60c96fbccab" testListId="8c84fa94-04c1-424b-9868-57a2d4851a1d" />
    <TestEntry testId="d1627e00-1268-244b-0d3c-df51d35583bd" executionId="5022394e-b2b6-44c7-a557-85473db35081" testListId="8c84fa94-04c1-424b-9868-57a2d4851a1d" />
    <TestEntry testId="476fb52b-b1ad-99fb-f64a-c87b203ea418" executionId="a88fe745-df0e-4331-aeff-e431abcde48b" testListId="8c84fa94-04c1-424b-9868-57a2d4851a1d" />
    <TestEntry testId="41d942af-8c06-a827-0907-9ec6f969b750" executionId="493b2a64-cc10-49e2-94cd-b494193e5cfe" testListId="8c84fa94-04c1-424b-9868-57a2d4851a1d" />
    <TestEntry testId="7479b781-b079-5e2b-47c8-4a838796c074" executionId="85dbaa14-b203-4b2a-b7b5-826843cf074e" testListId="8c84fa94-04c1-424b-9868-57a2d4851a1d" />
    <TestEntry testId="50f94cef-5f9b-c9e9-1775-6e32de8a08f0" executionId="987efeeb-5fbe-4ff4-b9d5-1ca6c18cfece" testListId="8c84fa94-04c1-424b-9868-57a2d4851a1d" />
  </TestEntries>
  <TestLists>
    <TestList name="Results Not in a List" id="8c84fa94-04c1-424b-9868-57a2d4851a1d" />
    <TestList name="All Loaded Results" id="19431567-8539-422a-85d7-44ee4e166bda" />
  </TestLists>
  <ResultSummary outcome="Completed">
    <Counters total="32" executed="32" passed="32" failed="0" error="0" timeout="0" aborted="0" inconclusive="0" passedButRunAborted="0" notRunnable="0" notExecuted="0" disconnected="0" warning="0" completed="0" inProgress="0" pending="0" />
    <Output>
      <StdOut>[xUnit.net 00:00:00.00] xUnit.net VSTest Adapter v2.8.2+699d445a1a (64-bit .NET 9.0.17)&#xD;
[xUnit.net 00:00:01.53]   Discovering: PetroProcure.IntegrationTests&#xD;
[xUnit.net 00:00:01.59]   Discovered:  PetroProcure.IntegrationTests&#xD;
[xUnit.net 00:00:01.60]   Starting:    PetroProcure.IntegrationTests&#xD;
info: Microsoft.EntityFrameworkCore.Database.Command[20101]&#xD;
      Executed DbCommand (86ms) [Parameters=[], CommandType='Text', CommandTimeout='60']&#xD;
      CREATE DATABASE [PetroProcureDb];&#xD;
info: Microsoft.EntityFrameworkCore.Database.Command[20101]&#xD;
      Executed DbCommand (37ms) [Parameters=[], CommandType='Text', CommandTimeout='60']&#xD;
      IF SERVERPROPERTY('EngineEdition') &lt;&gt; 5&#xD;
      BEGIN&#xD;
          ALTER DATABASE [PetroProcureDb] SET READ_COMMITTED_SNAPSHOT ON;&#xD;
      END;&#xD;
info: Microsoft.EntityFrameworkCore.Database.Command[20101]&#xD;
      Executed DbCommand (5ms) [Parameters=[], CommandType='Text', CommandTimeout='30']&#xD;
      SELECT 1&#xD;
info: Microsoft.EntityFrameworkCore.Migrations[20411]&#xD;
      Acquiring an exclusive lock for migration application. See https://aka.ms/efcore-docs-migrations-lock for more information if this takes too long.&#xD;
info: Microsoft.EntityFrameworkCore.Database.Command[20101]&#xD;
      Executed DbCommand (10ms) [Parameters=[], CommandType='Text', CommandTimeout='30']&#xD;
      DECLARE @result int;&#xD;
      EXEC @result = sp_getapplock @Resource = '__EFMigrationsLock', @LockOwner = 'Session', @LockMode = 'Exclusive';&#xD;
      SELECT @result&#xD;
info: Microsoft.EntityFrameworkCore.Database.Command[20101]&#xD;
      Executed DbCommand (4ms) [Parameters=[], CommandType='Text', CommandTimeout='30']&#xD;
      IF OBJECT_ID(N'[__EFMigrationsHistory]') IS NULL&#xD;
      BEGIN&#xD;
          CREATE TABLE [__EFMigrationsHistory] (&#xD;
              [MigrationId] nvarchar(150) NOT NULL,&#xD;
              [ProductVersion] nvarchar(32) NOT NULL,&#xD;
              CONSTRAINT [PK___EFMigrationsHistory] PRIMARY KEY ([MigrationId])&#xD;
          );&#xD;
      END;&#xD;
info: Microsoft.EntityFrameworkCore.Database.Command[20101]&#xD;
      Executed DbCommand (1ms) [Parameters=[], CommandType='Text', CommandTimeout='30']&#xD;
      SELECT 1&#xD;
info: Microsoft.EntityFrameworkCore.Database.Command[20101]&#xD;
      Executed DbCommand (0ms) [Parameters=[], CommandType='Text', CommandTimeout='30']&#xD;
      SELECT OBJECT_ID(N'[__EFMigrationsHistory]');&#xD;
info: Microsoft.EntityFrameworkCore.Database.Command[20101]&#xD;
      Executed DbCommand (5ms) [Parameters=[], CommandType='Text', CommandTimeout='30']&#xD;
      SELECT [MigrationId], [ProductVersion]&#xD;
      FROM [__EFMigrationsHistory]&#xD;
      ORDER BY [MigrationId];&#xD;
info: Microsoft.EntityFrameworkCore.Migrations[20402]&#xD;
      Applying migration '20260622225518_InitialCreate'.&#xD;
info: Microsoft.EntityFrameworkCore.Database.Command[20101]&#xD;
      Executed DbCommand (1ms) [Parameters=[], CommandType='Text', CommandTimeout='30']&#xD;
      IF SCHEMA_ID(N'org') IS NULL EXEC(N'CREATE SCHEMA [org];');&#xD;
info: Microsoft.EntityFrameworkCore.Database.Command[20101]&#xD;
      Executed DbCommand (1ms) [Parameters=[], CommandType='Text', CommandTimeout='30']&#xD;
      IF SCHEMA_ID(N'doc') IS NULL EXEC(N'CREATE SCHEMA [doc];');&#xD;
info: Microsoft.EntityFrameworkCore.Database.Command[20101]&#xD;
      Executed DbCommand (0ms) [Parameters=[], CommandType='Text', CommandTimeout='30']&#xD;
      IF SCHEMA_ID(N'workflow') IS NULL EXEC(N'CREATE SCHEMA [workflow];');&#xD;
info: Microsoft.EntityFrameworkCore.Database.Command[20101]&#xD;
      Executed DbCommand (0ms) [Parameters=[], CommandType='Text', CommandTimeout='30']&#xD;
      IF SCHEMA_ID(N'indent') IS NULL EXEC(N'CREATE SCHEMA [indent];');&#xD;
info: Microsoft.EntityFrameworkCore.Database.Command[20101]&#xD;
      Executed DbCommand (0ms) [Parameters=[], CommandType='Text', CommandTimeout='30']&#xD;
      IF SCHEMA_ID(N'item') IS NULL EXEC(N'CREATE SCHEMA [item];');&#xD;
info: Microsoft.EntityFrameworkCore.Database.Command[20101]&#xD;
      Executed DbCommand (0ms) [Parameters=[], CommandType='Text', CommandTimeout='30']&#xD;
      IF SCHEMA_ID(N'purchase') IS NULL EXEC(N'CREATE SCHEMA [purchase];');&#xD;
info: Microsoft.EntityFrameworkCore.Database.Command[20101]&#xD;
      Executed DbCommand (0ms) [Parameters=[], CommandType='Text', CommandTimeout='30']&#xD;
      IF SCHEMA_ID(N'identity') IS NULL EXEC(N'CREATE SCHEMA [identity];');&#xD;
info: Microsoft.EntityFrameworkCore.Database.Command[20101]&#xD;
      Executed DbCommand (0ms) [Parameters=[], CommandType='Text', CommandTimeout='30']&#xD;
      IF SCHEMA_ID(N'supplier') IS NULL EXEC(N'CREATE SCHEMA [supplier];');&#xD;
info: Microsoft.EntityFrameworkCore.Database.Command[20101]&#xD;
      Executed DbCommand (0ms) [Parameters=[], CommandType='Text', CommandTimeout='30']&#xD;
      IF SCHEMA_ID(N'tender') IS NULL EXEC(N'CREATE SCHEMA [tender];');&#xD;
info: Microsoft.EntityFrameworkCore.Database.Command[20101]&#xD;
      Executed DbCommand (0ms) [Parameters=[], CommandType='Text', CommandTimeout='30']&#xD;
      IF SCHEMA_ID(N'warehouse') IS NULL EXEC(N'CREATE SCHEMA [warehouse];');&#xD;
info: Microsoft.EntityFrameworkCore.Database.Command[20101]&#xD;
      Executed DbCommand (0ms) [Parameters=[], CommandType='Text', CommandTimeout='30']&#xD;
      IF SCHEMA_ID(N'report') IS NULL EXEC(N'CREATE SCHEMA [report];');&#xD;
info: Microsoft.EntityFrameworkCore.Database.Command[20101]&#xD;
      Executed DbCommand (0ms) [Parameters=[], CommandType='Text', CommandTimeout='30']&#xD;
      IF SCHEMA_ID(N'ai') IS NULL EXEC(N'CREATE SCHEMA [ai];');&#xD;
info: Microsoft.EntityFrameworkCore.Database.Command[20101]&#xD;
      Executed DbCommand (0ms) [Parameters=[], CommandType='Text', CommandTimeout='30']&#xD;
      IF SCHEMA_ID(N'audit') IS NULL EXEC(N'CREATE SCHEMA [audit];');&#xD;
info: Microsoft.EntityFrameworkCore.Database.Command[20101]&#xD;
      Executed DbCommand (2ms) [Parameters=[], CommandType='Text', CommandTimeout='30']&#xD;
      CREATE TABLE [org].[ApplicationUserProfiles] (&#xD;
          [Id] uniqueidentifier NOT NULL,&#xD;
          [DisplayName] nvarchar(200) NOT NULL,&#xD;
          [Email] nvarchar(320) NULL,&#xD;
          [IsActive] bit NOT NULL,&#xD;
          [CreatedAtUtc] datetime2 NOT NULL,&#xD;
          [CreatedBy] nvarchar(100) NULL,&#xD;
          [ModifiedAtUtc] datetime2 NULL,&#xD;
          [ModifiedBy] nvarchar(100) NULL,&#xD;
          CONSTRAINT [PK_ApplicationUserProfiles] PRIMARY KEY ([Id])&#xD;
      );&#xD;
info: Microsoft.EntityFrameworkCore.Database.Command[20101]&#xD;
      Executed DbCommand (1ms) [Parameters=[], CommandType='Text', CommandTimeout='30']&#xD;
      CREATE TABLE [org].[Departments] (&#xD;
          [Id] uniqueidentifier NOT NULL,&#xD;
          [Name] nvarchar(200) NOT NULL,&#xD;
          [Type] int NOT NULL,&#xD;
          [IsActive] bit NOT NULL,&#xD;
          [CreatedAtUtc] datetime2 NOT NULL,&#xD;
          [CreatedBy] nvarchar(100) NULL,&#xD;
          [ModifiedAtUtc] datetime2 NULL,&#xD;
          [ModifiedBy] nvarchar(100) NULL,&#xD;
          CONSTRAINT [PK_Departments] PRIMARY KEY ([Id])&#xD;
      );&#xD;
info: Microsoft.EntityFrameworkCore.Database.Command[20101]&#xD;
      Executed DbCommand (1ms) [Parameters=[], CommandType='Text', CommandTimeout='30']&#xD;
      CREATE TABLE [indent].[Indents] (&#xD;
          [Id] uniqueidentifier NOT NULL,&#xD;
          [IndentNumber] nvarchar(7) NOT NULL,&#xD;
          [YearPart] int NOT NULL,&#xD;
          [TypeDigit] int NOT NULL,&#xD;
          [Sequence] int NOT NULL,&#xD;
          [Type] int NOT NULL,&#xD;
          [CreatedAtUtc] datetime2 NOT NULL,&#xD;
          [CreatedBy] nvarchar(100) NULL,&#xD;
          [ModifiedAtUtc] datetime2 NULL,&#xD;
          [ModifiedBy] nvarchar(100) NULL,&#xD;
          CONSTRAINT [PK_Indents] PRIMARY KEY ([Id])&#xD;
      );&#xD;
info: Microsoft.EntityFrameworkCore.Database.Command[20101]&#xD;
      Executed DbCommand (1ms) [Parameters=[], CommandType='Text', CommandTimeout='30']&#xD;
      CREATE TABLE [item].[MescGeneralGroups] (&#xD;
          [Id] uniqueidentifier NOT NULL,&#xD;
          [Code] nvarchar(6) NOT NULL,&#xD;
          [Description] nvarchar(500) NOT NULL,&#xD;
          [IsActive] bit NOT NULL,&#xD;
          [CreatedAtUtc] datetime2 NOT NULL,&#xD;
          [CreatedBy] nvarchar(100) NULL,&#xD;
          [ModifiedAtUtc] datetime2 NULL,&#xD;
          [ModifiedBy] nvarchar(100) NULL,&#xD;
          CONSTRAINT [PK_MescGeneralGroups] PRIMARY KEY ([Id]),&#xD;
          CONSTRAINT [AK_MescGeneralGroups_Code] UNIQUE ([Code])&#xD;
      );&#xD;
info: Microsoft.EntityFrameworkCore.Database.Command[20101]&#xD;
      Executed DbCommand (2ms) [Parameters=[], CommandType='Text', CommandTimeout='30']&#xD;
      CREATE TABLE [item].[UnitOfMeasures] (&#xD;
          [Id] uniqueidentifier NOT NULL,&#xD;
          [Code] nvarchar(30) NOT NULL,&#xD;
          [Name] nvarchar(100) NOT NULL,&#xD;
          [IsActive] bit NOT NULL,&#xD;
          [CreatedAtUtc] datetime2 NOT NULL,&#xD;
          [CreatedBy] nvarchar(100) NULL,&#xD;
          [ModifiedAtUtc] datetime2 NULL,&#xD;
          [ModifiedBy] nvarchar(100) NULL,&#xD;
          CONSTRAINT [PK_UnitOfMeasures] PRIMARY KEY ([Id])&#xD;
      );&#xD;
info: Microsoft.EntityFrameworkCore.Database.Command[20101]&#xD;
      Executed DbCommand (2ms) [Parameters=[], CommandType='Text', CommandTimeout='30']&#xD;
      CREATE TABLE [org].[UserDepartments] (&#xD;
          [Id] uniqueidentifier NOT NULL,&#xD;
          [UserProfileId] uniqueidentifier NOT NULL,&#xD;
          [DepartmentId] uniqueidentifier NOT NULL,&#xD;
          [IsPrimary] bit NOT NULL,&#xD;
          [CreatedAtUtc] datetime2 NOT NULL,&#xD;
          [CreatedBy] nvarchar(100) NULL,&#xD;
          [ModifiedAtUtc] datetime2 NULL,&#xD;
          [ModifiedBy] nvarchar(100) NULL,&#xD;
          CONSTRAINT [PK_UserDepartments] PRIMARY KEY ([Id]),&#xD;
          CONSTRAINT [FK_UserDepartments_ApplicationUserProfiles_UserProfileId] FOREIGN KEY ([UserProfileId]) REFERENCES [org].[ApplicationUserProfiles] ([Id]) ON DELETE CASCADE,&#xD;
          CONSTRAINT [FK_UserDepartments_Departments_DepartmentId] FOREIGN KEY ([DepartmentId]) REFERENCES [org].[Departments] ([Id]) ON DELETE NO ACTION&#xD;
      );&#xD;
info: Microsoft.EntityFrameworkCore.Database.Command[20101]&#xD;
      Executed DbCommand (2ms) [Parameters=[], CommandType='Text', CommandTimeout='30']&#xD;
      CREATE TABLE [purchase].[PurchaseFiles] (&#xD;
          [Id] uniqueidentifier NOT NULL,&#xD;
          [FileNumber] nvarchar(50) NOT NULL,&#xD;
          [Title] nvarchar(300) NOT NULL,&#xD;
          [IndentId] uniqueidentifier NULL,&#xD;
          [Status] int NOT NULL,&#xD;
          [CreatedAtUtc] datetime2 NOT NULL,&#xD;
          [CreatedBy] nvarchar(100) NULL,&#xD;
          [ModifiedAtUtc] datetime2 NULL,&#xD;
          [ModifiedBy] nvarchar(100) NULL,&#xD;
          CONSTRAINT [PK_PurchaseFiles] PRIMARY KEY ([Id]),&#xD;
          CONSTRAINT [FK_PurchaseFiles_Indents_IndentId] FOREIGN KEY ([IndentId]) REFERENCES [indent].[Indents] ([Id]) ON DELETE SET NULL&#xD;
      );&#xD;
info: Microsoft.EntityFrameworkCore.Database.Command[20101]&#xD;
      Executed DbCommand (2ms) [Parameters=[], CommandType='Text', CommandTimeout='30']&#xD;
      CREATE TABLE [item].[MescItems] (&#xD;
          [Id] uniqueidentifier NOT NULL,&#xD;
          [Code] nvarchar(50) NOT NULL,&#xD;
          [GeneralGroupCode] nvarchar(6) NOT NULL,&#xD;
          [Description] nvarchar(500) NOT NULL,&#xD;
          [IsActive] bit NOT NULL,&#xD;
          [CreatedAtUtc] datetime2 NOT NULL,&#xD;
          [CreatedBy] nvarchar(100) NULL,&#xD;
          [ModifiedAtUtc] datetime2 NULL,&#xD;
          [ModifiedBy] nvarchar(100) NULL,&#xD;
          CONSTRAINT [PK_MescItems] PRIMARY KEY ([Id]),&#xD;
          CONSTRAINT [AK_MescItems_Code] UNIQUE ([Code]),&#xD;
          CONSTRAINT [FK_MescItems_MescGeneralGroups_GeneralGroupCode] FOREIGN KEY ([GeneralGroupCode]) REFERENCES [item].[MescGeneralGroups] ([Code]) ON DELETE NO ACTION&#xD;
      );&#xD;
info: Microsoft.EntityFrameworkCore.Database.Command[20101]&#xD;
      Executed DbCommand (2ms) [Parameters=[], CommandType='Text', CommandTimeout='30']&#xD;
      CREATE TABLE [doc].[FileDocuments] (&#xD;
          [Id] uniqueidentifier NOT NULL,&#xD;
          [PurchaseFileId] uniqueidentifier NOT NULL,&#xD;
          [Type] int NOT NULL,&#xD;
          [Title] nvarchar(300) NOT NULL,&#xD;
          [CreatedAtUtc] datetime2 NOT NULL,&#xD;
          [CreatedBy] nvarchar(100) NULL,&#xD;
          [ModifiedAtUtc] datetime2 NULL,&#xD;
          [ModifiedBy] nvarchar(100) NULL,&#xD;
          CONSTRAINT [PK_FileDocuments] PRIMARY KEY ([Id]),&#xD;
          CONSTRAINT [FK_FileDocuments_PurchaseFiles_PurchaseFileId] FOREIGN KEY ([PurchaseFileId]) REFERENCES [purchase].[PurchaseFiles] ([Id]) ON DELETE CASCADE&#xD;
      );&#xD;
info: Microsoft.EntityFrameworkCore.Database.Command[20101]&#xD;
      Executed DbCommand (2ms) [Parameters=[], CommandType='Text', CommandTimeout='30']&#xD;
      CREATE TABLE [workflow].[InboxTasks] (&#xD;
          [Id] uniqueidentifier NOT NULL,&#xD;
          [PurchaseFileId] uniqueidentifier NOT NULL,&#xD;
          [AssignedDepartment] int NOT NULL,&#xD;
          [AssignedUserId] uniqueidentifier NULL,&#xD;
          [Title] nvarchar(300) NOT NULL,&#xD;
          [Status] int NOT NULL,&#xD;
          [CreatedAtTaskUtc] datetime2 NOT NULL,&#xD;
          [CompletedAtUtc] datetime2 NULL,&#xD;
          [CreatedAtUtc] datetime2 NOT NULL,&#xD;
          [CreatedBy] nvarchar(100) NULL,&#xD;
          [ModifiedAtUtc] datetime2 NULL,&#xD;
          [ModifiedBy] nvarchar(100) NULL,&#xD;
          CONSTRAINT [PK_InboxTasks] PRIMARY KEY ([Id]),&#xD;
          CONSTRAINT [FK_InboxTasks_ApplicationUserProfiles_AssignedUserId] FOREIGN KEY ([AssignedUserId]) REFERENCES [org].[ApplicationUserProfiles] ([Id]) ON DELETE NO ACTION,&#xD;
          CONSTRAINT [FK_InboxTasks_PurchaseFiles_PurchaseFileId] FOREIGN KEY ([PurchaseFileId]) REFERENCES [purchase].[PurchaseFiles] ([Id]) ON DELETE CASCADE&#xD;
      );&#xD;
info: Microsoft.EntityFrameworkCore.Database.Command[20101]&#xD;
      Executed DbCommand (1ms) [Parameters=[], CommandType='Text', CommandTimeout='30']&#xD;
      CREATE TABLE [purchase].[PurchaseFileNotes] (&#xD;
          [Id] uniqueidentifier NOT NULL,&#xD;
          [PurchaseFileId] uniqueidentifier NOT NULL,&#xD;
          [Text] nvarchar(2000) NOT NULL,&#xD;
          [AuthorUserId] uniqueidentifier NULL,&#xD;
          [CreatedAtUtc] datetime2 NOT NULL,&#xD;
          [CreatedBy] nvarchar(100) NULL,&#xD;
          [ModifiedAtUtc] datetime2 NULL,&#xD;
          [ModifiedBy] nvarchar(100) NULL,&#xD;
          CONSTRAINT [PK_PurchaseFileNotes] PRIMARY KEY ([Id]),&#xD;
          CONSTRAINT [FK_PurchaseFileNotes_ApplicationUserProfiles_AuthorUserId] FOREIGN KEY ([AuthorUserId]) REFERENCES [org].[ApplicationUserProfiles] ([Id]) ON DELETE NO ACTION,&#xD;
          CONSTRAINT [FK_PurchaseFileNotes_PurchaseFiles_PurchaseFileId] FOREIGN KEY ([PurchaseFileId]) REFERENCES [purchase].[PurchaseFiles] ([Id]) ON DELETE CASCADE&#xD;
      );&#xD;
info: Microsoft.EntityFrameworkCore.Database.Command[20101]&#xD;
      Executed DbCommand (2ms) [Parameters=[], CommandType='Text', CommandTimeout='30']&#xD;
      CREATE TABLE [purchase].[PurchaseFileStatusHistories] (&#xD;
          [Id] uniqueidentifier NOT NULL,&#xD;
          [PurchaseFileId] uniqueidentifier NOT NULL,&#xD;
          [FromStatus] int NOT NULL,&#xD;
          [ToStatus] int NOT NULL,&#xD;
          [ChangedByUserId] uniqueidentifier NULL,&#xD;
          [Note] nvarchar(1000) NULL,&#xD;
          [ChangedAtUtc] datetime2 NOT NULL,&#xD;
          CONSTRAINT [PK_PurchaseFileStatusHistories] PRIMARY KEY ([Id]),&#xD;
          CONSTRAINT [FK_PurchaseFileStatusHistories_ApplicationUserProfiles_ChangedByUserId] FOREIGN KEY ([ChangedByUserId]) REFERENCES [org].[ApplicationUserProfiles] ([Id]) ON DELETE NO ACTION,&#xD;
          CONSTRAINT [FK_PurchaseFileStatusHistories_PurchaseFiles_PurchaseFileId] FOREIGN KEY ([PurchaseFileId]) REFERENCES [purchase].[PurchaseFiles] ([Id]) ON DELETE CASCADE&#xD;
      );&#xD;
info: Microsoft.EntityFrameworkCore.Database.Command[20101]&#xD;
      Executed DbCommand (2ms) [Parameters=[], CommandType='Text', CommandTimeout='30']&#xD;
      CREATE TABLE [workflow].[WorkflowInstances] (&#xD;
          [Id] uniqueidentifier NOT NULL,&#xD;
          [PurchaseFileId] uniqueidentifier NOT NULL,&#xD;
          [Status] int NOT NULL,&#xD;
          [CreatedAtUtc] datetime2 NOT NULL,&#xD;
          [CreatedBy] nvarchar(100) NULL,&#xD;
          [ModifiedAtUtc] datetime2 NULL,&#xD;
          [ModifiedBy] nvarchar(100) NULL,&#xD;
          CONSTRAINT [PK_WorkflowInstances] PRIMARY KEY ([Id]),&#xD;
          CONSTRAINT [FK_WorkflowInstances_PurchaseFiles_PurchaseFileId] FOREIGN KEY ([PurchaseFileId]) REFERENCES [purchase].[PurchaseFiles] ([Id]) ON DELETE CASCADE&#xD;
      );&#xD;
info: Microsoft.EntityFrameworkCore.Database.Command[20101]&#xD;
      Executed DbCommand (3ms) [Parameters=[], CommandType='Text', CommandTimeout='30']&#xD;
      CREATE TABLE [indent].[IndentItems] (&#xD;
          [Id] uniqueidentifier NOT NULL,&#xD;
          [IndentId] uniqueidentifier NOT NULL,&#xD;
          [MescCode] nvarchar(50) NOT NULL,&#xD;
          [Description] nvarchar(500) NOT NULL,&#xD;
          [Quantity] decimal(18,4) NOT NULL,&#xD;
          [UnitOfMeasureId] uniqueidentifier NULL,&#xD;
          [CreatedAtUtc] datetime2 NOT NULL,&#xD;
          [CreatedBy] nvarchar(100) NULL,&#xD;
          [ModifiedAtUtc] datetime2 NULL,&#xD;
          [ModifiedBy] nvarchar(100) NULL,&#xD;
          CONSTRAINT [PK_IndentItems] PRIMARY KEY ([Id]),&#xD;
          CONSTRAINT [FK_IndentItems_Indents_IndentId] FOREIGN KEY ([IndentId]) REFERENCES [indent].[Indents] ([Id]) ON DELETE CASCADE,&#xD;
          CONSTRAINT [FK_IndentItems_MescItems_MescCode] FOREIGN KEY ([MescCode]) REFERENCES [item].[MescItems] ([Code]) ON DELETE NO ACTION,&#xD;
          CONSTRAINT [FK_IndentItems_UnitOfMeasures_UnitOfMeasureId] FOREIGN KEY ([UnitOfMeasureId]) REFERENCES [item].[UnitOfMeasures] ([Id]) ON DELETE NO ACTION&#xD;
      );&#xD;
info: Microsoft.EntityFrameworkCore.Database.Command[20101]&#xD;
      Executed DbCommand (3ms) [Parameters=[], CommandType='Text', CommandTimeout='30']&#xD;
      CREATE TABLE [purchase].[PurchaseFileItems] (&#xD;
          [Id] uniqueidentifier NOT NULL,&#xD;
          [PurchaseFileId] uniqueidentifier NOT NULL,&#xD;
          [MescCode] nvarchar(50) NOT NULL,&#xD;
          [Description] nvarchar(500) NOT NULL,&#xD;
          [Quantity] decimal(18,4) NOT NULL,&#xD;
          [CreatedAtUtc] datetime2 NOT NULL,&#xD;
          [CreatedBy] nvarchar(100) NULL,&#xD;
          [ModifiedAtUtc] datetime2 NULL,&#xD;
          [ModifiedBy] nvarchar(100) NULL,&#xD;
          CONSTRAINT [PK_PurchaseFileItems] PRIMARY KEY ([Id]),&#xD;
          CONSTRAINT [FK_PurchaseFileItems_MescItems_MescCode] FOREIGN KEY ([MescCode]) REFERENCES [item].[MescItems] ([Code]) ON DELETE NO ACTION,&#xD;
          CONSTRAINT [FK_PurchaseFileItems_PurchaseFiles_PurchaseFileId] FOREIGN KEY ([PurchaseFileId]) REFERENCES [purchase].[PurchaseFiles] ([Id]) ON DELETE CASCADE&#xD;
      );&#xD;
info: Microsoft.EntityFrameworkCore.Database.Command[20101]&#xD;
      Executed DbCommand (2ms) [Parameters=[], CommandType='Text', CommandTimeout='30']&#xD;
      CREATE TABLE [doc].[DocumentVersions] (&#xD;
          [Id] uniqueidentifier NOT NULL,&#xD;
          [FileDocumentId] uniqueidentifier NOT NULL,&#xD;
          [VersionNumber] int NOT NULL,&#xD;
          [OriginalFileName] nvarchar(260) NOT NULL,&#xD;
          [RelativePath] nvarchar(1000) NOT NULL,&#xD;
          [ContentHash] nvarchar(128) NULL,&#xD;
          [UploadedAtUtc] datetime2 NOT NULL,&#xD;
          [CreatedAtUtc] datetime2 NOT NULL,&#xD;
          [CreatedBy] nvarchar(100) NULL,&#xD;
          [ModifiedAtUtc] datetime2 NULL,&#xD;
          [ModifiedBy] nvarchar(100) NULL,&#xD;
          CONSTRAINT [PK_DocumentVersions] PRIMARY KEY ([Id]),&#xD;
          CONSTRAINT [FK_DocumentVersions_FileDocuments_FileDocumentId] FOREIGN KEY ([FileDocumentId]) REFERENCES [doc].[FileDocuments] ([Id]) ON DELETE CASCADE&#xD;
      );&#xD;
info: Microsoft.EntityFrameworkCore.Database.Command[20101]&#xD;
      Executed DbCommand (1ms) [Parameters=[], CommandType='Text', CommandTimeout='30']&#xD;
      CREATE TABLE [workflow].[WorkflowSteps] (&#xD;
          [Id] uniqueidentifier NOT NULL,&#xD;
          [WorkflowInstanceId] uniqueidentifier NOT NULL,&#xD;
          [DepartmentType] int NOT NULL,&#xD;
          [Title] nvarchar(300) NOT NULL,&#xD;
          [Order] int NOT NULL,&#xD;
          [Status] int NOT NULL,&#xD;
          [CreatedAtUtc] datetime2 NOT NULL,&#xD;
          [CreatedBy] nvarchar(100) NULL,&#xD;
          [ModifiedAtUtc] datetime2 NULL,&#xD;
          [ModifiedBy] nvarchar(100) NULL,&#xD;
          CONSTRAINT [PK_WorkflowSteps] PRIMARY KEY ([Id]),&#xD;
          CONSTRAINT [FK_WorkflowSteps_WorkflowInstances_WorkflowInstanceId] FOREIGN KEY ([WorkflowInstanceId]) REFERENCES [workflow].[WorkflowInstances] ([Id]) ON DELETE CASCADE&#xD;
      );&#xD;
info: Microsoft.EntityFrameworkCore.Database.Command[20101]&#xD;
      Executed DbCommand (23ms) [Parameters=[], CommandType='Text', CommandTimeout='30']&#xD;
      IF EXISTS (SELECT * FROM [sys].[identity_columns] WHERE [name] IN (N'Id', N'CreatedAtUtc', N'CreatedBy', N'IsActive', N'ModifiedAtUtc', N'ModifiedBy', N'Name', N'Type') AND [object_id] = OBJECT_ID(N'[org].[Departments]'))&#xD;
          SET IDENTITY_INSERT [org].[Departments] ON;&#xD;
      INSERT INTO [org].[Departments] ([Id], [CreatedAtUtc], [CreatedBy], [IsActive], [ModifiedAtUtc], [ModifiedBy], [Name], [Type])&#xD;
      VALUES ('10000000-0000-0000-0000-000000000001', '2026-01-01T00:00:00.0000000Z', NULL, CAST(1 AS bit), NULL, NULL, N'???? ????', 1),&#xD;
      ('10000000-0000-0000-0000-000000000002', '2026-01-01T00:00:00.0000000Z', NULL, CAST(1 AS bit), NULL, NULL, N'??????? ? ????? ??????', 2),&#xD;
      ('10000000-0000-0000-0000-000000000003', '2026-01-01T00:00:00.0000000Z', NULL, CAST(1 AS bit), NULL, NULL, N'?????', 3),&#xD;
      ('10000000-0000-0000-0000-000000000004', '2026-01-01T00:00:00.0000000Z', NULL, CAST(1 AS bit), NULL, NULL, N'??????', 4),&#xD;
      ('10000000-0000-0000-0000-000000000005', '2026-01-01T00:00:00.0000000Z', NULL, CAST(1 AS bit), NULL, NULL, N'??????? ??????', 5);&#xD;
      IF EXISTS (SELECT * FROM [sys].[identity_columns] WHERE [name] IN (N'Id', N'CreatedAtUtc', N'CreatedBy', N'IsActive', N'ModifiedAtUtc', N'ModifiedBy', N'Name', N'Type') AND [object_id] = OBJECT_ID(N'[org].[Departments]'))&#xD;
          SET IDENTITY_INSERT [org].[Departments] OFF;&#xD;
info: Microsoft.EntityFrameworkCore.Database.Command[20101]&#xD;
      Executed DbCommand (10ms) [Parameters=[], CommandType='Text', CommandTimeout='30']&#xD;
      IF EXISTS (SELECT * FROM [sys].[identity_columns] WHERE [name] IN (N'Id', N'Code', N'CreatedAtUtc', N'CreatedBy', N'Description', N'IsActive', N'ModifiedAtUtc', N'ModifiedBy') AND [object_id] = OBJECT_ID(N'[item].[MescGeneralGroups]'))&#xD;
          SET IDENTITY_INSERT [item].[MescGeneralGroups] ON;&#xD;
      INSERT INTO [item].[MescGeneralGroups] ([Id], [Code], [CreatedAtUtc], [CreatedBy], [Description], [IsActive], [ModifiedAtUtc], [ModifiedBy])&#xD;
      VALUES ('30000000-0000-0000-0000-000000000001', N'123456', '2026-01-01T00:00:00.0000000Z', NULL, N'???? ? ??????? ?????', CAST(1 AS bit), NULL, NULL),&#xD;
      ('30000000-0000-0000-0000-000000000002', N'223344', '2026-01-01T00:00:00.0000000Z', NULL, N'??????? ?????', CAST(1 AS bit), NULL, NULL),&#xD;
      ('30000000-0000-0000-0000-000000000003', N'334455', '2026-01-01T00:00:00.0000000Z', NULL, N'?????? ? ??????? ????', CAST(1 AS bit), NULL, NULL);&#xD;
      IF EXISTS (SELECT * FROM [sys].[identity_columns] WHERE [name] IN (N'Id', N'Code', N'CreatedAtUtc', N'CreatedBy', N'Description', N'IsActive', N'ModifiedAtUtc', N'ModifiedBy') AND [object_id] = OBJECT_ID(N'[item].[MescGeneralGroups]'))&#xD;
          SET IDENTITY_INSERT [item].[MescGeneralGroups] OFF;&#xD;
info: Microsoft.EntityFrameworkCore.Database.Command[20101]&#xD;
      Executed DbCommand (11ms) [Parameters=[], CommandType='Text', CommandTimeout='30']&#xD;
      IF EXISTS (SELECT * FROM [sys].[identity_columns] WHERE [name] IN (N'Id', N'Code', N'CreatedAtUtc', N'CreatedBy', N'IsActive', N'ModifiedAtUtc', N'ModifiedBy', N'Name') AND [object_id] = OBJECT_ID(N'[item].[UnitOfMeasures]'))&#xD;
          SET IDENTITY_INSERT [item].[UnitOfMeasures] ON;&#xD;
      INSERT INTO [item].[UnitOfMeasures] ([Id], [Code], [CreatedAtUtc], [CreatedBy], [IsActive], [ModifiedAtUtc], [ModifiedBy], [Name])&#xD;
      VALUES ('20000000-0000-0000-0000-000000000001', N'EA', '2026-01-01T00:00:00.0000000Z', NULL, CAST(1 AS bit), NULL, NULL, N'???'),&#xD;
      ('20000000-0000-0000-0000-000000000002', N'M', '2026-01-01T00:00:00.0000000Z', NULL, CAST(1 AS bit), NULL, NULL, N'???'),&#xD;
      ('20000000-0000-0000-0000-000000000003', N'KG', '2026-01-01T00:00:00.0000000Z', NULL, CAST(1 AS bit), NULL, NULL, N'???????'),&#xD;
      ('20000000-0000-0000-0000-000000000004', N'L', '2026-01-01T00:00:00.0000000Z', NULL, CAST(1 AS bit), NULL, NULL, N'????'),&#xD;
      ('20000000-0000-0000-0000-000000000005', N'PKG', '2026-01-01T00:00:00.0000000Z', NULL, CAST(1 AS bit), NULL, NULL, N'????'),&#xD;
      ('20000000-0000-0000-0000-000000000006', N'DEV', '2026-01-01T00:00:00.0000000Z', NULL, CAST(1 AS bit), NULL, NULL, N'??????');&#xD;
      IF EXISTS (SELECT * FROM [sys].[identity_columns] WHERE [name] IN (N'Id', N'Code', N'CreatedAtUtc', N'CreatedBy', N'IsActive', N'ModifiedAtUtc', N'ModifiedBy', N'Name') AND [object_id] = OBJECT_ID(N'[item].[UnitOfMeasures]'))&#xD;
          SET IDENTITY_INSERT [item].[UnitOfMeasures] OFF;&#xD;
info: Microsoft.EntityFrameworkCore.Database.Command[20101]&#xD;
      Executed DbCommand (12ms) [Parameters=[], CommandType='Text', CommandTimeout='30']&#xD;
      IF EXISTS (SELECT * FROM [sys].[identity_columns] WHERE [name] IN (N'Id', N'Code', N'CreatedAtUtc', N'CreatedBy', N'Description', N'GeneralGroupCode', N'IsActive', N'ModifiedAtUtc', N'ModifiedBy') AND [object_id] = OBJECT_ID(N'[item].[MescItems]'))&#xD;
          SET IDENTITY_INSERT [item].[MescItems] ON;&#xD;
      INSERT INTO [item].[MescItems] ([Id], [Code], [CreatedAtUtc], [CreatedBy], [Description], [GeneralGroupCode], [IsActive], [ModifiedAtUtc], [ModifiedBy])&#xD;
      VALUES ('40000000-0000-0000-0000-000000000001', N'1234560001', '2026-01-01T00:00:00.0000000Z', NULL, N'???? ?????? ?????', N'123456', CAST(1 AS bit), NULL, NULL),&#xD;
      ('40000000-0000-0000-0000-000000000002', N'1234560002', '2026-01-01T00:00:00.0000000Z', NULL, N'???? ?????? ?????', N'123456', CAST(1 AS bit), NULL, NULL),&#xD;
      ('40000000-0000-0000-0000-000000000003', N'2233440001', '2026-01-01T00:00:00.0000000Z', NULL, N'??? ????? ?????', N'223344', CAST(1 AS bit), NULL, NULL),&#xD;
      ('40000000-0000-0000-0000-000000000004', N'3344550001', '2026-01-01T00:00:00.0000000Z', NULL, N'??? ?????????? ?????', N'334455', CAST(1 AS bit), NULL, NULL);&#xD;
      IF EXISTS (SELECT * FROM [sys].[identity_columns] WHERE [name] IN (N'Id', N'Code', N'CreatedAtUtc', N'CreatedBy', N'Description', N'GeneralGroupCode', N'IsActive', N'ModifiedAtUtc', N'ModifiedBy') AND [object_id] = OBJECT_ID(N'[item].[MescItems]'))&#xD;
          SET IDENTITY_INSERT [item].[MescItems] OFF;&#xD;
info: Microsoft.EntityFrameworkCore.Database.Command[20101]&#xD;
      Executed DbCommand (1ms) [Parameters=[], CommandType='Text', CommandTimeout='30']&#xD;
      CREATE INDEX [IX_ApplicationUserProfiles_Email] ON [org].[ApplicationUserProfiles] ([Email]);&#xD;
info: Microsoft.EntityFrameworkCore.Database.Command[20101]&#xD;
      Executed DbCommand (2ms) [Parameters=[], CommandType='Text', CommandTimeout='30']&#xD;
      CREATE UNIQUE INDEX [IX_Departments_Name] ON [org].[Departments] ([Name]);&#xD;
info: Microsoft.EntityFrameworkCore.Database.Command[20101]&#xD;
      Executed DbCommand (2ms) [Parameters=[], CommandType='Text', CommandTimeout='30']&#xD;
      CREATE INDEX [IX_Departments_Type] ON [org].[Departments] ([Type]);&#xD;
info: Microsoft.EntityFrameworkCore.Database.Command[20101]&#xD;
      Executed DbCommand (1ms) [Parameters=[], CommandType='Text', CommandTimeout='30']&#xD;
      CREATE INDEX [IX_DocumentVersions_FileDocumentId] ON [doc].[DocumentVersions] ([FileDocumentId]);&#xD;
info: Microsoft.EntityFrameworkCore.Database.Command[20101]&#xD;
      Executed DbCommand (1ms) [Parameters=[], CommandType='Text', CommandTimeout='30']&#xD;
      CREATE UNIQUE INDEX [IX_DocumentVersions_FileDocumentId_VersionNumber] ON [doc].[DocumentVersions] ([FileDocumentId], [VersionNumber]);&#xD;
info: Microsoft.EntityFrameworkCore.Database.Command[20101]&#xD;
      Executed DbCommand (0ms) [Parameters=[], CommandType='Text', CommandTimeout='30']&#xD;
      CREATE INDEX [IX_FileDocuments_PurchaseFileId] ON [doc].[FileDocuments] ([PurchaseFileId]);&#xD;
info: Microsoft.EntityFrameworkCore.Database.Command[20101]&#xD;
      Executed DbCommand (0ms) [Parameters=[], CommandType='Text', CommandTimeout='30']&#xD;
      CREATE INDEX [IX_FileDocuments_Type] ON [doc].[FileDocuments] ([Type]);&#xD;
info: Microsoft.EntityFrameworkCore.Database.Command[20101]&#xD;
      Executed DbCommand (0ms) [Parameters=[], CommandType='Text', CommandTimeout='30']&#xD;
      CREATE INDEX [IX_InboxTasks_AssignedDepartment] ON [workflow].[InboxTasks] ([AssignedDepartment]);&#xD;
info: Microsoft.EntityFrameworkCore.Database.Command[20101]&#xD;
      Executed DbCommand (0ms) [Parameters=[], CommandType='Text', CommandTimeout='30']&#xD;
      CREATE INDEX [IX_InboxTasks_AssignedUserId] ON [workflow].[InboxTasks] ([AssignedUserId]);&#xD;
info: Microsoft.EntityFrameworkCore.Database.Command[20101]&#xD;
      Executed DbCommand (0ms) [Parameters=[], CommandType='Text', CommandTimeout='30']&#xD;
      CREATE INDEX [IX_InboxTasks_PurchaseFileId] ON [workflow].[InboxTasks] ([PurchaseFileId]);&#xD;
info: Microsoft.EntityFrameworkCore.Database.Command[20101]&#xD;
      Executed DbCommand (0ms) [Parameters=[], CommandType='Text', CommandTimeout='30']&#xD;
      CREATE INDEX [IX_InboxTasks_Status] ON [workflow].[InboxTasks] ([Status]);&#xD;
info: Microsoft.EntityFrameworkCore.Database.Command[20101]&#xD;
      Executed DbCommand (0ms) [Parameters=[], CommandType='Text', CommandTimeout='30']&#xD;
      CREATE INDEX [IX_IndentItems_IndentId] ON [indent].[IndentItems] ([IndentId]);&#xD;
info: Microsoft.EntityFrameworkCore.Database.Command[20101]&#xD;
      Executed DbCommand (0ms) [Parameters=[], CommandType='Text', CommandTimeout='30']&#xD;
      CREATE INDEX [IX_IndentItems_MescCode] ON [indent].[IndentItems] ([MescCode]);&#xD;
info: Microsoft.EntityFrameworkCore.Database.Command[20101]&#xD;
      Executed DbCommand (0ms) [Parameters=[], CommandType='Text', CommandTimeout='30']&#xD;
      CREATE INDEX [IX_IndentItems_UnitOfMeasureId] ON [indent].[IndentItems] ([UnitOfMeasureId]);&#xD;
info: Microsoft.EntityFrameworkCore.Database.Command[20101]&#xD;
      Executed DbCommand (0ms) [Parameters=[], CommandType='Text', CommandTimeout='30']&#xD;
      CREATE UNIQUE INDEX [IX_Indents_IndentNumber] ON [indent].[Indents] ([IndentNumber]);&#xD;
info: Microsoft.EntityFrameworkCore.Database.Command[20101]&#xD;
      Executed DbCommand (0ms) [Parameters=[], CommandType='Text', CommandTimeout='30']&#xD;
      CREATE UNIQUE INDEX [UX_Indents_YearPart_TypeDigit_Sequence] ON [indent].[Indents] ([YearPart], [TypeDigit], [Sequence]);&#xD;
info: Microsoft.EntityFrameworkCore.Database.Command[20101]&#xD;
      Executed DbCommand (1ms) [Parameters=[], CommandType='Text', CommandTimeout='30']&#xD;
      CREATE UNIQUE INDEX [IX_MescGeneralGroups_Code] ON [item].[MescGeneralGroups] ([Code]);&#xD;
info: Microsoft.EntityFrameworkCore.Database.Command[20101]&#xD;
      Executed DbCommand (1ms) [Parameters=[], CommandType='Text', CommandTimeout='30']&#xD;
      CREATE UNIQUE INDEX [IX_MescItems_Code] ON [item].[MescItems] ([Code]);&#xD;
info: Microsoft.EntityFrameworkCore.Database.Command[20101]&#xD;
      Executed DbCommand (2ms) [Parameters=[], CommandType='Text', CommandTimeout='30']&#xD;
      CREATE INDEX [IX_MescItems_GeneralGroupCode] ON [item].[MescItems] ([GeneralGroupCode]);&#xD;
info: Microsoft.EntityFrameworkCore.Database.Command[20101]&#xD;
      Executed DbCommand (1ms) [Parameters=[], CommandType='Text', CommandTimeout='30']&#xD;
      CREATE INDEX [IX_PurchaseFileItems_MescCode] ON [purchase].[PurchaseFileItems] ([MescCode]);&#xD;
info: Microsoft.EntityFrameworkCore.Database.Command[20101]&#xD;
      Executed DbCommand (0ms) [Parameters=[], CommandType='Text', CommandTimeout='30']&#xD;
      CREATE INDEX [IX_PurchaseFileItems_PurchaseFileId] ON [purchase].[PurchaseFileItems] ([PurchaseFileId]);&#xD;
info: Microsoft.EntityFrameworkCore.Database.Command[20101]&#xD;
      Executed DbCommand (0ms) [Parameters=[], CommandType='Text', CommandTimeout='30']&#xD;
      CREATE INDEX [IX_PurchaseFileNotes_AuthorUserId] ON [purchase].[PurchaseFileNotes] ([AuthorUserId]);&#xD;
info: Microsoft.EntityFrameworkCore.Database.Command[20101]&#xD;
      Executed DbCommand (1ms) [Parameters=[], CommandType='Text', CommandTimeout='30']&#xD;
      CREATE INDEX [IX_PurchaseFileNotes_PurchaseFileId] ON [purchase].[PurchaseFileNotes] ([PurchaseFileId]);&#xD;
info: Microsoft.EntityFrameworkCore.Database.Command[20101]&#xD;
      Executed DbCommand (1ms) [Parameters=[], CommandType='Text', CommandTimeout='30']&#xD;
      CREATE UNIQUE INDEX [IX_PurchaseFiles_FileNumber] ON [purchase].[PurchaseFiles] ([FileNumber]);&#xD;
info: Microsoft.EntityFrameworkCore.Database.Command[20101]&#xD;
      Executed DbCommand (1ms) [Parameters=[], CommandType='Text', CommandTimeout='30']&#xD;
      CREATE INDEX [IX_PurchaseFiles_IndentId] ON [purchase].[PurchaseFiles] ([IndentId]);&#xD;
info: Microsoft.EntityFrameworkCore.Database.Command[20101]&#xD;
      Executed DbCommand (1ms) [Parameters=[], CommandType='Text', CommandTimeout='30']&#xD;
      CREATE INDEX [IX_PurchaseFiles_Status] ON [purchase].[PurchaseFiles] ([Status]);&#xD;
info: Microsoft.EntityFrameworkCore.Database.Command[20101]&#xD;
[...]
      FROM (&#xD;
          SELECT TOP(2) [i].[Id], [i].[CancellationReason], [i].[CancelledAt], [i].[CancelledByUserId], [i].[ClosedAt], [i].[ClosedByUserId], [i].[CreatedAt], [i].[CreatedByUserId], [i].[DeadlineDate], [i].[Description], [i].[InquiryNumber], [i].[InquiryType], [i].[IssueDate], [i].[PurchaseFileId], [i].[SentAt], [i].[SentByUserId], [i].[Status], [i].[Title]&#xD;
          FROM [inquiry].[Inquiries] AS [i]&#xD;
          WHERE [i].[Id] = @__id_0&#xD;
      ) AS [i2]&#xD;
      LEFT JOIN [inquiry].[InquiryItems] AS [i0] ON [i2].[Id] = [i0].[InquiryId]&#xD;
      LEFT JOIN [inquiry].[InquirySuppliers] AS [i1] ON [i2].[Id] = [i1].[InquiryId]&#xD;
      LEFT JOIN (&#xD;
          SELECT [s].[Id], [s].[CommercialNote], [s].[Currency], [s].[DeliveryDate], [s].[DeliveryTerms], [s].[DiscountAmount], [s].[FinalAmount], [s].[InquiryId], [s].[InquirySupplierId], [s].[IsSelected], [s].[PaymentTerms], [s].[QuoteDate], [s].[QuoteNumber], [s].[ReceivedAt], [s].[ReceivedByUserId], [s].[SelectionReason], [s].[Status], [s].[SupplierId], [s].[TaxAmount], [s].[TechnicalNote], [s].[TotalAmount], [s].[ValidUntil], [s0].[Id] AS [Id0], [s0].[DeliveryDate] AS [DeliveryDate0], [s0].[GeneralDescription], [s0].[InquiryItemId], [s0].[MescCode], [s0].[MescGeneralGroupCode], [s0].[Quantity], [s0].[SpecificDescription], [s0].[SupplierQuoteId], [s0].[TechnicalComplianceStatus], [s0].[TechnicalNote] AS [TechnicalNote0], [s0].[TotalPrice], [s0].[UnitPrice]&#xD;
          FROM [inquiry].[SupplierQuotes] AS [s]&#xD;
          LEFT JOIN [inquiry].[SupplierQuoteItems] AS [s0] ON [s].[Id] = [s0].[SupplierQuoteId]&#xD;
      ) AS [s1] ON [i2].[Id] = [s1].[InquiryId]&#xD;
      ORDER BY [i2].[Id], [i0].[Id], [i1].[Id], [s1].[Id]&#xD;
info: Microsoft.EntityFrameworkCore.Database.Command[20101]&#xD;
      Executed DbCommand (3ms) [Parameters=[@p3='?' (DbType = Guid), @p0='?' (DbType = DateTime2), @p1='?' (DbType = Guid), @p2='?' (Size = 50), @p7='?' (DbType = Guid), @p4='?' (DbType = DateTime2), @p5='?' (DbType = Guid), @p6='?' (Size = 50)], CommandType='Text', CommandTimeout='30']&#xD;
      SET NOCOUNT ON;&#xD;
      UPDATE [inquiry].[Inquiries] SET [SentAt] = @p0, [SentByUserId] = @p1, [Status] = @p2&#xD;
      OUTPUT 1&#xD;
      WHERE [Id] = @p3;&#xD;
      UPDATE [inquiry].[InquirySuppliers] SET [InvitedAt] = @p4, [InvitedByUserId] = @p5, [Status] = @p6&#xD;
      OUTPUT 1&#xD;
      WHERE [Id] = @p7;&#xD;
info: Microsoft.EntityFrameworkCore.Database.Command[20101]&#xD;
      Executed DbCommand (0ms) [Parameters=[@__purchaseFileId_0='?' (DbType = Guid)], CommandType='Text', CommandTimeout='30']&#xD;
      SELECT CASE&#xD;
          WHEN EXISTS (&#xD;
              SELECT 1&#xD;
              FROM [purchase].[PurchaseFiles] AS [p]&#xD;
              WHERE [p].[Id] = @__purchaseFileId_0) THEN CAST(1 AS bit)&#xD;
          ELSE CAST(0 AS bit)&#xD;
      END&#xD;
info: Microsoft.EntityFrameworkCore.Database.Command[20101]&#xD;
      Executed DbCommand (0ms) [Parameters=[@__year_0='?' (DbType = Int32)], CommandType='Text', CommandTimeout='30']&#xD;
      SELECT TOP(2) [t].[Id], [t].[CreatedAtUtc], [t].[CreatedBy], [t].[LastSequence], [t].[ModifiedAtUtc], [t].[ModifiedBy], [t].[Year]&#xD;
      FROM [tender].[TenderSequences] AS [t]&#xD;
      WHERE [t].[Year] = @__year_0&#xD;
warn: Microsoft.EntityFrameworkCore.Database.Transaction[30004]&#xD;
      Savepoints are disabled because Multiple Active Result Sets (MARS) is enabled. If 'SaveChanges' fails, then the transaction cannot be automatically rolled back to a known clean state. Instead, the transaction should be rolled back by the application before retrying 'SaveChanges'. See https://go.microsoft.com/fwlink/?linkid=2149338 for more information and examples. To identify the code which triggers this warning, call 'ConfigureWarnings(w =&gt; w.Throw(SqlServerEventId.SavepointsDisabledBecauseOfMARS))'.&#xD;
info: Microsoft.EntityFrameworkCore.Database.Command[20101]&#xD;
      Executed DbCommand (3ms) [Parameters=[@p1='?' (DbType = Guid), @p0='?' (DbType = Int32)], CommandType='Text', CommandTimeout='30']&#xD;
      SET IMPLICIT_TRANSACTIONS OFF;&#xD;
      SET NOCOUNT ON;&#xD;
      UPDATE [tender].[TenderSequences] SET [LastSequence] = @p0&#xD;
      OUTPUT 1&#xD;
      WHERE [Id] = @p1;&#xD;
info: Microsoft.EntityFrameworkCore.Database.Command[20101]&#xD;
      Executed DbCommand (1ms) [Parameters=[@p0='?' (DbType = Guid), @p1='?' (Size = 1000), @p2='?' (DbType = DateTime2), @p3='?' (DbType = Guid), @p4='?' (DbType = DateTime2), @p5='?' (DbType = Guid), @p6='?' (DbType = DateTime2), @p7='?' (DbType = DateTime2), @p8='?' (Size = 4000), @p9='?' (DbType = Guid), @p10='?' (Size = 2000), @p11='?' (DbType = DateTime2), @p12='?' (DbType = DateTime2), @p13='?' (Size = 4000), @p14='?' (DbType = DateTime2), @p15='?' (DbType = DateTime2), @p16='?' (DbType = Guid), @p17='?' (DbType = Guid), @p18='?' (DbType = Guid), @p19='?' (Size = 50), @p20='?' (DbType = DateTime2), @p21='?' (Size = 50), @p22='?' (Size = 50), @p23='?' (Size = 300), @p24='?' (DbType = Guid), @p25='?' (DbType = DateTime2), @p26='?' (DbType = Guid), @p27='?' (DbType = DateTime2), @p28='?' (Size = 4000), @p29='?' (DbType = DateTime2), @p30='?' (Size = 4000), @p31='?' (Size = 2000), @p32='?' (Size = 50), @p33='?' (DbType = DateTime2), @p34='?' (DbType = Guid), @p35='?' (Size = 50), @p36='?' (DbType = Guid), @p37='?' (DbType = Guid), @p38='?' (DbType = DateTime2), @p39='?' (DbType = Guid), @p40='?' (DbType = DateTime2), @p41='?' (Size = 4000), @p42='?' (DbType = DateTime2), @p43='?' (Size = 4000), @p44='?' (Size = 2000), @p45='?' (Size = 50), @p46='?' (DbType = DateTime2), @p47='?' (DbType = Guid), @p48='?' (Size = 50), @p49='?' (DbType = Guid), @p50='?' (DbType = Guid), @p51='?' (DbType = DateTime2), @p52='?' (DbType = Guid), @p53='?' (DbType = DateTime2), @p54='?' (Size = 4000), @p55='?' (DbType = DateTime2), @p56='?' (Size = 4000), @p57='?' (Size = 2000), @p58='?' (Size = 50), @p59='?' (DbType = DateTime2), @p60='?' (DbType = Guid), @p61='?' (Size = 50), @p62='?' (DbType = Guid), @p63='?' (DbType = Guid), @p64='?' (DbType = DateTime2), @p65='?' (DbType = Guid), @p66='?' (DbType = DateTime2), @p67='?' (Size = 4000), @p68='?' (DbType = DateTime2), @p69='?' (Size = 4000), @p70='?' (Size = 2000), @p71='?' (Size = 50), @p72='?' (DbType = DateTime2), @p73='?' (DbType = Guid), @p74='?' (Size = 50), @p75='?' (DbType = Guid), @p76='?' (DbType = Guid), @p77='?' (DbType = DateTime2), @p78='?' (DbType = Guid), @p79='?' (DbType = DateTime2), @p80='?' (Size = 4000), @p81='?' (DbType = DateTime2), @p82='?' (Size = 4000), @p83='?' (Size = 2000), @p84='?' (Size = 50), @p85='?' (DbType = DateTime2), @p86='?' (DbType = Guid), @p87='?' (Size = 50), @p88='?' (DbType = Guid), @p89='?' (DbType = Guid), @p90='?' (DbType = DateTime2), @p91='?' (DbType = Guid), @p92='?' (DbType = DateTime2), @p93='?' (Size = 4000), @p94='?' (DbType = DateTime2), @p95='?' (Size = 4000), @p96='?' (Size = 2000), @p97='?' (Size = 50), @p98='?' (DbType = DateTime2), @p99='?' (DbType = Guid), @p100='?' (Size = 50), @p101='?' (DbType = Guid)], CommandType='Text', CommandTimeout='30']&#xD;
      SET NOCOUNT ON;&#xD;
      INSERT INTO [tender].[Tenders] ([Id], [CancellationReason], [CancelledAt], [CancelledByUserId], [ClosedAt], [ClosedByUserId], [CreatedAt], [CreatedAtUtc], [CreatedBy], [CreatedByUserId], [Description], [IssueDate], [ModifiedAtUtc], [ModifiedBy], [OpeningDate], [PublishedAt], [PublishedByUserId], [PurchaseFileId], [SourceInquiryId], [Status], [SubmissionDeadline], [TenderNumber], [TenderType], [Title])&#xD;
      VALUES (@p0, @p1, @p2, @p3, @p4, @p5, @p6, @p7, @p8, @p9, @p10, @p11, @p12, @p13, @p14, @p15, @p16, @p17, @p18, @p19, @p20, @p21, @p22, @p23);&#xD;
      INSERT INTO [tender].[TenderStages] ([Id], [CompletedAt], [CompletedByUserId], [CreatedAtUtc], [CreatedBy], [ModifiedAtUtc], [ModifiedBy], [Notes], [StageType], [StartedAt], [StartedByUserId], [Status], [TenderId])&#xD;
      VALUES (@p24, @p25, @p26, @p27, @p28, @p29, @p30, @p31, @p32, @p33, @p34, @p35, @p36),&#xD;
      (@p37, @p38, @p39, @p40, @p41, @p42, @p43, @p44, @p45, @p46, @p47, @p48, @p49),&#xD;
      (@p50, @p51, @p52, @p53, @p54, @p55, @p56, @p57, @p58, @p59, @p60, @p61, @p62),&#xD;
      (@p63, @p64, @p65, @p66, @p67, @p68, @p69, @p70, @p71, @p72, @p73, @p74, @p75),&#xD;
      (@p76, @p77, @p78, @p79, @p80, @p81, @p82, @p83, @p84, @p85, @p86, @p87, @p88),&#xD;
      (@p89, @p90, @p91, @p92, @p93, @p94, @p95, @p96, @p97, @p98, @p99, @p100, @p101);&#xD;
info: Microsoft.EntityFrameworkCore.Database.Command[20101]&#xD;
      Executed DbCommand (0ms) [Parameters=[@__id_0='?' (DbType = Guid)], CommandType='Text', CommandTimeout='30']&#xD;
      SELECT TOP(2) [t].[Id], [t].[CancellationReason], [t].[CancelledAt], [t].[CancelledByUserId], [t].[ClosedAt], [t].[ClosedByUserId], [t].[CreatedAt], [t].[CreatedAtUtc], [t].[CreatedBy], [t].[CreatedByUserId], [t].[Description], [t].[IssueDate], [t].[ModifiedAtUtc], [t].[ModifiedBy], [t].[OpeningDate], [t].[PublishedAt], [t].[PublishedByUserId], [t].[PurchaseFileId], [t].[SourceInquiryId], [t].[Status], [t].[SubmissionDeadline], [t].[TenderNumber], [t].[TenderType], [t].[Title]&#xD;
      FROM [tender].[Tenders] AS [t]&#xD;
      WHERE [t].[Id] = @__id_0&#xD;
info: Microsoft.EntityFrameworkCore.Database.Command[20101]&#xD;
      Executed DbCommand (0ms) [Parameters=[@__x_PurchaseFileId_0='?' (DbType = Guid)], CommandType='Text', CommandTimeout='30']&#xD;
      SELECT TOP(1) [p].[FileNumber]&#xD;
      FROM [purchase].[PurchaseFiles] AS [p]&#xD;
      WHERE [p].[Id] = @__x_PurchaseFileId_0&#xD;
info: Microsoft.EntityFrameworkCore.Database.Command[20101]&#xD;
      Executed DbCommand (0ms) [Parameters=[@__id_0='?' (DbType = Guid)], CommandType='Text', CommandTimeout='30']&#xD;
      SELECT [t].[Id], [t].[TenderId], [t].[PurchaseFileItemId], [t].[MescItemId], [t].[MescCode], [t].[MescGeneralGroupCode], [t].[GeneralDescription], [t].[SpecificDescription], [t].[UnitOfMeasureId], [t].[Quantity], [t].[TechnicalDescription]&#xD;
      FROM [tender].[TenderItems] AS [t]&#xD;
      WHERE [t].[TenderId] = @__id_0&#xD;
info: Microsoft.EntityFrameworkCore.Database.Command[20101]&#xD;
      Executed DbCommand (0ms) [Parameters=[@__id_0='?' (DbType = Guid)], CommandType='Text', CommandTimeout='30']&#xD;
      SELECT [t].[Id], [t].[TenderId], [t].[SupplierId], [t].[SupplierCode], [t].[SupplierName], [t].[ContactId], [t].[ContactName], [t].[ContactEmail], [t].[Status], [t].[InvitedAt], [t].[InvitedByUserId], [t].[SubmittedAt], [t].[DeclinedAt], [t].[DeclineReason]&#xD;
      FROM [tender].[TenderParticipants] AS [t]&#xD;
      WHERE [t].[TenderId] = @__id_0&#xD;
info: Microsoft.EntityFrameworkCore.Database.Command[20101]&#xD;
      Executed DbCommand (0ms) [Parameters=[@__id_0='?' (DbType = Guid)], CommandType='Text', CommandTimeout='30']&#xD;
      SELECT [t].[Id], [t].[TenderId], [t].[StageType], [t].[Status], [t].[StartedAt], [t].[StartedByUserId], [t].[CompletedAt], [t].[CompletedByUserId], [t].[Notes]&#xD;
      FROM [tender].[TenderStages] AS [t]&#xD;
      WHERE [t].[TenderId] = @__id_0&#xD;
info: Microsoft.EntityFrameworkCore.Database.Command[20101]&#xD;
      Executed DbCommand (0ms) [Parameters=[@__id_0='?' (DbType = Guid)], CommandType='Text', CommandTimeout='30']&#xD;
      SELECT [t].[Id], [t].[TenderId], [t].[TenderParticipantId], [t].[SupplierId], (&#xD;
          SELECT TOP(1) [t0].[SupplierName]&#xD;
          FROM [tender].[TenderParticipants] AS [t0]&#xD;
          WHERE [t0].[Id] = [t].[TenderParticipantId]), [t].[BidNumber], [t].[SubmittedAt], [t].[ReceivedAt], [t].[ReceivedByUserId], [t].[Status], [t].[TechnicalScore], [t].[CommercialScore], [t].[FinalScore], [t].[Currency], [t].[TotalAmount], [t].[FinalAmount], [t].[DeliveryTerms], [t].[PaymentTerms], [t].[ValidUntil], [t].[Notes], [t1].[Id], [t1].[TenderBidId], [t1].[TenderItemId], [t1].[MescCode], [t1].[MescGeneralGroupCode], [t1].[GeneralDescription], [t1].[SpecificDescription], [t1].[Quantity], [t1].[UnitPrice], [t1].[TotalPrice], [t1].[TechnicalComplianceStatus], [t1].[TechnicalNote]&#xD;
      FROM [tender].[TenderBids] AS [t]&#xD;
      LEFT JOIN [tender].[TenderBidItems] AS [t1] ON [t].[Id] = [t1].[TenderBidId]&#xD;
      WHERE [t].[TenderId] = @__id_0&#xD;
      ORDER BY [t].[Id]&#xD;
info: Microsoft.EntityFrameworkCore.Database.Command[20101]&#xD;
      Executed DbCommand (0ms) [Parameters=[@__id_0='?' (DbType = Guid)], CommandType='Text', CommandTimeout='30']&#xD;
      SELECT [t].[Id], [t].[TenderId], [t].[TenderBidId], [t].[EvaluationType], [t].[EvaluatorUserId], [t].[EvaluationDate], [t].[Score], [t].[Result], [t].[Notes]&#xD;
      FROM [tender].[TenderEvaluations] AS [t]&#xD;
      WHERE [t].[TenderId] = @__id_0&#xD;
info: Microsoft.EntityFrameworkCore.Database.Command[20101]&#xD;
      Executed DbCommand (0ms) [Parameters=[@__id_0='?' (DbType = Guid)], CommandType='Text', CommandTimeout='30']&#xD;
      SELECT [t].[Id], [t].[TenderId], [t].[DecisionType], [t].[DecisionDate], [t].[DecidedByUserId], [t].[SelectedTenderBidId], [t].[SelectedSupplierId], [t].[Reason], [t].[Notes]&#xD;
      FROM [tender].[TenderDecisions] AS [t]&#xD;
      WHERE [t].[TenderId] = @__id_0&#xD;
info: Microsoft.EntityFrameworkCore.Database.Command[20101]&#xD;
      Executed DbCommand (0ms) [Parameters=[@__id_0='?' (DbType = Guid)], CommandType='Text', CommandTimeout='30']&#xD;
      SELECT [t].[Id], [t].[TenderId], [t].[FileDocumentId], [t].[DocumentType], [t].[OriginalFileName], [t].[Description], [t].[UploadedAt], [t].[UploadedByUserId]&#xD;
      FROM [tender].[TenderDocuments] AS [t]&#xD;
      WHERE [t].[TenderId] = @__id_0&#xD;
info: Microsoft.EntityFrameworkCore.Database.Command[20101]&#xD;
      Executed DbCommand (1ms) [Parameters=[@__id_0='?' (DbType = Guid)], CommandType='Text', CommandTimeout='30']&#xD;
      SELECT TOP(2) [t].[Id], [t].[TenderNumber]&#xD;
      FROM [tender].[Tenders] AS [t]&#xD;
      WHERE [t].[Id] = @__id_0&#xD;
info: Microsoft.EntityFrameworkCore.Database.Command[20101]&#xD;
      Executed DbCommand (0ms) [Parameters=[@__id_0='?' (DbType = Guid)], CommandType='Text', CommandTimeout='30']&#xD;
      SELECT TOP(2) [t].[Id], [t].[CancellationReason], [t].[CancelledAt], [t].[CancelledByUserId], [t].[ClosedAt], [t].[ClosedByUserId], [t].[CreatedAt], [t].[CreatedAtUtc], [t].[CreatedBy], [t].[CreatedByUserId], [t].[Description], [t].[IssueDate], [t].[ModifiedAtUtc], [t].[ModifiedBy], [t].[OpeningDate], [t].[PublishedAt], [t].[PublishedByUserId], [t].[PurchaseFileId], [t].[SourceInquiryId], [t].[Status], [t].[SubmissionDeadline], [t].[TenderNumber], [t].[TenderType], [t].[Title]&#xD;
      FROM [tender].[Tenders] AS [t]&#xD;
      WHERE [t].[Id] = @__id_0&#xD;
info: Microsoft.EntityFrameworkCore.Database.Command[20101]&#xD;
      Executed DbCommand (1ms) [Parameters=[@__tender_PurchaseFileId_0='?' (DbType = Guid)], CommandType='Text', CommandTimeout='30']&#xD;
      SELECT TOP(2) [p].[Id], [p].[FileNumber], [p].[Title]&#xD;
      FROM [purchase].[PurchaseFiles] AS [p]&#xD;
      WHERE [p].[Id] = @__tender_PurchaseFileId_0&#xD;
info: Microsoft.EntityFrameworkCore.Database.Command[20101]&#xD;
      Executed DbCommand (2ms) [Parameters=[@__id_0='?' (DbType = Guid)], CommandType='Text', CommandTimeout='30']&#xD;
      SELECT [t].[SupplierCode], [t].[SupplierName], [t].[Status], [t].[InvitedAt]&#xD;
      FROM [tender].[TenderParticipants] AS [t]&#xD;
      WHERE [t].[TenderId] = @__id_0&#xD;
      ORDER BY [t].[SupplierName]&#xD;
info: Microsoft.EntityFrameworkCore.Database.Command[20101]&#xD;
      Executed DbCommand (2ms) [Parameters=[@__id_0='?' (DbType = Guid)], CommandType='Text', CommandTimeout='30']&#xD;
      SELECT [t].[Id], [t].[CreatedAtUtc], [t].[CreatedBy], [t].[GeneralDescription], [t].[MescCode], [t].[MescGeneralGroupCode], [t].[MescItemId], [t].[ModifiedAtUtc], [t].[ModifiedBy], [t].[PurchaseFileItemId], [t].[Quantity], [t].[SpecificDescription], [t].[TechnicalDescription], [t].[TenderId], [t].[UnitOfMeasureId]&#xD;
      FROM [tender].[TenderItems] AS [t]&#xD;
      WHERE [t].[TenderId] = @__id_0&#xD;
      ORDER BY [t].[MescCode]&#xD;
info: Microsoft.EntityFrameworkCore.Database.Command[20101]&#xD;
      Executed DbCommand (2ms) [Parameters=[@__id_0='?' (DbType = Guid)], CommandType='Text', CommandTimeout='30']&#xD;
      SELECT TOP(2) COALESCE([u].[UserName], [u].[Email], CONVERT(varchar(36), [u].[Id]))&#xD;
      FROM [identity].[Users] AS [u]&#xD;
      WHERE [u].[Id] = @__id_0&#xD;
info: Microsoft.EntityFrameworkCore.Database.Command[20101]&#xD;
      Executed DbCommand (2ms) [Parameters=[@p0='?' (DbType = Guid), @p1='?' (Size = 120), @p2='?' (DbType = Guid), @p3='?' (DbType = DateTime2), @p4='?' (Size = 120), @p5='?' (Size = 120), @p6='?' (Size = 1000)], CommandType='Text', CommandTimeout='30']&#xD;
      SET IMPLICIT_TRANSACTIONS OFF;&#xD;
      SET NOCOUNT ON;&#xD;
      INSERT INTO [identity].[AdminAuditLogs] ([Id], [Action], [ActorUserId], [CreatedAt], [EntityId], [EntityType], [Summary])&#xD;
      VALUES (@p0, @p1, @p2, @p3, @p4, @p5, @p6);&#xD;
info: Microsoft.EntityFrameworkCore.Database.Command[20101]&#xD;
      Executed DbCommand (0ms) [Parameters=[@__p_0='?' (DbType = Guid)], CommandType='Text', CommandTimeout='30']&#xD;
      SELECT TOP(1) [u].[Id], [u].[AccessFailedCount], [u].[ConcurrencyStamp], [u].[Email], [u].[EmailConfirmed], [u].[LockoutEnabled], [u].[LockoutEnd], [u].[NormalizedEmail], [u].[NormalizedUserName], [u].[PasswordHash], [u].[PhoneNumber], [u].[PhoneNumberConfirmed], [u].[SecurityStamp], [u].[TwoFactorEnabled], [u].[UserName], [u].[UserProfileId]&#xD;
      FROM [identity].[Users] AS [u]&#xD;
      WHERE [u].[Id] = @__p_0&#xD;
info: PetroProcure.IntegrationTests.TestAuthenticationHandler[13]&#xD;
      AuthenticationScheme: SecurityTests was forbidden.&#xD;
info: Microsoft.EntityFrameworkCore.Database.Command[20101]&#xD;
      Executed DbCommand (0ms) [Parameters=[@__p_0='?' (DbType = Guid)], CommandType='Text', CommandTimeout='30']&#xD;
      SELECT TOP(1) [u].[Id], [u].[AccessFailedCount], [u].[ConcurrencyStamp], [u].[Email], [u].[EmailConfirmed], [u].[LockoutEnabled], [u].[LockoutEnd], [u].[NormalizedEmail], [u].[NormalizedUserName], [u].[PasswordHash], [u].[PhoneNumber], [u].[PhoneNumberConfirmed], [u].[SecurityStamp], [u].[TwoFactorEnabled], [u].[UserName], [u].[UserProfileId]&#xD;
      FROM [identity].[Users] AS [u]&#xD;
      WHERE [u].[Id] = @__p_0&#xD;
info: PetroProcure.IntegrationTests.TestAuthenticationHandler[13]&#xD;
      AuthenticationScheme: SecurityTests was forbidden.&#xD;
[xUnit.net 00:00:19.79]   Finished:    PetroProcure.IntegrationTests&#xD;
</StdOut>
    </Output>
  </ResultSummary>
</TestRun>